TN:
SF:src/form/build-create-zod-schema.ts
FNF:0
FNH:0
DA:1,1
LF:1
LH:1
BRF:0
BRH:0
end_of_record
TN:
SF:src/form/schema/build-create-zod-schema.ts
FN:7,findRule
FN:11,isRequired
FN:15,buildCreateZodSchema
FNF:3
FNH:3
FNDA:88,findRule
FNDA:25,isRequired
FNDA:27,buildCreateZodSchema
DA:1,1
DA:7,88
DA:8,88
DA:9,88
DA:11,25
DA:12,25
DA:13,25
DA:15,1
DA:16,27
DA:18,27
DA:19,25
DA:20,25
DA:22,25
DA:23,25
DA:24,2
DA:25,2
DA:26,2
DA:27,2
DA:29,25
DA:30,1
DA:31,1
DA:33,25
DA:34,6
DA:35,6
DA:36,6
DA:37,1
DA:38,6
DA:39,1
DA:40,1
DA:41,6
DA:42,6
DA:43,1
DA:44,1
DA:45,6
DA:46,6
DA:47,6
DA:49,25
DA:50,4
DA:51,4
DA:52,4
DA:53,2
DA:54,2
DA:55,4
DA:56,4
DA:59,25
DA:60,12
DA:61,12
DA:62,12
DA:63,8
DA:64,8
DA:65,12
DA:66,12
DA:67,1
DA:68,1
DA:69,12
DA:70,12
DA:71,1
DA:72,1
DA:73,12
DA:74,12
DA:75,1
DA:76,1
DA:77,12
DA:78,12
DA:79,1
DA:80,1
DA:81,12
DA:82,12
DA:83,5
DA:84,5
DA:85,5
DA:86,4
DA:87,4
DA:88,4
DA:89,5
DA:90,5
DA:91,5
DA:92,5
DA:93,12
DA:94,12
DA:95,12
DA:96,25
DA:97,25
DA:99,27
DA:100,27
LF:85
LH:85
BRDA:7,0,0,88
BRDA:8,1,0,113
BRDA:11,2,0,25
BRDA:12,3,0,17
BRDA:15,4,0,27
BRDA:18,5,0,25
BRDA:23,6,0,2
BRDA:24,7,0,1
BRDA:29,8,0,1
BRDA:33,9,0,6
BRDA:36,10,0,2
BRDA:36,11,0,1
BRDA:38,12,0,5
BRDA:38,13,0,1
BRDA:38,14,0,1
BRDA:42,15,0,1
BRDA:42,16,0,1
BRDA:45,17,0,5
BRDA:45,18,0,1
BRDA:49,19,0,4
BRDA:50,20,0,1
BRDA:52,21,0,2
BRDA:53,22,0,2
BRDA:59,23,0,12
BRDA:62,24,0,8
BRDA:66,25,0,1
BRDA:66,26,0,1
BRDA:70,27,0,1
BRDA:70,28,0,1
BRDA:74,29,0,1
BRDA:74,30,0,1
BRDA:78,31,0,1
BRDA:82,32,0,5
BRDA:83,33,0,3
BRDA:84,34,0,3
BRDA:84,35,0,2
BRDA:92,36,0,7
BRDA:93,37,0,5
BRDA:93,38,0,2
BRDA:84,39,0,5
BRDA:85,40,0,1
BRDA:85,41,0,4
BRDA:89,42,0,3
BRF:43
BRH:43
end_of_record
TN:
SF:src/manifest/selectors.ts
FN:36,getManifestPages
FN:40,findPageByKey
FN:44,resolveLandingPath
FN:48,getManifestRoutes
FN:56,resolveNavigationItem
FN:83,getManifestNavigation
FN:90,findManifestEntity
FN:94,withBaseEntityFields
FN:98,resolveManifestEntityFromDefinition
FN:113,resolveManifestEntity
FN:118,resolveManifestEntities
FNF:11
FNH:11
FNDA:17,getManifestPages
FNDA:4,findPageByKey
FNDA:2,resolveLandingPath
FNDA:2,getManifestRoutes
FNDA:9,resolveNavigationItem
FNDA:9,getManifestNavigation
FNDA:5,findManifestEntity
FNDA:8,withBaseEntityFields
FNDA:8,resolveManifestEntityFromDefinition
FNDA:2,resolveManifestEntity
FNDA:3,resolveManifestEntities
DA:1,1
DA:9,1
DA:36,1
DA:37,17
DA:38,17
DA:40,1
DA:41,4
DA:42,4
DA:44,1
DA:45,2
DA:46,2
DA:48,1
DA:49,2
DA:50,2
DA:51,2
DA:52,2
DA:53,2
DA:54,2
DA:56,9
DA:57,9
DA:58,9
DA:59,9
DA:60,9
DA:61,9
DA:62,5
DA:63,5
DA:64,5
DA:65,5
DA:66,5
DA:67,5
DA:68,5
DA:69,5
DA:70,5
DA:71,5
DA:73,4
DA:74,4
DA:75,4
DA:76,4
DA:77,4
DA:78,9
DA:79,9
DA:80,9
DA:81,9
DA:83,1
DA:84,9
DA:85,9
DA:87,9
DA:88,9
DA:90,1
DA:91,5
DA:92,5
DA:94,8
DA:95,8
DA:96,8
DA:98,1
DA:99,8
DA:100,8
DA:101,8
DA:102,8
DA:103,8
DA:104,8
DA:105,8
DA:106,8
DA:107,8
DA:108,8
DA:109,8
DA:110,8
DA:111,8
DA:113,1
DA:114,2
DA:115,2
DA:116,2
DA:118,1
DA:119,3
DA:120,3
LF:75
LH:75
BRDA:36,0,0,17
BRDA:37,1,0,1
BRDA:40,2,0,4
BRDA:41,3,0,2
BRDA:44,4,0,2
BRDA:45,5,0,1
BRDA:45,6,0,1
BRDA:48,7,0,2
BRDA:49,8,0,2
BRDA:50,9,0,1
BRDA:50,10,0,1
BRDA:56,11,0,9
BRDA:61,12,0,5
BRDA:66,13,0,2
BRDA:66,14,0,1
BRDA:68,15,0,1
BRDA:71,16,0,4
BRDA:78,17,0,1
BRDA:79,18,0,1
BRDA:83,19,0,9
BRDA:85,20,0,8
BRDA:85,21,0,1
BRDA:84,22,0,5
BRDA:87,23,0,8
BRDA:87,24,0,1
BRDA:90,25,0,5
BRDA:91,26,0,1
BRDA:91,27,0,2
BRDA:94,28,0,8
BRDA:98,29,0,8
BRDA:103,30,0,2
BRDA:106,31,0,68
BRDA:106,32,0,8
BRDA:107,33,0,68
BRDA:107,34,0,1
BRDA:113,35,0,2
BRDA:115,36,0,1
BRDA:115,37,0,1
BRDA:118,38,0,3
BRDA:119,39,0,1
BRDA:119,40,0,2
BRF:41
BRH:41
end_of_record
TN:
SF:src/registry/cell-component-registry.ts
FN:16,createCellComponentRegistry
FN:20,register
FN:23,resolve
FNF:3
FNH:3
FNDA:3,createCellComponentRegistry
FNDA:3,register
FNDA:3,resolve
DA:16,1
DA:17,3
DA:19,3
DA:20,3
DA:21,3
DA:22,3
DA:23,3
DA:24,3
DA:25,3
DA:26,1
DA:27,1
DA:28,2
DA:29,3
DA:30,3
DA:31,3
LF:15
LH:15
BRDA:16,0,0,3
BRDA:20,1,0,3
BRDA:23,2,0,3
BRDA:25,3,0,1
BRDA:27,4,0,2
BRF:5
BRH:5
end_of_record
TN:
SF:src/validation/validation-hydrator.ts
FN:8,hydrateValidationIssues
FNF:1
FNH:1
FNDA:6,hydrateValidationIssues
DA:8,1
DA:9,6
DA:10,6
DA:12,6
DA:13,7
DA:14,5
DA:15,5
DA:16,5
DA:17,5
DA:18,7
DA:19,2
DA:20,2
DA:21,7
DA:23,6
DA:24,6
LF:15
LH:15
BRDA:8,0,0,6
BRDA:12,1,0,7
BRDA:13,2,0,6
BRDA:13,3,0,5
BRDA:15,4,0,1
BRDA:18,5,0,2
BRF:6
BRH:6
end_of_record
