TN:
SF:src/schema-catalog.ts
FNF:0
FNH:0
DA:12,1
DA:13,1
DA:14,1
DA:15,1
DA:16,1
DA:17,1
DA:18,1
DA:19,1
DA:20,1
DA:21,1
DA:22,1
DA:23,1
DA:24,1
DA:25,1
DA:26,1
DA:27,1
DA:28,1
DA:29,1
DA:30,1
DA:31,1
DA:32,1
DA:33,1
DA:34,1
DA:35,1
DA:36,1
DA:37,1
DA:38,1
DA:39,1
DA:40,1
DA:41,1
DA:42,1
DA:43,1
DA:44,1
DA:45,1
DA:46,1
DA:47,1
DA:48,1
DA:49,1
DA:50,1
DA:51,1
DA:52,1
DA:53,1
DA:54,1
DA:55,1
DA:56,1
DA:57,1
DA:58,1
DA:59,1
DA:60,1
DA:61,1
DA:62,1
DA:63,1
DA:64,1
DA:65,1
DA:66,1
DA:67,1
DA:68,1
DA:69,1
DA:70,1
DA:71,1
DA:72,1
DA:73,1
DA:74,1
DA:75,1
DA:76,1
DA:77,1
DA:78,1
DA:79,1
DA:80,1
DA:81,1
DA:82,1
DA:83,1
DA:84,1
DA:85,1
DA:86,1
DA:87,1
DA:88,1
DA:89,1
DA:90,1
DA:91,1
DA:92,1
DA:93,1
DA:94,1
DA:95,1
DA:96,1
DA:97,1
DA:98,1
DA:99,1
DA:100,1
DA:101,1
DA:102,1
DA:103,1
DA:104,1
DA:105,1
DA:106,1
DA:107,1
DA:108,1
DA:109,1
DA:110,1
DA:111,1
DA:112,1
DA:113,1
DA:114,1
DA:115,1
DA:116,1
DA:117,1
DA:118,1
DA:119,1
DA:120,1
DA:121,1
DA:122,1
DA:123,1
DA:124,1
DA:125,1
DA:126,1
DA:127,1
DA:128,1
DA:129,1
DA:130,1
DA:131,1
DA:132,1
DA:133,1
DA:134,1
DA:135,1
DA:136,1
DA:137,1
DA:138,1
DA:139,1
DA:140,1
DA:141,1
DA:142,1
DA:143,1
DA:144,1
DA:145,1
DA:146,1
DA:147,1
DA:148,1
DA:149,1
DA:150,1
DA:151,1
DA:152,1
DA:153,1
DA:154,1
DA:155,1
DA:156,1
DA:157,1
DA:158,1
DA:159,1
DA:160,1
DA:161,1
DA:162,1
DA:163,1
DA:164,1
DA:165,1
DA:166,1
DA:167,1
DA:168,1
DA:169,1
DA:170,1
DA:171,1
DA:172,1
DA:173,1
DA:174,1
DA:175,1
DA:176,1
DA:177,1
DA:178,1
DA:179,1
DA:180,1
DA:181,1
DA:182,1
DA:183,1
DA:184,1
DA:185,1
DA:186,1
DA:187,1
DA:188,1
DA:189,1
DA:190,1
DA:191,1
DA:192,1
DA:193,1
DA:194,1
DA:195,1
DA:196,1
DA:197,1
DA:198,1
DA:199,1
DA:200,1
DA:201,1
DA:202,1
DA:203,1
DA:204,1
DA:205,1
DA:206,1
DA:207,1
DA:208,1
DA:209,1
DA:210,1
DA:211,1
DA:212,1
DA:213,1
DA:214,1
DA:215,1
DA:216,1
DA:217,1
DA:218,1
DA:219,1
DA:220,1
DA:221,1
DA:222,1
DA:223,1
DA:224,1
DA:225,1
DA:226,1
DA:227,1
DA:228,1
DA:229,1
DA:230,1
DA:231,1
DA:232,1
DA:233,1
DA:234,1
DA:235,1
DA:236,1
DA:237,1
DA:238,1
DA:239,1
DA:240,1
DA:241,1
DA:242,1
DA:243,1
DA:244,1
DA:245,1
DA:246,1
DA:247,1
DA:248,1
DA:249,1
DA:250,1
DA:251,1
DA:252,1
DA:253,1
DA:254,1
DA:255,1
DA:256,1
DA:257,1
DA:258,1
DA:259,1
DA:260,1
DA:261,1
DA:262,1
DA:263,1
DA:264,1
DA:265,1
DA:267,1
DA:268,1
DA:269,1
DA:270,1
DA:271,1
DA:272,1
DA:273,1
DA:274,1
DA:275,1
DA:276,1
DA:277,1
DA:278,1
DA:279,1
DA:280,1
DA:281,1
DA:282,1
DA:283,1
DA:284,1
DA:285,1
DA:286,1
DA:287,1
DA:288,1
DA:289,1
DA:290,1
DA:291,1
DA:292,1
DA:293,1
DA:294,1
DA:295,1
DA:296,1
DA:297,1
DA:298,1
DA:299,1
LF:287
LH:287
BRF:0
BRH:0
end_of_record
TN:
SF:src/schema-module-graph.ts
FNF:0
FNH:0
DA:42,1
DA:43,1
DA:44,1
DA:45,1
DA:46,1
DA:47,1
DA:48,1
DA:49,1
DA:50,1
DA:51,1
DA:52,1
DA:53,1
DA:54,1
DA:55,1
DA:56,1
DA:57,1
DA:58,1
DA:59,1
DA:60,1
DA:61,1
DA:62,1
DA:63,1
DA:64,1
DA:65,1
DA:66,1
DA:67,1
DA:68,1
DA:69,1
DA:70,1
DA:71,1
DA:72,1
DA:73,1
DA:74,1
DA:75,1
DA:76,1
DA:77,1
DA:78,1
DA:79,1
DA:80,1
DA:81,1
DA:82,1
DA:83,1
DA:84,1
DA:85,1
DA:86,1
DA:87,1
DA:88,1
DA:89,1
DA:90,1
DA:91,1
DA:92,1
DA:93,1
DA:94,1
DA:95,1
DA:96,1
DA:97,1
DA:98,1
DA:99,1
DA:100,1
DA:101,1
DA:102,1
DA:103,1
DA:104,1
DA:105,1
DA:106,1
DA:107,1
DA:108,1
DA:109,1
DA:110,1
DA:111,1
DA:112,1
DA:113,1
DA:114,1
DA:115,1
DA:116,1
DA:117,1
DA:118,1
DA:119,1
DA:120,1
DA:121,1
DA:122,1
DA:123,1
DA:124,1
DA:125,1
DA:126,1
DA:127,1
DA:128,1
DA:129,1
DA:130,1
DA:131,1
DA:132,1
DA:133,1
DA:134,1
DA:135,1
DA:136,1
DA:137,1
DA:138,1
DA:139,1
DA:140,1
DA:141,1
DA:142,1
DA:143,1
DA:144,1
DA:145,1
DA:146,1
DA:147,1
DA:148,1
DA:149,1
DA:150,1
DA:151,1
DA:152,1
DA:153,1
DA:154,1
DA:155,1
DA:156,1
DA:157,1
DA:158,1
DA:159,1
DA:160,1
DA:161,1
DA:162,1
DA:163,1
DA:164,1
DA:165,1
DA:166,1
DA:167,1
DA:168,1
DA:169,1
DA:170,1
DA:171,1
DA:172,1
DA:173,1
DA:174,1
DA:175,1
DA:176,1
DA:177,1
DA:178,1
DA:179,1
DA:180,1
DA:181,1
DA:182,1
DA:183,1
DA:184,1
DA:185,1
DA:186,1
DA:187,1
DA:188,1
DA:189,1
DA:190,1
DA:191,1
DA:192,1
DA:193,1
DA:194,1
DA:195,1
DA:196,1
DA:197,1
DA:198,1
DA:199,1
DA:200,1
DA:201,1
DA:202,1
DA:203,1
DA:204,1
DA:205,1
DA:206,1
DA:207,1
DA:208,1
DA:209,1
DA:210,1
DA:211,1
DA:212,1
DA:213,1
DA:214,1
DA:215,1
DA:216,1
DA:217,1
DA:218,1
DA:219,1
DA:220,1
DA:221,1
DA:222,1
DA:223,1
DA:224,1
DA:225,1
DA:226,1
DA:227,1
DA:228,1
DA:229,1
DA:230,1
DA:231,1
DA:232,1
DA:233,1
DA:234,1
DA:235,1
DA:236,1
DA:237,1
DA:238,1
DA:239,1
DA:240,1
DA:241,1
DA:242,1
DA:243,1
DA:244,1
DA:245,1
DA:246,1
DA:247,1
DA:248,1
DA:249,1
DA:250,1
DA:251,1
DA:252,1
DA:253,1
DA:254,1
DA:255,1
DA:256,1
DA:257,1
DA:258,1
DA:259,1
DA:260,1
DA:261,1
DA:262,1
DA:263,1
DA:264,1
DA:265,1
DA:266,1
DA:267,1
DA:268,1
DA:269,1
DA:270,1
DA:271,1
DA:272,1
DA:273,1
DA:274,1
DA:275,1
DA:276,1
DA:277,1
DA:278,1
DA:279,1
DA:280,1
DA:281,1
DA:282,1
DA:283,1
DA:284,1
DA:285,1
DA:286,1
DA:287,1
DA:288,1
DA:289,1
DA:290,1
DA:291,1
DA:292,1
DA:293,1
DA:294,1
DA:295,1
DA:296,1
DA:297,1
DA:298,1
DA:299,1
DA:300,1
DA:301,1
DA:302,1
DA:303,1
DA:304,1
DA:305,1
DA:306,1
DA:307,1
DA:308,1
DA:309,1
DA:310,1
DA:311,1
DA:312,1
DA:313,1
DA:314,1
DA:315,1
DA:316,1
DA:317,1
DA:318,1
DA:319,1
DA:320,1
DA:321,1
DA:322,1
DA:323,1
DA:324,1
DA:325,1
DA:326,1
DA:327,1
DA:328,1
DA:329,1
DA:330,1
DA:331,1
DA:332,1
DA:333,1
DA:334,1
DA:335,1
DA:336,1
DA:337,1
DA:338,1
DA:339,1
DA:340,1
DA:341,1
DA:342,1
DA:343,1
DA:344,1
DA:345,1
DA:346,1
DA:347,1
DA:348,1
DA:349,1
DA:350,1
DA:351,1
DA:352,1
DA:353,1
DA:354,1
DA:355,1
DA:356,1
DA:357,1
DA:358,1
DA:359,1
DA:360,1
DA:361,1
DA:362,1
DA:363,1
DA:364,1
DA:365,1
DA:366,1
DA:367,1
DA:368,1
DA:369,1
DA:370,1
DA:371,1
DA:372,1
DA:373,1
DA:374,1
DA:375,1
DA:376,1
DA:377,1
DA:378,1
DA:379,1
DA:380,1
DA:381,1
DA:382,1
DA:383,1
DA:384,1
DA:385,1
DA:386,1
DA:387,1
DA:388,1
DA:389,1
DA:390,1
DA:391,1
DA:392,1
DA:393,1
DA:394,1
DA:395,1
DA:396,1
DA:397,1
DA:398,1
DA:399,1
DA:400,1
DA:401,1
DA:402,1
DA:403,1
DA:404,1
DA:405,1
DA:406,1
DA:407,1
DA:408,1
DA:409,1
DA:410,1
DA:411,1
DA:412,1
DA:413,1
DA:414,1
DA:415,1
DA:416,1
DA:417,1
DA:418,1
DA:419,1
DA:420,1
DA:421,1
DA:422,1
DA:423,1
DA:424,1
DA:425,1
DA:426,1
DA:427,1
DA:428,1
DA:429,1
DA:430,1
DA:431,1
DA:432,1
DA:433,1
DA:434,1
DA:435,1
DA:436,1
DA:437,1
DA:438,1
DA:439,1
DA:440,1
DA:441,1
DA:442,1
DA:443,1
DA:444,1
DA:445,1
DA:446,1
DA:447,1
DA:448,1
DA:449,1
DA:450,1
DA:451,1
DA:452,1
DA:453,1
DA:454,1
DA:455,1
DA:456,1
DA:457,1
DA:458,1
DA:459,1
DA:460,1
DA:461,1
DA:462,1
DA:463,1
DA:464,1
DA:465,1
DA:466,1
DA:467,1
DA:468,1
DA:469,1
DA:470,1
DA:471,1
DA:472,1
DA:473,1
DA:474,1
DA:475,1
LF:434
LH:434
BRF:0
BRH:0
end_of_record
TN:
SF:src/api/entity-list-query.contract.ts
FNF:0
FNH:0
DA:1,1
DA:3,1
DA:5,1
DA:6,1
DA:7,1
DA:8,1
DA:9,1
DA:10,1
DA:11,1
DA:12,1
DA:13,1
DA:14,1
DA:15,1
DA:16,1
DA:17,1
DA:18,1
DA:19,1
DA:21,1
DA:22,1
DA:23,1
DA:24,1
DA:25,1
DA:27,1
DA:28,4
DA:29,4
DA:30,4
DA:31,4
DA:32,1
DA:34,1
DA:35,1
DA:36,1
DA:37,1
DA:38,1
DA:39,1
DA:40,1
DA:41,1
LF:36
LH:36
BRDA:27,0,0,4
BRDA:40,1,0,2
BRDA:40,2,0,1
BRDA:40,3,0,1
BRF:4
BRH:4
end_of_record
TN:
SF:src/api/entity-response.contract.ts
FN:10,entityListResponseSchema
FN:21,entityItemResponseSchema
FNF:2
FNH:2
FNDA:2,entityListResponseSchema
FNDA:1,entityItemResponseSchema
DA:1,1
DA:3,1
DA:4,1
DA:5,1
DA:6,1
DA:7,1
DA:10,1
DA:11,2
DA:12,2
DA:13,2
DA:14,2
DA:15,2
DA:16,2
DA:17,2
DA:18,2
DA:21,1
DA:22,1
DA:23,1
DA:24,1
DA:25,1
DA:27,1
DA:28,1
DA:29,1
DA:30,1
LF:24
LH:24
BRDA:10,0,0,2
BRDA:21,1,0,1
BRF:2
BRH:2
end_of_record
TN:
SF:src/api/entity-routes.contract.ts
FNF:0
FNH:0
DA:1,1
DA:3,1
DA:4,1
DA:5,1
DA:6,1
DA:7,1
DA:8,1
DA:12,1
LF:8
LH:8
BRF:0
BRH:0
end_of_record
TN:
SF:src/api/routes.ts
FN:10,entityBaseUrl
FN:22,entityItemUrl
FNF:2
FNH:2
FNDA:4,entityBaseUrl
FNDA:2,entityItemUrl
DA:10,1
DA:11,4
DA:12,4
DA:13,4
DA:22,1
DA:23,2
DA:24,2
LF:7
LH:7
BRDA:10,0,0,4
BRDA:22,1,0,2
BRF:2
BRH:2
end_of_record
TN:
SF:src/contract/data/DataContextSchema.ts
FNF:0
FNH:0
DA:1,1
DA:3,1
DA:4,1
DA:5,1
DA:6,1
DA:7,1
DA:8,1
LF:7
LH:7
BRF:0
BRH:0
end_of_record
TN:
SF:src/contract/data/DataProviderSchema.ts
FNF:0
FNH:0
DA:1,1
DA:3,1
DA:4,1
DA:5,1
DA:6,1
DA:7,1
DA:8,1
DA:9,1
DA:10,1
DA:11,1
DA:12,1
DA:13,1
DA:14,1
DA:15,1
DA:16,1
DA:17,1
DA:18,1
DA:19,1
DA:20,1
DA:21,1
DA:22,1
DA:23,1
LF:22
LH:22
BRF:0
BRH:0
end_of_record
TN:
SF:src/contract/entity/CrossEntityValidatorRefSchema.ts
FNF:0
FNH:0
DA:1,1
DA:2,1
DA:4,1
DA:5,1
DA:6,1
DA:7,1
DA:8,1
DA:9,1
DA:10,1
DA:11,1
DA:12,1
DA:13,1
DA:14,1
DA:15,1
LF:14
LH:14
BRF:0
BRH:0
end_of_record
TN:
SF:src/contract/entity/EntityDefinitionSchema.ts
FNF:0
FNH:0
DA:1,1
DA:2,1
DA:3,1
DA:4,1
DA:5,1
DA:6,1
DA:7,1
DA:8,1
DA:9,1
DA:10,1
DA:11,1
DA:19,1
DA:20,1
DA:21,1
DA:22,1
DA:23,1
DA:24,1
DA:25,1
DA:26,1
DA:27,1
DA:28,1
DA:29,1
DA:30,1
DA:31,1
DA:32,1
DA:33,1
DA:34,1
DA:35,1
DA:36,1
DA:37,1
DA:38,1
DA:39,1
DA:40,1
DA:41,1
LF:34
LH:34
BRF:0
BRH:0
end_of_record
TN:
SF:src/contract/entity/EntityRuleDefinitionSchema.ts
FNF:0
FNH:0
DA:1,1
DA:2,1
DA:4,1
DA:5,1
DA:6,1
DA:7,1
DA:8,1
DA:9,1
DA:10,1
DA:11,1
DA:12,1
DA:13,1
DA:14,1
LF:13
LH:13
BRF:0
BRH:0
end_of_record
TN:
SF:src/contract/entity/EntityValidationSchema.ts
FNF:0
FNH:0
DA:1,1
DA:2,1
DA:3,1
DA:9,1
DA:10,1
DA:11,1
DA:12,1
DA:13,1
DA:14,1
DA:15,1
DA:16,1
DA:17,1
DA:18,1
LF:13
LH:13
BRDA:16,0,0,3
BRDA:16,1,0,2
BRF:2
BRH:2
end_of_record
TN:
SF:src/contract/entity/display/DisplayDefinitionSchema.ts
FNF:0
FNH:0
DA:1,1
DA:3,1
DA:4,1
DA:5,1
DA:6,1
DA:7,1
DA:8,1
DA:9,1
DA:10,1
DA:11,1
DA:12,1
DA:13,1
DA:14,1
DA:15,1
DA:16,1
DA:17,1
DA:18,1
DA:19,1
DA:20,1
DA:21,1
DA:22,1
DA:23,1
DA:24,1
DA:25,1
DA:27,1
DA:29,1
DA:30,1
DA:31,1
DA:34,1
DA:35,1
DA:36,1
DA:37,1
DA:40,1
DA:41,1
DA:44,1
DA:45,1
DA:46,1
DA:49,1
DA:50,1
DA:53,1
DA:54,1
DA:57,1
DA:58,1
DA:59,1
DA:61,18
DA:62,1
DA:63,1
DA:64,1
DA:65,1
DA:66,1
DA:67,1
DA:70,18
DA:71,1
DA:72,1
DA:73,1
DA:74,1
DA:75,1
DA:76,1
DA:79,18
DA:80,1
DA:81,1
DA:82,1
DA:83,1
DA:84,1
DA:85,1
DA:87,18
DA:88,1
DA:89,1
DA:90,1
DA:91,1
DA:92,1
DA:93,1
DA:95,18
DA:96,1
DA:97,1
DA:98,1
DA:99,1
DA:100,1
DA:101,1
DA:104,18
DA:105,1
DA:106,1
DA:107,1
DA:108,1
DA:109,1
DA:110,1
DA:112,18
DA:113,1
DA:114,1
DA:115,1
DA:116,1
DA:117,1
DA:118,1
DA:121,18
DA:122,1
DA:123,1
DA:124,1
DA:125,1
DA:126,1
DA:127,1
DA:129,18
DA:130,1
DA:131,1
DA:132,1
DA:133,1
DA:134,1
DA:135,1
DA:138,18
DA:139,1
DA:140,1
DA:141,1
DA:142,1
DA:143,1
DA:144,1
DA:146,18
DA:147,1
DA:148,1
DA:149,1
DA:150,1
DA:151,1
DA:152,1
DA:153,18
LF:122
LH:122
BRDA:59,0,0,18
BRDA:61,1,0,2
BRDA:61,2,0,1
BRDA:70,3,0,2
BRDA:70,4,0,1
BRDA:79,5,0,2
BRDA:79,6,0,1
BRDA:87,7,0,2
BRDA:87,8,0,1
BRDA:95,9,0,2
BRDA:95,10,0,1
BRDA:104,11,0,2
BRDA:104,12,0,1
BRDA:112,13,0,2
BRDA:112,14,0,1
BRDA:121,15,0,2
BRDA:121,16,0,1
BRDA:129,17,0,2
BRDA:129,18,0,1
BRDA:138,19,0,2
BRDA:138,20,0,1
BRDA:146,21,0,16
BRDA:146,22,0,1
BRF:23
BRH:23
end_of_record
TN:
SF:src/contract/entity/event/EventDefinitionSchema.ts
FNF:0
FNH:0
DA:1,1
DA:7,1
DA:8,1
DA:9,1
DA:10,1
DA:11,1
DA:12,1
DA:14,1
DA:15,1
DA:16,1
DA:17,1
DA:18,1
DA:19,1
DA:20,1
DA:21,1
DA:22,1
DA:23,1
LF:17
LH:17
BRF:0
BRH:0
end_of_record
TN:
SF:src/contract/entity/field/ComputedFieldDefinitionSchema.ts
FNF:0
FNH:0
DA:1,1
DA:2,1
DA:4,1
DA:6,1
DA:8,1
DA:9,1
DA:10,1
DA:11,1
DA:12,1
DA:13,1
DA:14,1
DA:15,1
DA:16,1
DA:17,1
DA:19,1
DA:20,1
DA:21,1
DA:22,1
DA:24,1
DA:25,1
DA:26,1
DA:27,1
DA:28,1
DA:29,1
DA:31,1
DA:32,1
DA:33,1
DA:34,1
DA:35,1
DA:36,1
DA:37,1
DA:39,1
DA:40,1
DA:41,1
DA:42,1
DA:43,1
DA:44,1
DA:45,1
DA:46,7
DA:49,7
DA:50,1
DA:51,1
DA:52,1
DA:53,1
DA:54,1
DA:55,1
DA:58,7
DA:59,1
DA:60,1
DA:61,1
DA:62,1
DA:63,1
DA:64,1
DA:66,7
DA:67,1
DA:68,1
DA:69,1
DA:70,1
DA:71,1
DA:72,1
DA:74,7
DA:75,2
DA:77,2
DA:78,1
DA:79,1
DA:80,1
DA:81,1
DA:82,1
DA:83,1
DA:84,2
DA:85,7
LF:71
LH:71
BRDA:16,0,0,7
BRDA:16,1,0,2
BRDA:45,2,0,7
BRDA:46,3,0,2
BRDA:46,4,0,5
BRDA:49,5,0,4
BRDA:49,6,0,1
BRDA:55,7,0,5
BRDA:58,8,0,1
BRDA:58,9,0,1
BRDA:64,10,0,5
BRDA:66,11,0,2
BRDA:66,12,0,1
BRDA:72,13,0,5
BRDA:74,14,0,2
BRDA:77,15,0,1
BRF:16
BRH:16
end_of_record
TN:
SF:src/contract/entity/field/FieldDefinitionSchema.ts
FNF:0
FNH:0
DA:1,1
DA:2,1
DA:3,1
DA:4,1
DA:11,1
DA:13,1
DA:14,1
DA:15,1
DA:16,1
DA:17,1
DA:38,1
DA:39,7
DA:40,7
DA:41,7
DA:42,7
DA:43,7
DA:44,7
DA:45,7
DA:46,7
DA:47,7
DA:48,7
DA:49,7
DA:50,7
DA:51,7
DA:52,7
DA:53,7
DA:54,7
DA:55,7
DA:56,7
DA:57,7
DA:58,7
DA:59,7
DA:60,7
DA:61,7
DA:62,7
DA:63,7
DA:64,7
DA:65,7
DA:66,7
DA:67,7
DA:68,7
DA:69,1
LF:42
LH:42
BRDA:38,0,0,7
BRF:1
BRH:1
end_of_record
TN:
SF:src/contract/entity/field/FieldRuleDefinitionSchema.ts
FNF:0
FNH:0
DA:1,1
DA:2,1
DA:3,1
DA:5,1
DA:6,1
DA:7,1
DA:8,1
DA:9,1
DA:10,1
DA:11,1
DA:12,1
DA:13,1
DA:14,1
DA:15,1
LF:14
LH:14
BRF:0
BRH:0
end_of_record
TN:
SF:src/contract/entity/field/FieldRuleTypeSchema.ts
FNF:0
FNH:0
DA:1,1
DA:3,1
DA:4,1
DA:5,1
DA:6,1
DA:7,1
DA:8,1
DA:9,1
DA:10,1
DA:11,1
DA:12,1
DA:13,1
DA:14,1
LF:13
LH:13
BRF:0
BRH:0
end_of_record
TN:
SF:src/contract/entity/field/FieldValidationSchema.ts
FNF:0
FNH:0
DA:1,1
DA:2,1
DA:4,1
DA:5,1
DA:6,1
LF:5
LH:5
BRF:0
BRH:0
end_of_record
TN:
SF:src/contract/entity/history/EntityHistorySchema.ts
FNF:0
FNH:0
DA:1,1
DA:3,1
DA:5,1
DA:6,1
DA:7,1
DA:8,1
DA:9,1
DA:10,1
DA:11,1
DA:12,1
DA:13,1
DA:15,1
DA:16,1
DA:17,1
DA:18,1
DA:19,1
DA:20,1
DA:21,1
DA:22,1
DA:23,1
DA:25,1
DA:27,1
DA:28,1
DA:29,1
DA:30,1
DA:31,1
DA:32,1
DA:33,1
DA:34,1
DA:35,1
DA:36,1
DA:37,1
DA:38,1
DA:39,1
LF:34
LH:34
BRF:0
BRH:0
end_of_record
TN:
SF:src/contract/entity/lifecycle/LifecycleDefinitionSchema.ts
FNF:0
FNH:0
DA:5,1
DA:6,1
DA:8,1
DA:9,1
DA:10,1
DA:11,1
DA:12,1
DA:13,1
DA:14,1
DA:15,1
DA:16,1
DA:18,2
DA:19,1
DA:20,1
DA:21,1
DA:22,1
DA:23,1
DA:24,1
DA:27,2
DA:28,1
DA:29,1
DA:30,1
DA:31,1
DA:32,1
DA:33,1
DA:36,2
DA:37,2
DA:38,1
DA:39,1
DA:40,1
DA:41,1
DA:42,1
DA:43,1
DA:46,2
DA:47,4
DA:48,1
DA:49,1
DA:50,1
DA:51,1
DA:52,1
DA:53,1
DA:55,4
DA:56,1
DA:57,1
DA:58,1
DA:59,1
DA:60,1
DA:61,1
DA:62,2
DA:65,2
DA:66,2
DA:67,4
DA:68,4
DA:69,1
DA:70,1
DA:71,1
DA:72,1
DA:73,1
DA:74,1
DA:75,4
DA:76,2
DA:77,2
LF:62
LH:62
BRDA:16,0,0,2
BRDA:18,1,0,1
BRDA:27,2,0,1
BRDA:37,3,0,1
BRDA:36,4,0,4
BRDA:46,5,0,4
BRDA:47,6,0,1
BRDA:55,7,0,1
BRDA:66,8,0,4
BRDA:68,9,0,1
BRF:10
BRH:10
end_of_record
TN:
SF:src/contract/entity/policy/ActionPolicySchema.ts
FNF:0
FNH:0
DA:1,1
DA:2,1
DA:8,1
DA:9,1
DA:10,1
DA:11,1
DA:12,1
DA:13,1
LF:8
LH:8
BRF:0
BRH:0
end_of_record
TN:
SF:src/contract/entity/policy/EntityPoliciesDefinitionSchema.ts
FNF:0
FNH:0
DA:1,1
DA:2,1
DA:8,1
DA:9,1
DA:10,1
DA:11,1
DA:12,1
DA:13,1
DA:14,1
DA:15,1
LF:10
LH:10
BRF:0
BRH:0
end_of_record
TN:
SF:src/contract/entity/policy/FieldPoliciesDefinitionSchema.ts
FNF:0
FNH:0
DA:1,1
DA:2,1
DA:4,1
DA:5,1
DA:6,1
DA:7,1
DA:8,1
DA:9,1
DA:10,1
DA:11,1
DA:12,1
DA:13,1
DA:21,1
LF:13
LH:13
BRDA:11,0,0,2
BRDA:11,1,0,1
BRF:2
BRH:2
end_of_record
TN:
SF:src/contract/entity/policy/PolicyScopeSchema.ts
FNF:0
FNH:0
DA:1,1
DA:3,1
LF:2
LH:2
BRF:0
BRH:0
end_of_record
TN:
SF:src/contract/entity/relation/RelationDefinitionSchema.ts
FNF:0
FNH:0
DA:1,1
DA:2,1
DA:4,1
DA:5,1
DA:6,1
DA:7,1
DA:9,1
DA:10,1
DA:11,1
DA:12,1
DA:13,1
DA:19,1
DA:24,1
DA:26,1
DA:27,1
DA:29,1
DA:30,1
DA:31,1
DA:32,1
DA:33,1
DA:35,1
DA:36,1
DA:37,1
DA:38,1
DA:39,1
DA:40,1
DA:41,1
DA:43,1
DA:44,1
DA:45,1
DA:46,1
DA:48,1
DA:49,1
DA:50,1
DA:51,1
DA:52,1
DA:53,1
DA:54,1
LF:38
LH:38
BRF:0
BRH:0
end_of_record
TN:
SF:src/contract/manifest/CellManifestV1Schema.ts
FNF:0
FNH:0
DA:1,1
DA:2,1
DA:3,1
DA:5,1
DA:6,1
DA:7,1
DA:8,1
DA:9,1
DA:10,1
DA:11,1
DA:12,1
LF:11
LH:11
BRF:0
BRH:0
end_of_record
TN:
SF:src/contract/manifest/CellMetadataSchema.ts
FNF:0
FNH:0
DA:1,1
DA:3,1
DA:4,1
DA:5,1
DA:6,1
DA:7,1
DA:8,1
DA:9,1
DA:10,1
LF:9
LH:9
BRF:0
BRH:0
end_of_record
TN:
SF:src/contract/manifest/CellSpecSchema.ts
FNF:0
FNH:0
DA:1,1
DA:2,1
DA:3,1
DA:4,1
DA:5,1
DA:6,1
DA:7,1
DA:9,1
DA:10,1
DA:11,1
DA:12,1
DA:13,1
DA:14,1
DA:15,1
DA:16,1
DA:17,1
DA:18,1
DA:19,1
DA:20,9
DA:21,8
DA:22,8
DA:23,1
DA:24,1
DA:25,1
DA:26,1
DA:27,1
DA:28,1
DA:29,8
DA:31,9
DA:32,8
DA:33,8
DA:34,1
DA:35,1
DA:36,1
DA:37,1
DA:38,1
DA:39,1
DA:40,8
DA:42,9
DA:43,5
DA:44,5
DA:45,1
DA:46,1
DA:47,1
DA:48,1
DA:49,1
DA:50,1
DA:51,5
DA:53,9
DA:54,1
DA:55,1
DA:56,1
DA:57,1
DA:58,1
DA:59,1
DA:60,9
LF:56
LH:56
BRDA:19,0,0,9
BRDA:20,1,0,8
BRDA:22,2,0,1
BRDA:31,3,0,8
BRDA:33,4,0,1
BRDA:42,5,0,5
BRDA:44,6,0,1
BRDA:53,7,0,1
BRDA:53,8,0,1
BRDA:53,9,0,1
BRDA:21,10,0,6
BRDA:32,11,0,9
BRDA:43,12,0,6
BRF:13
BRH:13
end_of_record
TN:
SF:src/contract/manifest/PresentationLayerSchema.ts
FNF:0
FNH:0
DA:1,1
DA:2,1
DA:3,1
DA:4,1
DA:5,1
DA:7,1
DA:8,1
DA:9,1
DA:10,1
DA:11,1
DA:12,1
LF:11
LH:11
BRF:0
BRH:0
end_of_record
TN:
SF:src/contract/manifest/capability/CapabilityDefinitionSchema.ts
FNF:0
FNH:0
DA:1,1
DA:2,1
DA:4,1
DA:6,1
DA:7,1
DA:8,1
DA:9,1
DA:10,1
DA:11,1
DA:12,1
DA:13,1
DA:14,1
DA:16,1
DA:17,1
DA:18,1
DA:19,1
DA:20,1
DA:22,1
DA:23,1
DA:24,1
DA:25,1
DA:27,1
DA:28,1
DA:29,1
DA:30,1
DA:32,1
DA:33,1
DA:34,1
DA:35,1
DA:37,1
DA:38,1
DA:39,1
DA:40,1
DA:41,1
DA:42,1
LF:35
LH:35
BRF:0
BRH:0
end_of_record
TN:
SF:src/contract/manifest/capability/CapabilityInputDefinitionSchema.ts
FNF:0
FNH:0
DA:1,1
DA:4,1
DA:5,1
DA:6,1
DA:7,1
DA:8,1
DA:10,1
DA:11,1
DA:12,1
DA:13,1
DA:15,1
DA:16,1
DA:17,1
DA:18,1
DA:20,1
DA:21,1
DA:22,1
DA:23,1
DA:25,1
DA:26,1
DA:27,1
DA:28,1
DA:30,1
DA:31,1
DA:32,1
DA:33,1
DA:35,1
DA:36,1
DA:37,1
DA:38,1
DA:39,1
DA:40,1
DA:41,1
DA:42,1
DA:44,1
DA:45,1
DA:46,1
DA:47,1
DA:48,1
DA:50,1
DA:51,1
DA:52,1
DA:53,1
DA:54,1
DA:55,1
DA:56,1
DA:57,1
DA:58,1
DA:59,1
DA:60,1
DA:61,2
DA:62,1
DA:63,1
DA:64,1
DA:65,1
DA:66,1
DA:67,1
DA:68,1
DA:69,1
DA:70,2
LF:60
LH:60
BRDA:40,0,0,1
BRDA:60,1,0,2
BRDA:61,2,0,1
BRF:3
BRH:3
end_of_record
TN:
SF:src/contract/manifest/capability/CapabilityInputTypeSchema.ts
FNF:0
FNH:0
DA:1,1
DA:3,1
LF:2
LH:2
BRF:0
BRH:0
end_of_record
TN:
SF:src/contract/manifest/domain-event/DomainEventActorSchema.ts
FNF:0
FNH:0
DA:1,1
DA:2,1
DA:4,1
DA:5,1
DA:6,1
DA:7,1
LF:6
LH:6
BRF:0
BRH:0
end_of_record
TN:
SF:src/contract/manifest/domain-event/DomainEventActorTypeSchema.ts
FNF:0
FNH:0
DA:1,1
DA:3,1
LF:2
LH:2
BRF:0
BRH:0
end_of_record
TN:
SF:src/contract/manifest/domain-event/DomainEventEntityRefSchema.ts
FNF:0
FNH:0
DA:1,1
DA:3,1
DA:4,1
DA:5,1
DA:6,1
LF:5
LH:5
BRF:0
BRH:0
end_of_record
TN:
SF:src/contract/manifest/domain-event/DomainEventEnvelopeSchema.ts
FNF:0
FNH:0
DA:1,1
DA:2,1
DA:3,1
DA:5,1
DA:6,1
DA:7,1
DA:8,1
DA:9,1
DA:10,1
DA:11,1
DA:12,1
DA:13,1
DA:14,1
DA:15,1
DA:16,1
DA:17,1
DA:18,1
LF:17
LH:17
BRF:0
BRH:0
end_of_record
TN:
SF:src/contract/manifest/lifecycle/LifecycleTransitionDefinitionSchema.ts
FNF:0
FNH:0
DA:1,1
DA:3,1
DA:4,1
DA:5,1
DA:6,1
DA:7,1
DA:8,1
DA:9,1
DA:10,1
DA:11,1
DA:12,1
DA:13,1
DA:14,1
DA:15,6
DA:16,1
DA:17,1
DA:18,1
DA:19,1
DA:20,1
DA:21,1
DA:23,6
DA:24,1
DA:25,1
DA:26,1
DA:27,1
DA:28,1
DA:29,1
DA:30,6
LF:28
LH:28
BRDA:14,0,0,6
BRDA:15,1,0,2
BRDA:15,2,0,1
BRDA:23,3,0,2
BRDA:23,4,0,1
BRF:5
BRH:5
end_of_record
TN:
SF:src/contract/manifest/navigation/NavigationDefinitionSchema.ts
FN:4,collectNavigationKeys
FN:24,collectPageKeys
FNF:2
FNH:2
FNDA:4,collectNavigationKeys
FNDA:4,collectPageKeys
DA:1,1
DA:2,1
DA:4,4
DA:5,4
DA:6,4
DA:7,4
DA:8,4
DA:9,4
DA:10,6
DA:12,6
DA:13,6
DA:14,6
DA:16,6
DA:17,1
DA:18,1
DA:19,6
DA:21,4
DA:22,4
DA:24,4
DA:25,4
DA:26,4
DA:27,4
DA:28,4
DA:29,4
DA:30,6
DA:32,6
DA:33,5
DA:34,5
DA:35,5
DA:36,5
DA:38,6
DA:39,1
DA:40,1
DA:41,6
DA:43,4
DA:44,4
DA:46,1
DA:47,1
DA:48,1
DA:49,1
DA:50,1
DA:51,1
DA:53,3
DA:54,3
DA:55,5
DA:56,1
DA:57,1
DA:58,1
DA:59,1
DA:60,1
DA:61,1
DA:62,5
DA:66,3
DA:67,3
DA:68,4
DA:69,1
DA:70,1
DA:71,1
DA:72,1
DA:73,1
DA:74,1
DA:75,4
DA:76,3
LF:63
LH:63
BRDA:4,0,0,4
BRDA:9,1,0,6
BRDA:12,2,0,5
BRDA:16,3,0,1
BRDA:24,4,0,4
BRDA:29,5,0,6
BRDA:32,6,0,5
BRDA:33,7,0,4
BRDA:38,8,0,1
BRDA:51,9,0,3
BRDA:54,10,0,5
BRDA:55,11,0,1
BRDA:67,12,0,4
BRDA:68,13,0,1
BRF:14
BRH:14
end_of_record
TN:
SF:src/contract/manifest/navigation/NavigationItemSchema.ts
FNF:0
FNH:0
DA:1,1
DA:21,1
DA:22,8
DA:23,8
DA:24,8
DA:25,8
DA:26,8
DA:27,8
DA:28,8
DA:29,8
DA:30,8
DA:31,8
DA:32,8
DA:33,8
DA:34,8
DA:35,8
DA:36,8
DA:37,8
DA:38,8
DA:39,8
DA:40,1
LF:21
LH:21
BRDA:21,0,0,8
BRF:1
BRH:1
end_of_record
TN:
SF:src/contract/manifest/page/PageDefinitionSchema.ts
FNF:0
FNH:0
DA:1,1
DA:2,1
DA:3,1
DA:4,1
DA:6,1
DA:7,1
DA:8,1
DA:9,1
DA:10,1
DA:11,1
DA:12,1
DA:13,1
DA:14,1
DA:15,1
DA:16,1
DA:18,1
DA:19,1
DA:20,1
DA:21,1
DA:22,1
DA:23,1
DA:25,1
DA:26,1
DA:27,1
DA:28,1
DA:29,1
DA:30,1
DA:31,1
DA:32,1
DA:33,1
DA:34,1
DA:35,1
DA:36,1
DA:37,1
DA:38,1
DA:39,14
DA:40,1
DA:41,1
DA:42,1
DA:43,1
DA:44,1
DA:45,1
DA:47,14
DA:48,1
DA:49,1
DA:50,1
DA:51,1
DA:52,1
DA:53,1
DA:55,14
DA:56,1
DA:57,1
DA:58,1
DA:59,1
DA:60,1
DA:61,1
DA:62,14
LF:57
LH:57
BRDA:14,0,0,1
BRDA:38,1,0,14
BRDA:39,2,0,1
BRDA:47,3,0,1
BRDA:47,4,0,1
BRDA:55,5,0,13
BRDA:55,6,0,1
BRF:7
BRH:7
end_of_record
TN:
SF:src/contract/manifest/page/PageTypeSchema.ts
FNF:0
FNH:0
DA:1,1
DA:3,1
DA:4,1
DA:5,1
DA:6,1
DA:7,1
DA:8,1
DA:9,1
DA:10,1
LF:9
LH:9
BRF:0
BRH:0
end_of_record
TN:
SF:src/contract/manifest/role/RoleDefinitionSchema.ts
FNF:0
FNH:0
DA:1,1
DA:3,1
DA:4,1
DA:5,1
DA:6,1
DA:7,1
DA:8,1
DA:9,1
DA:10,1
DA:11,1
DA:12,1
DA:13,1
DA:14,1
DA:15,1
DA:16,1
DA:17,1
LF:16
LH:16
BRDA:11,0,0,7
BRDA:15,1,0,7
BRDA:15,2,0,1
BRF:3
BRH:3
end_of_record
TN:
SF:src/contract/manifest/shell/AppShellDefinitionSchema.ts
FNF:0
FNH:0
DA:1,1
DA:3,1
DA:4,1
DA:5,1
DA:6,1
DA:7,1
DA:8,1
DA:10,1
DA:11,1
DA:12,1
DA:13,1
DA:14,1
DA:15,1
DA:16,1
DA:17,1
DA:18,1
DA:20,1
DA:21,1
DA:22,1
DA:23,1
DA:24,1
DA:25,1
DA:26,1
DA:27,1
DA:28,1
DA:29,1
DA:30,1
DA:31,1
DA:32,1
DA:33,1
DA:35,1
DA:36,12
DA:37,12
DA:38,12
DA:39,12
DA:40,12
DA:41,12
DA:42,12
DA:43,12
DA:44,12
DA:45,12
DA:46,12
DA:47,1
DA:49,1
DA:50,1
DA:51,1
DA:52,1
DA:53,1
DA:54,1
DA:55,1
DA:57,1
DA:58,1
DA:59,1
DA:60,1
DA:61,1
DA:62,1
DA:63,1
DA:64,1
DA:65,1
DA:66,1
DA:67,1
DA:68,1
DA:70,1
DA:71,1
DA:72,1
DA:73,1
DA:74,1
DA:75,1
DA:76,1
DA:77,1
DA:78,1
DA:80,1
DA:81,1
DA:82,1
DA:83,1
DA:85,1
DA:86,1
DA:87,1
DA:88,1
DA:89,1
DA:90,1
DA:91,1
DA:93,1
DA:94,1
DA:95,1
DA:96,1
DA:97,1
DA:98,1
DA:99,1
DA:100,1
DA:102,1
DA:104,1
DA:106,1
DA:108,1
DA:110,1
DA:111,1
DA:112,1
DA:113,1
DA:114,1
DA:115,1
DA:116,1
DA:117,1
DA:118,1
DA:119,4
DA:121,4
DA:122,1
DA:123,1
DA:124,1
DA:125,1
DA:126,1
DA:127,1
DA:129,4
DA:130,4
DA:131,1
DA:132,1
DA:133,1
DA:134,1
DA:135,1
DA:136,1
DA:138,4
DA:139,4
DA:140,1
DA:141,1
DA:142,1
DA:143,1
DA:144,1
DA:145,1
DA:146,4
LF:128
LH:128
BRDA:35,0,0,12
BRDA:118,1,0,4
BRDA:121,2,0,1
BRDA:130,3,0,3
BRDA:130,4,0,1
BRDA:139,5,0,1
BRDA:119,6,0,7
BRDA:138,7,0,7
BRF:8
BRH:8
end_of_record
TN:
SF:src/contract/manifest/shell/CellMountDefinitionSchema.ts
FNF:0
FNH:0
DA:1,1
DA:3,1
DA:4,1
DA:5,1
DA:6,1
DA:7,1
DA:8,1
DA:9,1
DA:10,1
DA:11,11
DA:12,1
DA:13,1
DA:14,1
DA:15,1
DA:16,1
DA:17,1
DA:18,11
LF:17
LH:17
BRDA:10,0,0,11
BRDA:11,1,0,1
BRF:2
BRH:2
end_of_record
TN:
SF:src/semantic/ValidationErrorResponseSchema.ts
FNF:0
FNH:0
DA:1,1
DA:2,1
DA:4,1
DA:5,1
DA:6,1
DA:7,1
DA:8,1
LF:7
LH:7
BRF:0
BRH:0
end_of_record
TN:
SF:src/semantic/ValidationIssueSchema.ts
FNF:0
FNH:0
DA:1,1
DA:2,1
DA:3,1
DA:5,1
DA:6,1
DA:7,1
DA:8,1
DA:9,1
DA:10,1
DA:11,1
DA:12,1
DA:13,1
DA:14,1
DA:15,1
DA:16,1
DA:17,1
DA:18,1
LF:17
LH:17
BRF:0
BRH:0
end_of_record
TN:
SF:src/semantic/ValidationScopeSchema.ts
FNF:0
FNH:0
DA:1,1
DA:3,1
DA:4,1
DA:5,1
DA:6,1
DA:7,1
DA:8,1
DA:9,1
DA:10,1
LF:9
LH:9
BRF:0
BRH:0
end_of_record
TN:
SF:src/semantic/entity-rules.ts
FN:4,checkBaseFieldConflicts
FN:23,validateFields
FN:56,validateRelations
FN:95,validateComputedFields
FN:144,validateLifecycle
FN:200,validateCapabilities
FN:272,validateEvents
FN:293,validatePolicies
FN:325,validateSingleEntitySemantics
FN:340,validateEntityRules
FNF:10
FNH:10
FNDA:20,checkBaseFieldConflicts
FNDA:20,validateFields
FNDA:17,validateRelations
FNDA:17,validateComputedFields
FNDA:17,validateLifecycle
FNDA:17,validateCapabilities
FNDA:17,validateEvents
FNDA:17,validatePolicies
FNDA:2,validateSingleEntitySemantics
FNDA:29,validateEntityRules
DA:2,1
DA:4,20
DA:5,20
DA:7,20
DA:8,26
DA:9,10
DA:10,10
DA:11,10
DA:12,10
DA:13,10
DA:15,26
DA:16,3
DA:17,3
DA:18,26
DA:20,20
DA:21,20
DA:23,20
DA:24,20
DA:25,20
DA:26,20
DA:27,20
DA:28,20
DA:29,20
DA:31,20
DA:32,25
DA:34,25
DA:35,2
DA:36,2
DA:38,25
DA:39,21
DA:40,21
DA:42,13
DA:43,1
DA:44,1
DA:45,1
DA:46,1
DA:47,1
DA:48,1
DA:50,25
DA:51,25
DA:53,20
DA:54,20
DA:56,17
DA:57,17
DA:58,17
DA:59,17
DA:61,17
DA:62,6
DA:64,6
DA:65,1
DA:66,1
DA:67,6
DA:69,6
DA:70,1
DA:71,1
DA:72,1
DA:73,1
DA:74,1
DA:76,6
DA:77,1
DA:78,1
DA:79,1
DA:80,1
DA:81,1
DA:83,6
DA:84,1
DA:85,1
DA:87,6
DA:88,1
DA:89,1
DA:90,6
DA:92,17
DA:93,17
DA:95,17
DA:96,17
DA:97,17
DA:98,17
DA:99,17
DA:100,17
DA:101,17
DA:102,17
DA:104,17
DA:105,7
DA:107,7
DA:108,1
DA:109,1
DA:110,7
DA:112,7
DA:113,1
DA:114,1
DA:115,1
DA:116,1
DA:117,1
DA:119,7
DA:120,3
DA:121,3
DA:122,3
DA:123,3
DA:124,3
DA:126,7
DA:127,1
DA:128,1
DA:129,1
DA:130,1
DA:131,1
DA:133,7
DA:134,1
DA:135,1
DA:136,1
DA:137,1
DA:138,1
DA:139,7
DA:141,17
DA:142,17
DA:144,17
DA:145,17
DA:146,17
DA:147,15
DA:148,15
DA:150,2
DA:151,2
DA:152,2
DA:154,6
DA:155,1
DA:156,1
DA:157,1
DA:158,1
DA:159,1
DA:161,6
DA:162,1
DA:163,1
DA:164,1
DA:165,1
DA:166,1
DA:168,2
DA:169,6
DA:170,1
DA:171,1
DA:173,2
DA:174,6
DA:175,3
DA:177,3
DA:178,1
DA:179,1
DA:180,3
DA:182,3
DA:183,1
DA:184,1
DA:185,1
DA:186,1
DA:187,1
DA:189,3
DA:190,1
DA:191,1
DA:192,1
DA:193,1
DA:194,1
DA:195,3
DA:197,2
DA:198,2
DA:200,17
DA:201,17
DA:202,17
DA:203,14
DA:204,14
DA:206,3
DA:207,3
DA:208,3
DA:209,17
DA:211,17
DA:212,7
DA:214,7
DA:215,1
DA:216,1
DA:217,7
DA:219,7
DA:220,1
DA:221,1
DA:223,7
DA:224,1
DA:225,1
DA:226,1
DA:227,1
DA:228,1
DA:230,7
DA:231,4
DA:232,1
DA:233,1
DA:234,1
DA:235,1
DA:236,4
DA:237,2
DA:238,2
DA:239,2
DA:240,2
DA:241,2
DA:242,4
DA:244,7
DA:245,7
DA:246,2
DA:248,2
DA:249,1
DA:250,1
DA:251,2
DA:253,2
DA:254,1
DA:255,1
DA:256,1
DA:257,1
DA:258,1
DA:260,2
DA:261,1
DA:262,1
DA:263,1
DA:264,1
DA:265,1
DA:266,2
DA:267,7
DA:269,3
DA:270,3
DA:272,17
DA:273,17
DA:274,17
DA:275,14
DA:276,14
DA:278,3
DA:279,3
DA:281,17
DA:282,3
DA:283,1
DA:284,1
DA:285,1
DA:286,1
DA:287,1
DA:288,3
DA:290,3
DA:291,3
DA:293,17
DA:294,17
DA:295,17
DA:297,17
DA:298,13
DA:299,13
DA:301,8
DA:302,5
DA:303,4
DA:304,4
DA:305,4
DA:306,4
DA:307,4
DA:309,5
DA:310,2
DA:311,2
DA:312,2
DA:313,2
DA:314,2
DA:315,5
DA:317,4
DA:318,4
DA:325,1
DA:326,2
DA:327,2
DA:328,2
DA:329,2
DA:330,2
DA:331,2
DA:332,2
DA:333,2
DA:334,2
DA:335,2
DA:336,2
DA:337,2
DA:338,2
DA:340,1
DA:341,29
DA:342,29
DA:344,29
DA:345,15
DA:346,15
DA:348,29
DA:349,15
DA:350,15
DA:352,29
DA:353,15
DA:354,15
DA:355,15
DA:357,29
DA:358,15
DA:359,15
DA:360,15
DA:361,15
DA:363,29
DA:364,15
DA:365,15
DA:366,15
DA:368,29
DA:369,15
DA:370,15
DA:371,15
DA:373,29
DA:374,15
DA:375,15
DA:376,15
DA:378,29
DA:379,15
DA:380,15
DA:381,15
DA:383,29
DA:384,29
LF:309
LH:309
BRDA:4,0,0,20
BRDA:7,1,0,26
BRDA:8,2,0,10
BRDA:15,3,0,4
BRDA:15,4,0,3
BRDA:23,5,0,20
BRDA:31,6,0,25
BRDA:34,7,0,3
BRDA:34,8,0,1
BRDA:34,9,0,2
BRDA:38,10,0,21
BRDA:40,11,0,13
BRDA:40,12,0,4
BRDA:42,13,0,1
BRDA:48,14,0,3
BRDA:50,15,0,1
BRDA:56,16,0,17
BRDA:58,17,0,15
BRDA:61,18,0,6
BRDA:64,19,0,1
BRDA:69,20,0,1
BRDA:76,21,0,1
BRDA:83,22,0,3
BRDA:83,23,0,1
BRDA:87,24,0,1
BRDA:87,25,0,1
BRDA:95,26,0,17
BRDA:101,27,0,15
BRDA:104,28,0,7
BRDA:107,29,0,1
BRDA:112,30,0,1
BRDA:119,31,0,3
BRDA:126,32,0,1
BRDA:133,33,0,2
BRDA:133,34,0,1
BRDA:133,35,0,1
BRDA:144,36,0,17
BRDA:146,37,0,15
BRDA:148,38,0,6
BRDA:148,39,0,2
BRDA:154,40,0,1
BRDA:159,41,0,2
BRDA:161,42,0,1
BRDA:166,43,0,2
BRDA:169,44,0,1
BRDA:171,45,0,2
BRDA:174,46,0,3
BRDA:177,47,0,1
BRDA:182,48,0,1
BRDA:189,49,0,1
BRDA:195,50,0,2
BRDA:168,51,0,5
BRDA:200,52,0,17
BRDA:202,53,0,3
BRDA:202,54,0,14
BRDA:204,55,0,3
BRDA:209,56,0,2
BRDA:209,57,0,1
BRDA:211,58,0,6
BRDA:211,59,0,7
BRDA:214,60,0,1
BRDA:219,61,0,1
BRDA:223,62,0,1
BRDA:230,63,0,4
BRDA:231,64,0,1
BRDA:236,65,0,3
BRDA:236,66,0,2
BRDA:245,67,0,6
BRDA:245,68,0,2
BRDA:248,69,0,1
BRDA:253,70,0,1
BRDA:253,71,0,1
BRDA:260,72,0,1
BRDA:260,73,0,1
BRDA:267,74,0,3
BRDA:209,75,0,3
BRDA:272,76,0,17
BRDA:274,77,0,14
BRDA:276,78,0,3
BRDA:281,79,0,1
BRDA:281,80,0,3
BRDA:282,81,0,1
BRDA:293,82,0,17
BRDA:297,83,0,13
BRDA:299,84,0,8
BRDA:299,85,0,4
BRDA:301,86,0,5
BRDA:302,87,0,4
BRDA:309,88,0,2
BRDA:315,89,0,4
BRDA:325,90,0,2
BRDA:326,91,0,3
BRDA:340,92,0,29
BRDA:342,93,0,2
BRDA:344,94,0,15
BRDA:348,95,0,15
BRDA:352,96,0,15
BRDA:357,97,0,15
BRDA:359,98,0,13
BRDA:363,99,0,15
BRDA:368,100,0,15
BRDA:373,101,0,15
BRDA:378,102,0,15
BRDA:353,103,0,19
BRDA:358,104,0,19
BRDA:359,105,0,6
BRDA:364,106,0,19
BRDA:369,107,0,19
BRDA:374,108,0,19
BRDA:379,109,0,19
BRF:110
BRH:110
end_of_record
TN:
SF:src/semantic/field-rules.zod.ts
FNF:0
FNH:0
DA:7,1
DA:9,1
DA:10,1
DA:11,1
DA:12,1
DA:13,1
LF:6
LH:6
BRF:0
BRH:0
end_of_record
TN:
SF:src/semantic/helpers.ts
FN:27,combineValidation
FN:41,makeValidationResult
FNF:2
FNH:2
FNDA:1,combineValidation
FNDA:2,makeValidationResult
DA:27,1
DA:28,1
DA:29,1
DA:30,1
DA:41,1
DA:42,2
DA:43,2
LF:7
LH:7
BRDA:27,0,0,1
BRDA:28,1,0,2
BRDA:41,2,0,2
BRF:3
BRH:3
end_of_record
TN:
SF:src/semantic/issue.zod.ts
FNF:0
FNH:0
DA:7,1
DA:8,1
DA:9,1
DA:10,1
LF:4
LH:4
BRF:0
BRH:0
end_of_record
TN:
SF:src/semantic/navigation-rules.ts
FN:3,collectNavigationReferences
FN:23,validateNavigationRules
FNF:2
FNH:2
FNDA:31,collectNavigationReferences
FNDA:29,validateNavigationRules
DA:3,31
DA:4,31
DA:5,31
DA:7,31
DA:8,7
DA:10,7
DA:11,5
DA:12,5
DA:13,5
DA:15,2
DA:16,2
DA:17,2
DA:18,2
DA:20,31
DA:21,31
DA:23,1
DA:24,29
DA:25,29
DA:27,29
DA:28,29
DA:29,1
DA:30,1
DA:32,29
DA:33,5
DA:34,2
DA:35,2
DA:36,2
DA:37,2
DA:38,2
DA:39,5
DA:41,29
DA:42,29
LF:32
LH:32
BRDA:3,0,0,31
BRDA:7,1,0,1
BRDA:7,2,0,7
BRDA:10,3,0,5
BRDA:13,4,0,2
BRDA:23,5,0,29
BRDA:28,6,0,1
BRDA:32,7,0,5
BRDA:33,8,0,2
BRDA:27,9,0,7
BRF:10
BRH:10
end_of_record
TN:
SF:src/semantic/page-rules.ts
FN:6,validatePageRules
FNF:1
FNH:1
FNDA:28,validatePageRules
DA:3,1
DA:4,1
DA:6,1
DA:7,28
DA:8,28
DA:9,28
DA:11,28
DA:12,28
DA:14,28
DA:15,40
DA:16,40
DA:18,28
DA:19,15
DA:20,15
DA:22,28
DA:23,28
DA:24,28
DA:25,2
DA:26,2
DA:28,28
DA:29,28
DA:30,28
DA:31,1
DA:32,1
DA:34,28
DA:35,28
DA:36,28
DA:37,1
DA:38,1
DA:40,28
DA:41,40
DA:42,2
DA:43,2
DA:44,2
DA:45,2
DA:46,2
DA:47,40
DA:49,28
DA:50,28
DA:51,7
DA:52,7
DA:53,7
DA:54,7
DA:55,7
DA:57,28
DA:58,40
DA:59,31
DA:60,31
DA:62,16
DA:63,2
DA:64,2
DA:65,2
DA:66,2
DA:67,2
DA:68,2
DA:70,15
DA:71,1
DA:72,1
DA:73,1
DA:74,1
DA:75,1
DA:76,40
DA:78,28
DA:79,112
DA:81,112
DA:82,160
DA:83,153
DA:84,153
DA:86,60
DA:87,160
DA:88,160
DA:89,160
DA:91,112
DA:92,6
DA:93,5
DA:94,5
DA:96,1
DA:97,1
DA:98,1
DA:99,1
DA:100,1
DA:101,112
DA:103,28
DA:104,28
LF:84
LH:84
BRDA:6,0,0,28
BRDA:8,1,0,2
BRDA:9,2,0,2
BRDA:14,3,0,40
BRDA:18,4,0,15
BRDA:24,5,0,2
BRDA:30,6,0,1
BRDA:36,7,0,1
BRDA:40,8,0,40
BRDA:41,9,0,2
BRDA:50,10,0,7
BRDA:57,11,0,40
BRDA:58,12,0,31
BRDA:60,13,0,35
BRDA:60,14,0,16
BRDA:60,15,0,9
BRDA:62,16,0,2
BRDA:68,17,0,15
BRDA:68,18,0,7
BRDA:70,19,0,1
BRDA:78,20,0,112
BRDA:81,21,0,160
BRDA:82,22,0,9
BRDA:82,23,0,153
BRDA:84,24,0,60
BRDA:84,25,0,7
BRDA:86,26,0,6
BRDA:91,27,0,6
BRDA:92,28,0,5
BRDA:94,29,0,1
BRDA:22,30,0,40
BRDA:23,31,0,40
BRDA:28,32,0,15
BRDA:29,33,0,15
BRDA:34,34,0,40
BRDA:35,35,0,40
BRF:36
BRH:36
end_of_record
TN:
SF:src/semantic/presentation-rules.ts
FN:11,validatePresentationLayerSemantics
FNF:1
FNH:1
FNDA:12,validatePresentationLayerSemantics
DA:3,1
DA:5,1
DA:11,1
DA:12,12
DA:13,12
DA:14,12
DA:15,12
DA:16,12
DA:17,12
DA:18,12
DA:21,12
DA:22,1
DA:23,1
DA:24,1
DA:25,1
DA:26,1
DA:28,12
DA:29,10
DA:30,10
DA:31,1
DA:32,1
DA:33,1
DA:34,1
DA:35,1
DA:36,1
DA:37,10
DA:38,1
DA:39,1
DA:40,1
DA:41,1
DA:42,1
DA:43,10
DA:46,12
DA:47,2
DA:48,2
DA:50,12
DA:51,12
LF:37
LH:37
BRDA:11,0,0,12
BRDA:16,1,0,1
BRDA:18,2,0,2
BRDA:18,3,0,10
BRDA:21,4,0,4
BRDA:21,5,0,3
BRDA:21,6,0,1
BRDA:28,7,0,10
BRDA:29,8,0,6
BRDA:29,9,0,4
BRDA:30,10,0,1
BRDA:36,11,0,3
BRDA:37,12,0,2
BRDA:37,13,0,1
BRDA:46,14,0,2
BRDA:47,15,0,1
BRDA:17,16,0,10
BRF:17
BRH:17
end_of_record
TN:
SF:src/semantic/role-rules.ts
FN:3,validateRoleRules
FNF:1
FNH:1
FNDA:24,validateRoleRules
DA:3,1
DA:4,24
DA:5,24
DA:6,22
DA:7,22
DA:9,2
DA:10,2
DA:12,18
DA:13,3
DA:14,1
DA:15,1
DA:16,3
DA:18,3
DA:19,1
DA:20,1
DA:21,1
DA:22,1
DA:23,1
DA:24,3
DA:26,2
DA:27,2
LF:21
LH:21
BRDA:3,0,0,24
BRDA:4,1,0,22
BRDA:5,2,0,22
BRDA:7,3,0,18
BRDA:7,4,0,2
BRDA:12,5,0,3
BRDA:13,6,0,1
BRDA:18,7,0,1
BRDA:24,8,0,2
BRF:9
BRH:9
end_of_record
TN:
SF:src/semantic/validate-manifest-semantics.ts
FN:7,validateManifestSemantics
FN:18,validateBusinessRules
FNF:2
FNH:2
FNDA:24,validateManifestSemantics
FNDA:19,validateBusinessRules
DA:2,1
DA:3,1
DA:4,1
DA:5,1
DA:7,1
DA:8,24
DA:10,24
DA:11,24
DA:12,24
DA:13,24
DA:14,24
DA:15,24
DA:16,24
DA:18,1
DA:19,19
DA:20,19
LF:16
LH:16
BRDA:7,0,0,24
BRDA:8,1,0,1
BRDA:12,2,0,18
BRDA:12,3,0,6
BRDA:8,4,0,25
BRDA:18,5,0,19
BRF:6
BRH:6
end_of_record
TN:
SF:src/semantic/validate-manifest.ts
FN:11,validateManifest
FNF:1
FNH:1
FNDA:3,validateManifest
DA:2,1
DA:3,1
DA:11,1
DA:12,3
DA:14,3
DA:15,1
DA:16,1
DA:18,2
DA:19,3
DA:20,1
DA:21,1
DA:22,1
DA:23,1
DA:24,1
DA:25,1
DA:27,1
DA:28,1
DA:29,1
DA:30,1
DA:31,1
DA:32,1
LF:21
LH:21
BRDA:11,0,0,3
BRDA:14,1,0,2
BRDA:14,2,0,1
BRDA:16,3,0,2
BRDA:19,4,0,1
BRF:5
BRH:5
end_of_record
TN:
SF:src/semantic/structural/parse-manifest.ts
FN:11,parseManifest
FNF:1
FNH:1
FNDA:5,parseManifest
DA:1,1
DA:3,1
DA:11,1
DA:12,5
DA:14,5
DA:15,2
DA:16,2
DA:17,2
DA:18,2
DA:19,2
DA:21,3
DA:22,3
DA:23,3
DA:24,3
DA:25,3
DA:26,3
LF:16
LH:16
BRDA:11,0,0,5
BRDA:14,1,0,2
BRDA:19,2,0,3
BRF:3
BRH:3
end_of_record
TN:
SF:src/semantic/structural/structural-errors.ts
FN:7,toStructuralValidationErrors
FNF:1
FNH:1
FNDA:3,toStructuralValidationErrors
DA:7,1
DA:8,3
DA:9,9
DA:10,9
DA:11,3
DA:12,3
LF:6
LH:6
BRDA:7,0,0,3
BRDA:8,1,0,9
BRDA:9,2,0,1
BRF:3
BRH:3
end_of_record
TN:
SF:src/shared/ValidationSeveritySchema.ts
FNF:0
FNH:0
DA:1,1
DA:3,1
LF:2
LH:2
BRF:0
BRH:0
end_of_record
TN:
SF:src/shared/base-entity.ts
FNF:0
FNH:0
DA:8,1
DA:9,1
DA:10,1
DA:11,1
DA:12,1
DA:13,1
DA:14,1
DA:15,1
DA:16,1
DA:17,1
DA:18,1
DA:19,1
DA:20,1
DA:21,1
DA:22,1
DA:23,1
DA:24,1
DA:27,1
LF:18
LH:18
BRDA:27,0,0,32
BRF:1
BRH:1
end_of_record
TN:
SF:src/shared/identifiers.ts
FNF:0
FNH:0
DA:1,1
DA:10,1
DA:11,1
DA:12,1
DA:13,1
DA:14,1
DA:15,1
LF:7
LH:7
BRF:0
BRH:0
end_of_record
TN:
SF:src/shared/package-meta.ts
FNF:0
FNH:0
DA:1,1
DA:12,1
DA:13,1
DA:14,1
DA:15,1
DA:16,1
DA:17,1
DA:18,1
DA:19,1
LF:9
LH:9
BRF:0
BRH:0
end_of_record
TN:
SF:src/shared/zod.ts
FNF:0
FNH:0
DA:7,1
DA:21,1
DA:38,1
LF:3
LH:3
BRF:0
BRH:0
end_of_record
