TN:
SF:src/compile-cell-app.ts
FN:5,compileCellApp
FN:23,isValidationResult
FNF:2
FNH:2
FNDA:3,compileCellApp
FNDA:3,isValidationResult
DA:1,1
DA:3,1
DA:5,1
DA:6,3
DA:7,3
DA:8,1
DA:9,5
DA:10,5
DA:11,1
DA:12,1
DA:13,1
DA:15,2
DA:16,3
DA:17,1
DA:18,1
DA:20,1
DA:21,1
DA:23,1
DA:24,3
DA:25,3
LF:20
LH:20
BRDA:5,0,0,3
BRDA:7,1,0,1
BRDA:13,2,0,2
BRDA:16,3,0,1
BRDA:8,4,0,5
BRDA:9,5,0,1
BRDA:23,6,0,3
BRF:7
BRH:7
end_of_record
TN:
SF:src/derive-create-fields.ts
FN:4,deriveCreateFields
FNF:1
FNH:1
FNDA:24,deriveCreateFields
DA:4,1
DA:5,24
DA:6,24
DA:7,28
DA:8,28
DA:9,28
DA:10,25
DA:11,24
DA:12,24
DA:13,25
DA:14,25
DA:15,25
DA:16,25
DA:17,25
DA:18,25
DA:19,25
DA:20,25
DA:21,24
DA:22,24
DA:23,24
LF:20
LH:20
BRDA:4,0,0,24
BRDA:6,1,0,28
BRDA:7,2,0,1
BRDA:7,3,0,27
BRDA:8,4,0,5
BRDA:8,5,0,1
BRDA:8,6,0,26
BRDA:9,7,0,4
BRDA:9,8,0,25
BRDA:9,9,0,4
BRDA:9,10,0,1
BRDA:9,11,0,25
BRDA:12,12,0,25
BRDA:14,13,0,4
BRDA:14,14,0,23
BRDA:15,15,0,4
BRDA:15,16,0,24
BRDA:15,17,0,2
BRDA:18,18,0,24
BRDA:19,19,0,3
BRDA:19,20,0,22
BRDA:19,21,0,1
BRDA:19,22,0,21
BRDA:20,23,0,3
BRDA:20,24,0,1
BRDA:20,25,0,22
BRDA:22,26,0,4
BRF:27
BRH:27
end_of_record
TN:
SF:src/derive-edit-fields.ts
FN:5,deriveEditFields
FNF:1
FNH:1
FNDA:19,deriveEditFields
DA:3,1
DA:5,1
DA:6,19
DA:7,19
DA:8,25
DA:9,25
DA:10,25
DA:11,21
DA:12,21
DA:13,21
DA:14,20
DA:15,19
DA:16,19
DA:17,20
DA:18,20
DA:19,20
DA:20,20
DA:21,20
DA:22,20
DA:23,20
DA:24,20
DA:25,19
DA:26,19
DA:27,19
LF:24
LH:24
BRDA:5,0,0,19
BRDA:7,1,0,25
BRDA:8,2,0,2
BRDA:8,3,0,23
BRDA:9,4,0,5
BRDA:9,5,0,1
BRDA:9,6,0,22
BRDA:10,7,0,4
BRDA:10,8,0,21
BRDA:11,9,0,7
BRDA:11,10,0,1
BRDA:11,11,0,20
BRDA:12,12,0,6
BRDA:12,13,0,19
BRDA:12,14,0,4
BRDA:12,15,0,1
BRDA:13,16,0,20
BRDA:16,17,0,20
BRDA:18,18,0,4
BRDA:18,19,0,18
BRDA:18,20,0,5
BRDA:18,21,0,16
BRDA:19,22,0,4
BRDA:19,23,0,19
BRDA:19,24,0,5
BRDA:19,25,0,18
BRDA:19,26,0,2
BRDA:22,27,0,19
BRDA:23,28,0,3
BRDA:23,29,0,17
BRDA:23,30,0,1
BRDA:23,31,0,16
BRDA:24,32,0,3
BRDA:24,33,0,1
BRDA:24,34,0,17
BRDA:26,35,0,3
BRF:36
BRH:36
end_of_record
TN:
SF:src/derive-scope-registry.ts
FN:3,deriveEntityScopeRegistry
FN:25,deriveManifestScopeRegistry
FNF:2
FNH:2
FNDA:5,deriveEntityScopeRegistry
FNDA:2,deriveManifestScopeRegistry
DA:3,1
DA:4,5
DA:5,5
DA:6,5
DA:7,5
DA:8,5
DA:9,5
DA:10,5
DA:11,5
DA:12,5
DA:14,5
DA:15,3
DA:16,3
DA:18,5
DA:19,5
DA:20,5
DA:22,5
DA:23,5
DA:25,1
DA:26,2
DA:27,2
DA:28,2
DA:29,2
LF:23
LH:23
BRDA:3,0,0,5
BRDA:14,1,0,4
BRDA:14,2,0,1
BRDA:14,3,0,3
BRDA:18,4,0,2
BRDA:19,5,0,4
BRDA:25,6,0,2
BRDA:26,7,0,1
BRDA:27,8,0,1
BRF:9
BRH:9
end_of_record
TN:
SF:src/entity-path-helpers.ts
FN:4,fillPathId
FN:8,findEntityPage
FN:12,buildEntityDetailPath
FN:18,buildEntityCreatePath
FN:22,buildEntityEditPath
FN:28,buildEntityListPath
FNF:6
FNH:6
FNDA:4,fillPathId
FNDA:14,findEntityPage
FNDA:6,buildEntityDetailPath
FNDA:2,buildEntityCreatePath
FNDA:2,buildEntityEditPath
FNDA:4,buildEntityListPath
DA:4,4
DA:5,4
DA:6,4
DA:8,14
DA:9,14
DA:10,14
DA:12,1
DA:13,6
DA:14,6
DA:15,3
DA:16,3
DA:18,1
DA:19,2
DA:20,2
DA:22,1
DA:23,2
DA:24,2
DA:25,1
DA:26,1
DA:28,1
DA:29,4
DA:30,4
LF:22
LH:22
BRDA:4,0,0,4
BRDA:8,1,0,14
BRDA:9,2,0,1
BRDA:9,3,0,11
BRDA:9,4,0,10
BRDA:12,5,0,6
BRDA:14,6,0,3
BRDA:18,7,0,2
BRDA:19,8,0,1
BRDA:19,9,0,1
BRDA:22,10,0,2
BRDA:24,11,0,1
BRDA:28,12,0,4
BRDA:29,13,0,2
BRDA:29,14,0,2
BRF:15
BRH:15
end_of_record
TN:
SF:src/normalize-manifest.ts
FN:3,normalizeManifest
FNF:1
FNH:1
FNDA:7,normalizeManifest
DA:3,1
DA:4,7
DA:5,7
DA:6,7
DA:7,7
DA:8,7
DA:9,7
DA:10,7
DA:11,7
DA:12,7
DA:13,7
LF:11
LH:11
BRDA:3,0,0,7
BRDA:8,1,0,4
BRDA:9,2,0,4
BRDA:10,3,0,4
BRF:4
BRH:4
end_of_record
