TN:
SF:src/derive-page-data-context.ts
FN:17,derivePageDataContext
FNF:1
FNH:1
FNDA:16,derivePageDataContext
DA:17,1
DA:18,16
DA:19,16
DA:20,16
DA:21,8
DA:22,8
DA:23,8
DA:24,8
DA:25,8
DA:27,16
DA:28,2
DA:29,2
DA:30,2
DA:31,2
DA:32,2
DA:34,16
DA:35,1
DA:37,16
DA:38,16
DA:39,4
DA:40,2
DA:41,2
DA:42,2
DA:43,2
DA:44,2
DA:45,2
DA:47,16
DA:48,1
DA:49,16
DA:50,16
LF:30
LH:30
BRDA:17,0,0,16
BRDA:19,1,0,7
BRDA:20,2,0,8
BRDA:24,3,0,1
BRDA:24,4,0,7
BRDA:27,5,0,2
BRDA:34,6,0,1
BRDA:37,7,0,2
BRDA:38,8,0,4
BRDA:39,9,0,2
BRDA:44,10,0,2
BRDA:47,11,0,1
BRF:12
BRH:12
end_of_record
TN:
SF:src/derive-relation-providers.ts
FN:19,deriveRelationProviders
FNF:1
FNH:1
FNDA:5,deriveRelationProviders
DA:19,1
DA:20,5
DA:21,5
DA:22,5
DA:23,2
DA:24,2
DA:25,2
DA:26,2
DA:27,5
DA:28,5
LF:10
LH:10
BRDA:19,0,0,5
BRDA:20,1,0,1
BRDA:21,2,0,3
BRDA:22,3,0,2
BRDA:26,4,0,1
BRF:5
BRH:5
end_of_record
TN:
SF:src/mock-data-hooks.ts
FN:13,useCellEntityGetOne
FN:15,useCellEntityList
FN:21,useCellApi
FN:23,getToken
FN:27,detail
FN:28,list
FN:31,cellApiFetch
FNF:7
FNH:7
FNDA:2,useCellEntityGetOne
FNDA:1,useCellEntityList
FNDA:1,useCellApi
FNDA:1,getToken
FNDA:1,detail
FNDA:1,list
FNDA:1,cellApiFetch
DA:12,1
DA:13,1
DA:15,1
DA:16,1
DA:17,1
DA:18,1
DA:19,1
DA:21,1
DA:22,1
DA:23,1
DA:24,1
DA:26,1
DA:27,1
DA:28,1
DA:29,1
DA:31,1
DA:32,1
DA:33,1
DA:34,1
LF:19
LH:19
BRDA:13,0,0,2
BRDA:15,1,0,1
BRDA:21,2,0,1
BRDA:23,3,0,1
BRDA:27,4,0,1
BRDA:28,5,0,1
BRDA:31,6,0,1
BRF:7
BRH:7
end_of_record
TN:
SF:src/resolve-id-from.ts
FN:6,resolveIdFrom
FNF:1
FNH:1
FNDA:21,resolveIdFrom
DA:6,1
DA:7,21
DA:8,21
DA:9,21
DA:10,21
DA:11,21
DA:12,21
DA:13,21
DA:14,21
LF:9
LH:9
BRDA:6,0,0,21
BRDA:13,1,0,11
BRDA:13,2,0,10
BRDA:10,3,0,26
BRDA:10,4,0,25
BRDA:10,5,0,24
BRDA:10,6,0,2
BRF:7
BRH:7
end_of_record
TN:
SF:src/use-secondary-providers.ts
FNF:0
FNH:0
DA:1,1
LF:1
LH:1
BRF:0
BRH:0
end_of_record
TN:
SF:src/hooks/use-secondary-providers.ts
FN:12,useSecondaryProviders
FN:33,queryFn
FN:71,queryFn
FNF:3
FNH:3
FNDA:14,useSecondaryProviders
FNDA:2,queryFn
FNDA:4,queryFn
DA:1,1
DA:7,1
DA:9,1
DA:10,1
DA:12,1
DA:13,14
DA:14,14
DA:15,14
DA:20,14
DA:21,14
DA:22,14
DA:24,14
DA:25,14
DA:26,15
DA:28,15
DA:29,7
DA:31,7
DA:32,7
DA:33,7
DA:34,2
DA:35,2
DA:36,2
DA:37,2
DA:38,2
DA:39,7
DA:40,7
DA:41,7
DA:43,8
DA:44,6
DA:45,2
DA:47,15
DA:48,15
DA:49,4
DA:50,4
DA:51,4
DA:52,4
DA:53,4
DA:55,15
DA:56,15
DA:57,15
DA:58,15
DA:59,15
DA:60,15
DA:62,15
DA:63,15
DA:64,15
DA:65,15
DA:66,15
DA:67,8
DA:69,8
DA:70,8
DA:71,8
DA:72,4
DA:73,4
DA:74,4
DA:75,4
DA:76,4
DA:77,4
DA:78,4
DA:79,4
DA:80,8
DA:81,14
DA:82,14
DA:84,14
DA:85,14
DA:87,14
DA:88,15
DA:89,15
DA:91,15
DA:92,2
DA:93,15
DA:94,4
DA:95,4
DA:96,6
DA:97,14
DA:99,14
DA:100,14
LF:77
LH:77
BRDA:12,0,0,14
BRDA:25,1,0,15
BRDA:28,2,0,7
BRDA:29,3,0,6
BRDA:29,4,0,1
BRDA:29,5,0,1
BRDA:32,6,0,3
BRDA:41,7,0,8
BRDA:43,8,0,6
BRDA:44,9,0,2
BRDA:44,10,0,2
BRDA:48,11,0,6
BRDA:48,12,0,4
BRDA:52,13,0,4
BRDA:56,14,0,2
BRDA:57,15,0,2
BRDA:58,16,0,2
BRDA:63,17,0,2
BRDA:63,18,0,8
BRDA:64,19,0,2
BRDA:64,20,0,8
BRDA:65,21,0,2
BRDA:65,22,0,8
BRDA:66,23,0,4
BRDA:66,24,0,8
BRDA:33,25,0,2
BRDA:71,26,0,4
BRDA:73,27,0,2
BRDA:73,28,0,2
BRDA:84,29,0,14
BRDA:85,30,0,15
BRDA:87,31,0,15
BRDA:89,32,0,9
BRDA:89,33,0,6
BRDA:91,34,0,2
BRDA:93,35,0,4
BRDA:95,36,0,6
BRF:37
BRH:37
end_of_record
