TN:
SF:src/contract/activity-feed/ActivityFeedPresentationSchema.ts
FNF:0
FNH:0
DA:1,1
DA:3,1
DA:5,1
DA:7,1
DA:9,1
DA:10,1
DA:11,1
DA:12,1
DA:13,1
DA:14,1
DA:15,1
DA:16,1
DA:17,2
DA:18,1
DA:19,1
DA:20,1
DA:21,1
DA:22,1
DA:23,1
DA:24,2
DA:26,1
DA:27,1
DA:28,1
DA:29,1
DA:30,1
DA:31,1
DA:32,1
DA:33,1
DA:34,1
DA:35,1
DA:36,1
DA:37,1
DA:38,1
DA:40,1
DA:41,1
DA:42,1
DA:43,1
DA:44,1
DA:45,1
DA:46,1
DA:47,1
DA:48,1
DA:49,1
DA:50,1
DA:51,1
DA:52,1
DA:53,1
DA:54,1
DA:55,1
DA:56,1
DA:57,1
DA:58,1
DA:59,1
DA:61,1
DA:62,1
DA:63,1
DA:64,1
DA:65,1
DA:66,1
DA:67,1
DA:68,1
DA:69,1
DA:70,1
DA:71,1
DA:72,1
DA:73,1
DA:74,5
DA:75,1
DA:76,1
DA:77,1
DA:78,1
DA:79,1
DA:80,1
DA:82,5
DA:83,5
DA:85,5
DA:86,1
DA:87,1
DA:88,1
DA:89,1
DA:90,1
DA:91,1
DA:92,5
LF:83
LH:83
BRDA:16,0,0,2
BRDA:17,1,0,1
BRDA:17,2,0,1
BRDA:73,3,0,5
BRDA:74,4,0,2
BRDA:74,5,0,1
BRDA:85,6,0,1
BRDA:82,7,0,2
BRDA:83,8,0,2
BRF:9
BRH:9
end_of_record
TN:
SF:src/contract/activity-feed/validate-runtime-activity-feed-presentation.ts
FN:21,validateRuntimeActivityFeedPresentation
FN:38,parseRuntimeActivityFeedPresentation
FN:42,toRuntimeErrors
FNF:3
FNH:3
FNDA:6,validateRuntimeActivityFeedPresentation
FNDA:2,parseRuntimeActivityFeedPresentation
FNDA:5,toRuntimeErrors
DA:2,1
DA:21,1
DA:22,6
DA:24,6
DA:25,5
DA:26,5
DA:27,5
DA:28,5
DA:29,5
DA:31,1
DA:32,1
DA:33,1
DA:34,1
DA:35,1
DA:36,1
DA:38,1
DA:39,2
DA:40,2
DA:42,5
DA:43,5
DA:44,5
DA:45,5
DA:46,5
DA:47,5
DA:48,5
LF:25
LH:25
BRDA:21,0,0,6
BRDA:24,1,0,5
BRDA:29,2,0,1
BRDA:38,3,0,2
BRDA:42,4,0,5
BRDA:43,5,0,5
BRF:6
BRH:6
end_of_record
TN:
SF:src/contract/bulk-command-bar/BulkCommandBarPresentationSchema.ts
FNF:0
FNH:0
DA:1,1
DA:3,1
DA:5,1
DA:7,1
DA:9,1
DA:11,1
DA:12,1
DA:13,1
DA:14,1
DA:15,1
DA:16,1
DA:17,1
DA:18,1
DA:20,1
DA:21,1
DA:22,1
DA:23,1
DA:24,1
DA:25,1
DA:26,1
DA:27,1
DA:28,1
DA:29,1
DA:30,1
DA:32,1
DA:33,1
DA:34,1
DA:35,1
DA:36,1
DA:37,1
DA:39,1
DA:40,1
DA:41,1
DA:42,1
DA:43,1
DA:44,1
DA:46,1
DA:47,1
DA:48,1
DA:49,1
DA:51,1
DA:52,1
DA:54,1
DA:56,1
DA:57,1
DA:59,1
DA:60,1
DA:61,1
DA:62,1
DA:63,1
DA:64,3
DA:65,3
DA:66,3
DA:67,3
DA:69,3
DA:71,3
DA:72,1
DA:73,1
DA:74,1
DA:75,1
DA:76,1
DA:77,1
DA:78,3
LF:63
LH:63
BRDA:63,0,0,3
BRDA:66,1,0,2
BRDA:71,2,0,1
BRDA:65,3,0,1
BRDA:66,4,0,1
BRDA:69,5,0,2
BRF:6
BRH:6
end_of_record
TN:
SF:src/contract/bulk-command-bar/validate-runtime-bulk-command-bar-presentation.ts
FN:21,validateRuntimeBulkCommandBarPresentation
FN:40,parseRuntimeBulkCommandBarPresentation
FN:44,toRuntimeErrors
FNF:3
FNH:3
FNDA:3,validateRuntimeBulkCommandBarPresentation
FNDA:2,parseRuntimeBulkCommandBarPresentation
FNDA:2,toRuntimeErrors
DA:2,1
DA:21,1
DA:22,3
DA:23,3
DA:24,3
DA:26,3
DA:27,2
DA:28,2
DA:29,2
DA:30,2
DA:31,2
DA:33,1
DA:34,1
DA:35,1
DA:36,1
DA:37,1
DA:38,1
DA:40,1
DA:41,2
DA:42,2
DA:44,2
DA:45,2
DA:46,5
DA:47,5
DA:48,5
DA:49,2
DA:50,2
LF:27
LH:27
BRDA:21,0,0,3
BRDA:26,1,0,2
BRDA:31,2,0,1
BRDA:40,3,0,2
BRDA:44,4,0,2
BRDA:45,5,0,5
BRF:6
BRH:6
end_of_record
TN:
SF:src/contract/cardList/CardListPresentation.ts
FNF:0
FNH:0
DA:1,1
DA:3,1
DA:5,1
DA:7,1
DA:9,1
DA:10,1
DA:11,1
DA:12,1
DA:13,1
DA:14,1
DA:15,1
DA:16,1
DA:17,1
DA:18,1
DA:19,1
DA:20,1
DA:22,1
DA:23,1
DA:24,1
DA:25,1
DA:26,1
DA:27,1
DA:29,1
DA:30,1
DA:31,1
DA:32,1
DA:33,1
DA:34,1
DA:35,1
DA:36,1
DA:37,1
DA:38,1
DA:39,1
DA:40,1
DA:41,1
DA:42,7
DA:43,1
DA:44,1
DA:45,1
DA:46,1
DA:47,1
DA:48,1
DA:50,7
DA:51,1
DA:52,1
DA:53,1
DA:54,1
DA:55,1
DA:56,1
DA:57,7
DA:59,1
DA:60,1
DA:61,1
DA:62,1
DA:63,1
DA:64,1
DA:65,1
DA:66,1
DA:67,1
DA:69,1
DA:70,1
DA:71,1
DA:72,1
DA:73,1
DA:74,1
DA:75,1
DA:76,1
DA:77,1
DA:79,1
DA:80,1
DA:81,1
DA:83,1
DA:85,1
DA:86,1
DA:87,1
DA:88,1
DA:89,1
DA:90,1
DA:91,1
DA:93,1
DA:94,1
DA:95,1
DA:96,1
DA:97,1
DA:99,1
DA:100,1
DA:101,1
DA:102,1
DA:103,1
DA:105,1
DA:106,1
DA:107,1
DA:109,1
DA:110,1
DA:111,1
DA:113,1
DA:114,1
DA:115,1
DA:116,1
DA:117,9
DA:118,9
DA:120,9
DA:121,1
DA:122,1
DA:123,1
DA:124,1
DA:125,1
DA:126,1
DA:128,9
DA:129,9
DA:131,9
DA:132,1
DA:133,1
DA:134,1
DA:135,1
DA:136,1
DA:137,1
DA:139,9
DA:140,9
DA:142,9
DA:143,1
DA:144,1
DA:145,1
DA:146,1
DA:147,1
DA:148,1
DA:150,9
DA:151,1
DA:152,1
DA:153,1
DA:154,1
DA:155,1
DA:156,1
DA:158,9
DA:159,1
DA:160,1
DA:161,1
DA:162,1
DA:163,1
DA:164,1
DA:165,9
LF:141
LH:141
BRDA:41,0,0,7
BRDA:42,1,0,1
BRDA:42,2,0,1
BRDA:50,3,0,6
BRDA:50,4,0,1
BRDA:116,5,0,9
BRDA:117,6,0,8
BRDA:120,7,0,1
BRDA:128,8,0,8
BRDA:131,9,0,1
BRDA:139,10,0,5
BRDA:142,11,0,1
BRDA:150,12,0,5
BRDA:150,13,0,1
BRDA:158,14,0,1
BRDA:158,15,0,8
BRDA:158,16,0,1
BRDA:158,17,0,7
BRDA:158,18,0,1
BRDA:117,19,0,2
BRDA:118,20,0,2
BRDA:128,21,0,2
BRDA:129,22,0,2
BRDA:139,23,0,7
BRDA:140,24,0,7
BRF:25
BRH:25
end_of_record
TN:
SF:src/contract/checkbox/CheckboxPresentationSchema.ts
FNF:0
FNH:0
DA:1,1
DA:3,1
DA:4,1
DA:5,1
DA:6,1
DA:7,1
DA:8,1
DA:9,1
DA:10,1
DA:11,1
DA:12,1
DA:13,1
DA:14,1
DA:15,1
DA:16,1
DA:17,3
DA:18,1
DA:19,1
DA:20,1
DA:21,1
DA:22,1
DA:23,1
DA:24,3
LF:23
LH:23
BRDA:16,0,0,3
BRDA:17,1,0,1
BRDA:17,2,0,1
BRF:3
BRH:3
end_of_record
TN:
SF:src/contract/checkbox/validate-runtime-checkbox-presentation.ts
FN:21,validateRuntimeCheckboxPresentation
FN:38,parseRuntimeCheckboxPresentation
FN:42,toRuntimeErrors
FNF:3
FNH:3
FNDA:3,validateRuntimeCheckboxPresentation
FNDA:2,parseRuntimeCheckboxPresentation
FNDA:2,toRuntimeErrors
DA:2,1
DA:21,1
DA:22,3
DA:24,3
DA:25,2
DA:26,2
DA:27,2
DA:28,2
DA:29,2
DA:31,1
DA:32,1
DA:33,1
DA:34,1
DA:35,1
DA:36,1
DA:38,1
DA:39,2
DA:40,2
DA:42,2
DA:43,2
DA:44,2
DA:45,2
DA:46,2
DA:47,2
DA:48,2
LF:25
LH:25
BRDA:21,0,0,3
BRDA:24,1,0,2
BRDA:29,2,0,1
BRDA:38,3,0,2
BRDA:42,4,0,2
BRDA:43,5,0,2
BRF:6
BRH:6
end_of_record
TN:
SF:src/contract/dashboard-page/DashboardPagePresentationSchema.ts
FN:127,validateWidgetCollection
FNF:1
FNH:1
FNDA:21,validateWidgetCollection
DA:1,1
DA:3,1
DA:5,1
DA:7,1
DA:9,1
DA:11,1
DA:12,1
DA:13,1
DA:14,1
DA:15,1
DA:16,1
DA:17,1
DA:18,1
DA:19,1
DA:20,1
DA:21,1
DA:22,1
DA:23,1
DA:24,1
DA:25,1
DA:26,1
DA:27,1
DA:28,1
DA:29,1
DA:30,1
DA:32,1
DA:33,1
DA:34,1
DA:35,1
DA:36,1
DA:37,1
DA:38,1
DA:39,1
DA:40,1
DA:41,1
DA:42,1
DA:43,1
DA:44,1
DA:45,1
DA:46,1
DA:47,1
DA:48,1
DA:49,1
DA:50,1
DA:51,1
DA:53,1
DA:54,1
DA:55,1
DA:56,1
DA:57,1
DA:58,1
DA:59,1
DA:60,1
DA:61,1
DA:62,1
DA:63,1
DA:65,1
DA:66,1
DA:67,1
DA:68,1
DA:69,1
DA:70,1
DA:71,1
DA:72,1
DA:73,1
DA:74,1
DA:76,1
DA:77,1
DA:78,1
DA:79,1
DA:80,1
DA:82,1
DA:83,1
DA:84,1
DA:85,1
DA:86,1
DA:87,1
DA:88,1
DA:89,1
DA:90,1
DA:91,1
DA:92,1
DA:94,1
DA:95,1
DA:96,1
DA:97,1
DA:98,1
DA:99,1
DA:100,1
DA:101,1
DA:102,1
DA:103,1
DA:104,1
DA:105,1
DA:106,1
DA:107,1
DA:108,7
DA:109,1
DA:110,1
DA:111,1
DA:112,1
DA:113,1
DA:114,1
DA:116,7
DA:117,7
DA:119,7
DA:120,1
DA:121,1
DA:122,1
DA:123,1
DA:124,1
DA:125,1
DA:127,7
DA:128,21
DA:129,21
DA:130,21
DA:131,21
DA:132,21
DA:134,21
DA:135,1
DA:136,1
DA:137,1
DA:138,1
DA:139,1
DA:140,1
DA:141,21
DA:143,7
DA:144,7
DA:145,7
DA:147,7
DA:148,7
DA:149,7
DA:150,7
DA:151,7
DA:152,7
DA:154,7
DA:155,2
DA:156,2
DA:157,2
DA:158,2
DA:159,2
DA:160,2
DA:161,7
LF:143
LH:143
BRDA:107,0,0,7
BRDA:108,1,0,1
BRDA:116,2,0,6
BRDA:119,3,0,1
BRDA:143,4,0,5
BRDA:144,5,0,6
BRDA:148,6,0,5
BRDA:149,7,0,6
BRDA:154,8,0,2
BRDA:116,9,0,2
BRDA:117,10,0,2
BRDA:127,11,0,21
BRDA:134,12,0,1
BRDA:131,13,0,4
BRDA:132,14,0,4
BRDA:148,15,0,3
BRDA:149,16,0,1
BRDA:152,17,0,4
BRF:18
BRH:18
end_of_record
TN:
SF:src/contract/dashboard-page/validate-runtime-dashboard-page-presentation.ts
FN:21,validateRuntimeDashboardPagePresentation
FN:40,parseRuntimeDashboardPagePresentation
FN:44,toRuntimeErrors
FNF:3
FNH:3
FNDA:6,validateRuntimeDashboardPagePresentation
FNDA:2,parseRuntimeDashboardPagePresentation
FNDA:5,toRuntimeErrors
DA:2,1
DA:21,1
DA:22,6
DA:23,6
DA:24,6
DA:26,6
DA:27,5
DA:28,5
DA:29,5
DA:30,5
DA:31,5
DA:33,1
DA:34,1
DA:35,1
DA:36,1
DA:37,1
DA:38,1
DA:40,1
DA:41,2
DA:42,2
DA:44,5
DA:45,5
DA:46,7
DA:47,7
DA:48,7
DA:49,5
DA:50,5
LF:27
LH:27
BRDA:21,0,0,6
BRDA:26,1,0,5
BRDA:31,2,0,1
BRDA:40,3,0,2
BRDA:44,4,0,5
BRDA:45,5,0,7
BRF:6
BRH:6
end_of_record
TN:
SF:src/contract/data-grid/DataGridColumnSchema.ts
FNF:0
FNH:0
DA:1,1
DA:3,1
DA:4,1
DA:5,1
DA:6,1
DA:7,1
DA:8,1
DA:9,1
DA:10,1
DA:11,1
DA:12,1
DA:13,1
DA:14,1
DA:15,1
DA:16,1
DA:18,1
DA:20,1
DA:21,1
DA:22,1
DA:23,1
DA:24,1
DA:26,1
DA:27,1
DA:28,1
DA:29,1
DA:35,1
DA:37,1
DA:39,1
DA:44,1
DA:46,1
DA:48,1
DA:49,1
DA:51,1
DA:56,1
DA:57,1
DA:63,1
DA:64,1
DA:65,1
DA:66,1
DA:67,1
DA:68,1
DA:74,1
DA:75,1
DA:76,1
DA:77,1
DA:78,1
DA:79,1
DA:80,1
DA:81,1
DA:82,1
DA:83,1
DA:84,1
DA:85,26
DA:86,26
DA:87,26
DA:88,26
DA:89,26
DA:90,26
DA:91,26
DA:92,26
DA:93,26
DA:94,26
DA:95,26
DA:96,26
DA:98,26
DA:99,1
DA:100,1
DA:101,1
DA:102,1
DA:103,1
DA:104,1
DA:106,26
DA:107,1
DA:108,1
DA:109,1
DA:110,1
DA:111,1
DA:112,1
DA:114,26
DA:115,1
DA:116,1
DA:117,1
DA:118,1
DA:119,1
DA:120,1
DA:122,26
DA:123,1
DA:124,1
DA:125,1
DA:126,1
DA:127,1
DA:128,1
DA:130,26
DA:131,1
DA:132,1
DA:133,1
DA:134,1
DA:135,1
DA:136,1
DA:137,26
LF:100
LH:100
BRDA:84,0,0,26
BRDA:98,1,0,21
BRDA:98,2,0,1
BRDA:106,3,0,21
BRDA:106,4,0,5
BRDA:106,5,0,1
BRDA:114,6,0,17
BRDA:114,7,0,1
BRDA:122,8,0,9
BRDA:122,9,0,1
BRDA:130,10,0,1
BRDA:130,11,0,1
BRF:12
BRH:12
end_of_record
TN:
SF:src/contract/data-grid/DataGridPresentationSchema.ts
FNF:0
FNH:0
DA:1,1
DA:2,1
DA:3,1
DA:5,1
DA:6,1
DA:7,1
DA:8,1
DA:9,1
DA:10,1
DA:12,1
DA:13,1
DA:14,1
DA:15,1
DA:16,1
DA:17,1
DA:19,1
DA:20,1
DA:21,1
DA:22,1
DA:23,1
DA:24,1
DA:26,1
DA:27,1
DA:28,1
DA:29,1
DA:30,1
DA:31,1
DA:32,1
DA:34,1
DA:35,1
DA:36,1
DA:38,1
DA:40,1
DA:41,1
DA:42,1
DA:44,1
DA:46,1
DA:51,1
DA:52,1
DA:53,1
DA:54,1
DA:55,1
DA:56,19
DA:57,19
DA:59,19
DA:60,1
DA:61,1
DA:62,1
DA:63,1
DA:64,1
DA:65,1
DA:67,19
DA:68,19
DA:69,1
DA:70,1
DA:71,1
DA:72,1
DA:73,1
DA:74,1
DA:76,19
DA:77,19
DA:79,19
DA:80,1
DA:81,1
DA:82,1
DA:83,1
DA:84,1
DA:85,1
DA:87,19
DA:88,19
DA:89,1
DA:90,1
DA:91,1
DA:92,1
DA:93,1
DA:94,1
DA:96,19
DA:97,1
DA:98,1
DA:99,1
DA:100,1
DA:101,1
DA:102,1
DA:104,19
DA:105,19
DA:106,2
DA:107,2
DA:108,2
DA:109,2
DA:110,2
DA:111,2
DA:130,19
LF:92
LH:92
BRDA:55,0,0,19
BRDA:59,1,0,1
BRDA:68,2,0,1
BRDA:76,3,0,16
BRDA:79,4,0,1
BRDA:88,5,0,1
BRDA:96,6,0,3
BRDA:96,7,0,2
BRDA:96,8,0,1
BRDA:105,9,0,2
BRDA:114,10,0,1
BRDA:114,11,0,1
BRDA:114,12,0,1
BRDA:123,13,0,1
BRDA:123,14,0,1
BRDA:123,15,0,1
BRDA:56,16,0,26
BRDA:57,17,0,26
BRDA:67,18,0,26
BRDA:76,19,0,4
BRDA:77,20,0,4
BRDA:87,21,0,26
BRDA:104,22,0,26
BRDA:104,23,0,17
BRF:24
BRH:24
end_of_record
TN:
SF:src/contract/data-grid/DataGridRowActionSchema.ts
FNF:0
FNH:0
DA:1,1
DA:3,1
DA:5,1
DA:6,1
DA:7,1
DA:8,1
DA:9,1
DA:10,1
DA:16,1
DA:21,1
DA:22,1
DA:23,1
DA:24,1
LF:13
LH:13
BRF:0
BRH:0
end_of_record
TN:
SF:src/contract/date-input/DateInputPresentationSchema.ts
FNF:0
FNH:0
DA:1,1
DA:3,1
DA:4,1
DA:5,1
DA:6,1
DA:7,1
DA:8,1
DA:9,1
DA:10,1
DA:11,1
DA:12,1
DA:13,1
DA:14,1
DA:15,1
DA:16,1
DA:17,1
DA:18,3
DA:19,1
DA:20,1
DA:21,1
DA:22,1
DA:23,1
DA:24,1
DA:25,3
LF:24
LH:24
BRDA:17,0,0,3
BRDA:18,1,0,1
BRDA:18,2,0,1
BRF:3
BRH:3
end_of_record
TN:
SF:src/contract/date-input/validate-runtime-date-input-presentation.ts
FN:21,validateRuntimeDateInputPresentation
FN:38,parseRuntimeDateInputPresentation
FN:42,toRuntimeErrors
FNF:3
FNH:3
FNDA:3,validateRuntimeDateInputPresentation
FNDA:2,parseRuntimeDateInputPresentation
FNDA:2,toRuntimeErrors
DA:2,1
DA:21,1
DA:22,3
DA:24,3
DA:25,2
DA:26,2
DA:27,2
DA:28,2
DA:29,2
DA:31,1
DA:32,1
DA:33,1
DA:34,1
DA:35,1
DA:36,1
DA:38,1
DA:39,2
DA:40,2
DA:42,2
DA:43,2
DA:44,2
DA:45,2
DA:46,2
DA:47,2
DA:48,2
LF:25
LH:25
BRDA:21,0,0,3
BRDA:24,1,0,2
BRDA:29,2,0,1
BRDA:38,3,0,2
BRDA:42,4,0,2
BRDA:43,5,0,2
BRF:6
BRH:6
end_of_record
TN:
SF:src/contract/detail-item/DetailItemSchema.ts
FNF:0
FNH:0
DA:1,1
DA:3,1
DA:4,1
DA:5,1
DA:6,1
DA:7,1
DA:8,1
DA:9,1
DA:10,1
DA:11,1
DA:12,1
DA:13,1
DA:14,1
DA:15,1
DA:17,1
DA:19,1
DA:21,1
DA:23,1
DA:24,1
DA:25,1
DA:26,1
DA:27,1
DA:28,1
DA:29,1
DA:30,1
DA:31,1
DA:32,1
DA:33,1
DA:34,1
DA:35,1
DA:36,1
DA:37,1
DA:39,1
DA:40,1
DA:41,1
DA:43,1
DA:44,1
DA:45,1
DA:47,1
DA:48,1
DA:49,1
DA:50,1
DA:51,1
DA:52,1
DA:53,1
DA:54,1
DA:55,1
DA:57,1
DA:58,1
DA:59,1
DA:60,1
DA:61,1
DA:62,1
DA:63,1
DA:64,1
DA:65,1
DA:67,1
DA:68,1
DA:69,1
DA:70,1
DA:71,1
DA:72,1
DA:73,1
DA:74,1
DA:75,1
DA:76,1
DA:78,1
DA:79,1
DA:80,1
DA:81,1
DA:83,1
DA:84,1
DA:85,1
DA:86,1
DA:87,1
DA:89,1
DA:90,1
DA:91,1
DA:92,1
DA:93,1
DA:94,1
DA:95,1
DA:96,1
DA:97,1
DA:99,1
DA:100,1
DA:101,1
DA:102,1
DA:103,1
DA:104,1
DA:105,1
DA:106,1
DA:107,1
DA:108,1
DA:110,1
DA:111,1
DA:112,1
DA:113,1
DA:114,1
DA:115,1
DA:116,1
DA:117,1
DA:118,1
DA:119,1
DA:121,1
DA:122,1
DA:123,1
DA:124,1
DA:126,1
DA:127,1
DA:128,1
DA:129,1
DA:130,1
DA:131,1
DA:132,1
DA:133,1
DA:134,1
DA:135,1
DA:136,1
DA:137,1
DA:138,1
DA:139,1
DA:140,1
DA:141,4
DA:142,1
DA:143,1
DA:144,1
DA:145,1
DA:146,1
DA:147,1
DA:149,4
DA:150,1
DA:151,1
DA:152,1
DA:153,1
DA:154,1
DA:155,1
DA:156,4
DA:158,1
LF:139
LH:139
BRDA:140,0,0,4
BRDA:141,1,0,1
BRDA:141,2,0,1
BRDA:149,3,0,1
BRDA:149,4,0,1
BRF:5
BRH:5
end_of_record
TN:
SF:src/contract/detail-item/validation-runtime-detail-item.ts
FN:21,validateRuntimeDetailItem
FN:38,parseRuntimeDetailItem
FN:42,toRuntimeErrors
FNF:3
FNH:3
FNDA:4,validateRuntimeDetailItem
FNDA:2,parseRuntimeDetailItem
FNDA:3,toRuntimeErrors
DA:2,1
DA:21,1
DA:22,4
DA:24,4
DA:25,3
DA:26,3
DA:27,3
DA:28,3
DA:29,3
DA:31,1
DA:32,1
DA:33,1
DA:34,1
DA:35,1
DA:36,1
DA:38,1
DA:39,2
DA:40,2
DA:42,3
DA:43,3
DA:44,3
DA:45,3
DA:46,3
DA:47,3
DA:48,3
LF:25
LH:25
BRDA:21,0,0,4
BRDA:24,1,0,3
BRDA:29,2,0,1
BRDA:38,3,0,2
BRDA:42,4,0,3
BRDA:43,5,0,3
BRF:6
BRH:6
end_of_record
TN:
SF:src/contract/detail-page/DetailPagePresentationSchema.ts
FN:248,inferTabKind
FNF:1
FNH:1
FNDA:65,inferTabKind
DA:1,1
DA:3,1
DA:5,1
DA:6,1
DA:7,1
DA:8,1
DA:9,1
DA:10,1
DA:11,1
DA:12,1
DA:14,1
DA:16,1
DA:17,1
DA:18,1
DA:19,1
DA:20,1
DA:21,1
DA:22,1
DA:23,1
DA:24,1
DA:26,1
DA:27,1
DA:28,1
DA:29,1
DA:30,1
DA:31,1
DA:32,1
DA:34,1
DA:35,1
DA:36,1
DA:37,1
DA:38,1
DA:39,1
DA:40,1
DA:41,1
DA:42,1
DA:43,1
DA:44,1
DA:45,1
DA:46,4
DA:47,1
DA:48,1
DA:49,1
DA:50,1
DA:51,1
DA:52,1
DA:54,4
DA:55,1
DA:56,1
DA:57,1
DA:58,1
DA:59,1
DA:60,1
DA:61,4
DA:63,1
DA:64,1
DA:65,1
DA:66,1
DA:67,1
DA:68,1
DA:69,1
DA:70,1
DA:71,1
DA:72,1
DA:73,1
DA:74,1
DA:75,1
DA:76,1
DA:78,1
DA:79,1
DA:80,1
DA:81,1
DA:82,1
DA:83,1
DA:84,1
DA:85,1
DA:86,1
DA:87,1
DA:88,1
DA:89,1
DA:90,1
DA:91,1
DA:92,1
DA:93,1
DA:94,1
DA:95,1
DA:96,20
DA:97,1
DA:98,1
DA:99,1
DA:100,1
DA:101,1
DA:102,1
DA:104,20
DA:105,20
DA:107,20
DA:108,1
DA:109,1
DA:110,1
DA:111,1
DA:112,1
DA:113,1
DA:115,20
DA:116,20
DA:117,20
DA:118,20
DA:119,20
DA:120,20
DA:121,20
DA:123,20
DA:124,100
DA:125,4
DA:126,4
DA:127,4
DA:128,4
DA:129,4
DA:130,4
DA:131,100
DA:133,20
DA:134,20
DA:136,20
DA:137,1
DA:138,1
DA:139,1
DA:140,1
DA:141,1
DA:142,1
DA:144,20
DA:145,1
DA:146,1
DA:147,1
DA:148,1
DA:149,1
DA:150,1
DA:152,20
DA:153,20
DA:154,20
DA:155,20
DA:157,20
DA:158,1
DA:159,1
DA:160,1
DA:161,1
DA:162,1
DA:163,20
DA:164,1
DA:165,1
DA:166,1
DA:167,1
DA:168,1
DA:169,1
DA:171,20
DA:172,1
DA:173,1
DA:174,1
DA:175,1
DA:176,1
DA:177,1
DA:179,20
DA:180,1
DA:181,1
DA:182,1
DA:183,1
DA:184,1
DA:185,1
DA:187,20
DA:188,2
DA:189,2
DA:190,2
DA:191,2
DA:192,2
DA:193,2
DA:195,20
DA:196,1
DA:197,1
DA:198,1
DA:199,1
DA:200,1
DA:201,1
DA:203,20
DA:204,2
DA:205,2
DA:206,2
DA:207,2
DA:208,2
DA:209,2
DA:211,20
DA:212,20
DA:214,20
DA:215,1
DA:216,1
DA:217,1
DA:218,1
DA:219,1
DA:220,1
DA:222,20
DA:223,1
DA:224,1
DA:225,1
DA:226,1
DA:227,1
DA:228,1
DA:230,20
DA:231,2
DA:232,2
DA:233,1
DA:234,1
DA:235,1
DA:236,1
DA:237,1
DA:238,1
DA:239,2
DA:240,20
DA:248,65
DA:249,65
DA:250,1
DA:251,1
DA:253,65
DA:254,21
DA:255,21
DA:257,65
DA:258,19
DA:259,19
DA:261,65
DA:262,19
DA:263,19
DA:265,5
DA:266,5
LF:228
LH:228
BRDA:45,0,0,4
BRDA:46,1,0,3
BRDA:46,2,0,1
BRDA:54,3,0,1
BRDA:54,4,0,1
BRDA:95,5,0,20
BRDA:96,6,0,1
BRDA:107,7,0,1
BRDA:123,8,0,100
BRDA:124,9,0,4
BRDA:136,10,0,1
BRDA:144,11,0,1
BRDA:157,12,0,1
BRDA:163,13,0,19
BRDA:163,14,0,1
BRDA:171,15,0,1
BRDA:179,16,0,1
BRDA:187,17,0,19
BRDA:187,18,0,18
BRDA:187,19,0,2
BRDA:195,20,0,19
BRDA:195,21,0,1
BRDA:203,22,0,19
BRDA:203,23,0,2
BRDA:211,24,0,17
BRDA:214,25,0,1
BRDA:222,26,0,2
BRDA:222,27,0,1
BRDA:230,28,0,2
BRDA:232,29,0,1
BRDA:104,30,0,97
BRDA:105,31,0,97
BRDA:133,32,0,63
BRDA:134,33,0,63
BRDA:152,34,0,63
BRDA:211,35,0,4
BRDA:212,36,0,4
BRDA:231,37,0,3
BRDA:248,38,0,65
BRDA:249,39,0,1
BRDA:251,40,0,64
BRDA:253,41,0,21
BRDA:255,42,0,43
BRDA:257,43,0,19
BRDA:259,44,0,24
BRDA:261,45,0,5
BRDA:261,46,0,19
BRDA:263,47,0,5
BRF:48
BRH:48
end_of_record
TN:
SF:src/contract/detail-page/validate-runtime-detail-page-presentation.ts
FN:21,validateRuntimeDetailPagePresentation
FN:38,parseRuntimeDetailPagePresentation
FN:42,toRuntimeErrors
FNF:3
FNH:3
FNDA:20,validateRuntimeDetailPagePresentation
FNDA:2,parseRuntimeDetailPagePresentation
FNDA:18,toRuntimeErrors
DA:2,1
DA:21,1
DA:22,20
DA:24,20
DA:25,18
DA:26,18
DA:27,18
DA:28,18
DA:29,18
DA:31,2
DA:32,2
DA:33,2
DA:34,2
DA:35,2
DA:36,2
DA:38,1
DA:39,2
DA:40,2
DA:42,18
DA:43,18
DA:44,27
DA:45,27
DA:46,27
DA:47,18
DA:48,18
LF:25
LH:25
BRDA:21,0,0,20
BRDA:24,1,0,18
BRDA:29,2,0,2
BRDA:38,3,0,2
BRDA:42,4,0,18
BRDA:43,5,0,27
BRF:6
BRH:6
end_of_record
TN:
SF:src/contract/detail-section/DetailSectionPresentationSchema.ts
FNF:0
FNH:0
DA:1,1
DA:3,1
DA:5,1
DA:6,1
DA:7,1
DA:8,1
DA:9,1
DA:10,1
DA:11,1
DA:12,1
DA:13,1
DA:14,1
DA:15,1
DA:16,1
DA:18,1
DA:20,1
DA:22,1
DA:23,1
DA:24,1
DA:25,1
DA:26,1
DA:27,1
DA:28,1
DA:29,1
DA:30,1
DA:31,1
DA:32,1
DA:33,1
DA:34,1
DA:35,7
DA:36,1
DA:37,1
DA:38,1
DA:39,1
DA:40,1
DA:41,1
DA:43,7
DA:44,1
DA:45,1
DA:46,1
DA:47,1
DA:48,1
DA:49,1
DA:50,7
DA:52,1
DA:53,1
DA:54,1
DA:55,1
DA:56,1
DA:57,1
DA:59,1
DA:60,1
DA:61,1
DA:62,1
DA:67,1
DA:69,1
DA:74,1
DA:75,1
DA:76,1
DA:77,1
DA:78,1
DA:80,1
DA:81,1
DA:82,1
DA:83,1
DA:84,1
DA:85,1
DA:86,1
DA:87,1
DA:88,1
DA:90,1
DA:91,1
DA:92,1
DA:93,1
DA:94,1
DA:95,1
DA:96,1
DA:98,1
DA:99,1
DA:100,1
DA:101,1
DA:102,1
DA:103,1
DA:104,1
DA:106,1
DA:107,1
DA:108,1
DA:109,1
DA:110,1
DA:111,1
DA:112,1
DA:113,1
DA:115,1
DA:116,1
DA:117,1
DA:118,1
DA:119,1
DA:120,1
DA:121,1
DA:123,1
DA:124,1
DA:125,1
DA:126,1
DA:127,1
DA:128,1
DA:130,1
DA:131,1
DA:132,1
DA:138,1
DA:140,1
DA:141,1
DA:142,1
DA:144,1
DA:145,1
DA:146,1
DA:147,1
DA:148,1
DA:149,1
DA:150,1
DA:152,1
DA:153,1
DA:154,1
DA:156,1
DA:157,1
DA:159,1
DA:161,1
DA:163,1
DA:164,1
DA:165,1
DA:166,1
DA:167,1
DA:168,9
DA:169,9
DA:171,9
DA:172,1
DA:173,1
DA:174,1
DA:175,1
DA:176,1
DA:177,1
DA:179,9
DA:180,1
DA:181,1
DA:182,1
DA:183,1
DA:184,1
DA:185,1
DA:187,9
DA:188,8
DA:189,8
DA:191,8
DA:192,1
DA:193,1
DA:194,1
DA:195,1
DA:196,1
DA:197,1
DA:198,8
DA:200,9
DA:201,1
DA:202,1
DA:204,1
DA:205,1
DA:206,1
DA:207,1
DA:208,1
DA:209,1
DA:210,1
DA:211,1
DA:213,9
DA:214,9
DA:215,1
DA:216,1
DA:217,1
DA:218,9
DA:219,1
DA:220,1
DA:221,1
DA:222,1
DA:223,1
DA:224,1
DA:225,9
LF:182
LH:182
BRDA:34,0,0,7
BRDA:35,1,0,1
BRDA:35,2,0,1
BRDA:43,3,0,6
BRDA:43,4,0,1
BRDA:167,5,0,9
BRDA:168,6,0,5
BRDA:171,7,0,1
BRDA:179,8,0,5
BRDA:179,9,0,1
BRDA:187,10,0,2
BRDA:187,11,0,8
BRDA:191,12,0,1
BRDA:200,13,0,1
BRDA:214,14,0,1
BRDA:215,15,0,1
BRDA:216,16,0,1
BRDA:218,17,0,1
BRDA:168,18,0,7
BRDA:169,19,0,7
BRDA:188,20,0,9
BRDA:189,21,0,9
BRDA:201,22,0,2
BRDA:202,23,0,2
BRF:24
BRH:24
end_of_record
TN:
SF:src/contract/empty-state/EmptyStatePresentationSchema.ts
FNF:0
FNH:0
DA:1,1
DA:3,1
DA:5,1
DA:7,1
DA:8,1
DA:9,1
DA:10,1
DA:11,1
DA:12,1
DA:13,1
DA:14,1
DA:15,3
DA:16,1
DA:17,1
DA:18,1
DA:19,1
DA:20,1
DA:21,1
DA:22,3
DA:24,1
DA:25,1
DA:26,1
DA:27,1
DA:28,1
DA:29,1
DA:30,1
DA:31,1
DA:32,1
DA:33,1
DA:34,1
DA:35,1
DA:36,6
DA:37,1
DA:38,1
DA:39,1
DA:40,1
DA:41,1
DA:42,1
DA:44,6
DA:45,1
DA:46,1
DA:47,1
DA:48,1
DA:49,1
DA:50,1
DA:52,6
DA:53,1
DA:54,1
DA:55,1
DA:56,1
DA:57,1
DA:58,1
DA:59,6
LF:53
LH:53
BRDA:14,0,0,3
BRDA:15,1,0,1
BRDA:35,2,0,6
BRDA:36,3,0,1
BRDA:44,4,0,2
BRDA:44,5,0,1
BRDA:52,6,0,1
BRDA:52,7,0,1
BRF:8
BRH:8
end_of_record
TN:
SF:src/contract/empty-state/validate-runtime-empty-state-presentation.ts
FN:21,validateRuntimeEmptyStatePresentation
FN:38,parseRuntimeEmptyStatePresentation
FN:42,toRuntimeErrors
FNF:3
FNH:3
FNDA:6,validateRuntimeEmptyStatePresentation
FNDA:2,parseRuntimeEmptyStatePresentation
FNDA:5,toRuntimeErrors
DA:2,1
DA:21,1
DA:22,6
DA:24,6
DA:25,5
DA:26,5
DA:27,5
DA:28,5
DA:29,5
DA:31,1
DA:32,1
DA:33,1
DA:34,1
DA:35,1
DA:36,1
DA:38,1
DA:39,2
DA:40,2
DA:42,5
DA:43,5
DA:44,5
DA:45,5
DA:46,5
DA:47,5
DA:48,5
LF:25
LH:25
BRDA:21,0,0,6
BRDA:24,1,0,5
BRDA:29,2,0,1
BRDA:38,3,0,2
BRDA:42,4,0,5
BRDA:43,5,0,5
BRF:6
BRH:6
end_of_record
TN:
SF:src/contract/error-state/ErrorStatePresentationSchema.ts
FNF:0
FNH:0
DA:1,1
DA:3,1
DA:5,1
DA:7,1
DA:8,1
DA:9,1
DA:10,1
DA:11,1
DA:12,1
DA:14,1
DA:15,1
DA:16,1
DA:17,1
DA:18,1
DA:19,1
DA:20,1
DA:21,1
DA:22,2
DA:23,1
DA:24,1
DA:25,1
DA:26,1
DA:27,1
DA:28,1
DA:29,2
DA:31,1
DA:32,1
DA:33,1
DA:34,1
DA:35,1
DA:36,1
DA:37,1
DA:39,1
DA:40,1
DA:41,1
DA:42,1
DA:43,1
DA:44,1
DA:45,1
DA:46,1
DA:47,1
DA:48,1
DA:49,1
DA:50,1
DA:51,1
DA:52,8
DA:53,1
DA:54,1
DA:55,1
DA:56,1
DA:57,1
DA:58,1
DA:60,8
DA:61,1
DA:62,1
DA:63,1
DA:64,1
DA:65,1
DA:66,1
DA:68,8
DA:69,1
DA:70,1
DA:71,1
DA:72,1
DA:73,1
DA:74,1
DA:76,8
DA:77,1
DA:78,1
DA:79,1
DA:80,1
DA:81,1
DA:82,1
DA:84,8
DA:85,1
DA:86,1
DA:87,1
DA:88,1
DA:89,1
DA:90,1
DA:91,8
LF:81
LH:81
BRDA:21,0,0,2
BRDA:22,1,0,1
BRDA:51,2,0,8
BRDA:52,3,0,1
BRDA:60,4,0,1
BRDA:60,5,0,1
BRDA:68,6,0,2
BRDA:68,7,0,1
BRDA:76,8,0,1
BRDA:76,9,0,1
BRDA:84,10,0,1
BRDA:84,11,0,1
BRF:12
BRH:12
end_of_record
TN:
SF:src/contract/error-state/validate-runtime-error-state-presentation.ts
FN:21,validateRuntimeErrorStatePresentation
FN:38,parseRuntimeErrorStatePresentation
FN:42,toRuntimeErrors
FNF:3
FNH:3
FNDA:8,validateRuntimeErrorStatePresentation
FNDA:2,parseRuntimeErrorStatePresentation
FNDA:7,toRuntimeErrors
DA:2,1
DA:21,1
DA:22,8
DA:24,8
DA:25,7
DA:26,7
DA:27,7
DA:28,7
DA:29,7
DA:31,1
DA:32,1
DA:33,1
DA:34,1
DA:35,1
DA:36,1
DA:38,1
DA:39,2
DA:40,2
DA:42,7
DA:43,7
DA:44,7
DA:45,7
DA:46,7
DA:47,7
DA:48,7
LF:25
LH:25
BRDA:21,0,0,8
BRDA:24,1,0,7
BRDA:29,2,0,1
BRDA:38,3,0,2
BRDA:42,4,0,7
BRDA:43,5,0,7
BRF:6
BRH:6
end_of_record
TN:
SF:src/contract/field-value/FieldValuePresentationSchema.ts
FNF:0
FNH:0
DA:1,1
DA:3,1
DA:4,1
DA:5,1
DA:6,1
DA:7,1
DA:8,1
DA:9,1
DA:10,1
DA:11,1
DA:12,1
DA:13,1
DA:14,1
DA:16,1
DA:18,1
DA:20,1
DA:22,1
DA:23,1
DA:24,1
DA:25,1
DA:26,1
DA:27,1
DA:28,1
DA:30,1
DA:31,1
DA:32,1
DA:34,1
DA:40,1
DA:45,1
DA:51,1
DA:57,1
DA:58,1
DA:59,1
DA:60,1
DA:61,1
DA:62,1
DA:67,1
DA:68,1
DA:69,1
DA:70,1
DA:71,1
DA:72,1
DA:73,14
DA:74,14
DA:75,1
DA:76,1
DA:77,1
DA:78,1
DA:79,1
DA:80,1
DA:82,14
DA:83,1
DA:84,1
DA:85,1
DA:86,1
DA:87,1
DA:88,1
DA:90,14
DA:91,1
DA:92,1
DA:93,1
DA:94,1
DA:95,1
DA:96,1
DA:98,14
DA:99,1
DA:100,1
DA:101,1
DA:102,1
DA:103,1
DA:104,1
DA:106,14
DA:107,1
DA:108,1
DA:109,1
DA:110,1
DA:111,1
DA:112,1
DA:114,14
DA:115,1
DA:116,1
DA:117,1
DA:118,1
DA:119,1
DA:120,1
DA:121,14
LF:86
LH:86
BRDA:72,0,0,14
BRDA:74,1,0,4
BRDA:74,2,0,1
BRDA:82,3,0,2
BRDA:82,4,0,1
BRDA:90,5,0,2
BRDA:90,6,0,1
BRDA:98,7,0,6
BRDA:98,8,0,2
BRDA:98,9,0,1
BRDA:106,10,0,6
BRDA:106,11,0,2
BRDA:106,12,0,1
BRDA:114,13,0,6
BRDA:114,14,0,2
BRDA:114,15,0,1
BRF:16
BRH:16
end_of_record
TN:
SF:src/contract/filter-bar/FilterBarPresentationSchema.ts
FNF:0
FNH:0
DA:1,1
DA:3,1
DA:5,1
DA:7,1
DA:8,1
DA:9,1
DA:10,1
DA:11,1
DA:12,1
DA:13,1
DA:14,1
DA:15,1
DA:16,1
DA:18,1
DA:19,1
DA:20,1
DA:21,1
DA:22,1
DA:23,1
DA:25,1
DA:26,1
DA:27,1
DA:28,1
DA:29,1
DA:30,1
DA:31,1
DA:33,1
DA:34,1
DA:35,1
DA:36,1
DA:37,1
DA:38,1
DA:39,1
DA:40,1
DA:41,1
DA:42,1
DA:43,1
DA:44,1
DA:45,5
DA:47,5
DA:48,2
DA:49,2
DA:50,2
DA:51,2
DA:52,2
DA:53,2
DA:55,5
DA:56,1
DA:57,1
DA:58,1
DA:59,1
DA:60,1
DA:61,1
DA:62,5
DA:64,1
DA:65,1
DA:66,1
DA:67,1
DA:68,1
DA:69,1
DA:70,1
DA:71,1
DA:73,1
DA:74,1
DA:75,1
DA:76,1
DA:77,1
DA:78,1
DA:79,1
DA:81,1
DA:82,1
DA:83,1
DA:84,1
DA:85,1
DA:86,1
DA:88,1
DA:89,1
DA:90,1
DA:91,1
DA:92,1
DA:93,1
DA:94,1
DA:96,1
DA:97,1
DA:98,1
DA:99,1
DA:101,1
DA:102,1
DA:103,1
DA:105,1
DA:107,1
DA:108,1
DA:110,1
DA:111,1
DA:112,1
DA:113,1
DA:114,7
DA:115,7
DA:117,7
DA:118,1
DA:119,1
DA:120,1
DA:121,1
DA:122,1
DA:123,1
DA:125,7
DA:126,7
DA:127,7
DA:128,7
DA:130,7
DA:131,1
DA:132,1
DA:133,1
DA:134,1
DA:135,1
DA:136,1
DA:137,7
LF:117
LH:117
BRDA:44,0,0,5
BRDA:45,1,0,3
BRDA:47,2,0,2
BRDA:47,3,0,1
BRDA:47,4,0,2
BRDA:55,5,0,3
BRDA:55,6,0,1
BRDA:55,7,0,1
BRDA:113,8,0,7
BRDA:114,9,0,3
BRDA:117,10,0,1
BRDA:125,11,0,1
BRDA:125,12,0,6
BRDA:130,13,0,1
BRDA:114,14,0,5
BRDA:115,15,0,5
BRDA:125,16,0,2
BRDA:127,17,0,2
BRF:18
BRH:18
end_of_record
TN:
SF:src/contract/filter-bar/validate-runtime-filter-bar-presentation.ts
FN:21,validateRuntimeFilterBarPresentation
FN:38,parseRuntimeFilterBarPresentation
FN:42,toRuntimeErrors
FNF:3
FNH:3
FNDA:7,validateRuntimeFilterBarPresentation
FNDA:2,parseRuntimeFilterBarPresentation
FNDA:6,toRuntimeErrors
DA:2,1
DA:21,1
DA:22,7
DA:24,7
DA:25,6
DA:26,6
DA:27,6
DA:28,6
DA:29,6
DA:31,1
DA:32,1
DA:33,1
DA:34,1
DA:35,1
DA:36,1
DA:38,1
DA:39,2
DA:40,2
DA:42,6
DA:43,6
DA:44,6
DA:45,6
DA:46,6
DA:47,6
DA:48,6
LF:25
LH:25
BRDA:21,0,0,7
BRDA:24,1,0,6
BRDA:29,2,0,1
BRDA:38,3,0,2
BRDA:42,4,0,6
BRDA:43,5,0,6
BRF:6
BRH:6
end_of_record
TN:
SF:src/contract/form/IkaryFormPresentationSchema.ts
FNF:0
FNH:0
DA:1,1
DA:2,1
DA:4,1
DA:6,1
DA:7,1
DA:8,1
DA:9,1
DA:10,1
DA:11,1
DA:12,1
DA:14,1
DA:15,1
DA:16,1
DA:17,1
DA:18,1
DA:19,1
DA:20,1
DA:21,1
DA:22,1
DA:24,1
DA:25,1
DA:26,1
DA:28,1
DA:29,1
DA:30,1
DA:32,1
DA:33,1
DA:34,1
DA:36,1
DA:38,1
DA:39,1
DA:40,1
DA:41,1
DA:42,1
DA:43,1
DA:44,1
DA:45,1
DA:46,5
DA:47,5
DA:49,5
DA:50,1
DA:51,1
DA:52,1
DA:53,1
DA:54,1
DA:55,1
DA:57,5
DA:58,5
DA:59,1
DA:60,1
DA:61,1
DA:62,1
DA:63,1
DA:64,1
DA:66,5
DA:67,1
DA:68,1
DA:69,1
DA:70,1
DA:71,1
DA:72,1
DA:73,5
DA:79,1
DA:80,1
DA:81,1
DA:82,1
LF:66
LH:66
BRDA:45,0,0,5
BRDA:49,1,0,1
BRDA:57,2,0,4
BRDA:58,3,0,1
BRDA:58,4,0,1
BRDA:66,5,0,2
BRDA:66,6,0,1
BRDA:66,7,0,1
BRDA:46,8,0,6
BRDA:47,9,0,6
BRF:10
BRH:10
end_of_record
TN:
SF:src/contract/form-field/FormFieldPresentationSchema.ts
FNF:0
FNH:0
DA:1,1
DA:3,1
DA:5,1
DA:6,1
DA:7,1
DA:8,1
DA:9,1
DA:10,1
DA:11,1
DA:12,1
DA:13,1
DA:14,1
DA:16,1
DA:18,1
DA:19,1
DA:20,1
DA:21,1
DA:22,1
DA:23,1
DA:24,1
DA:25,1
DA:26,1
DA:28,1
DA:29,1
DA:30,1
DA:31,1
DA:32,1
DA:33,1
DA:35,1
DA:36,1
DA:37,1
DA:39,1
DA:41,1
DA:42,1
DA:44,1
DA:45,1
DA:46,1
DA:47,1
DA:49,1
DA:51,1
DA:52,1
DA:53,1
DA:54,1
DA:56,1
DA:57,1
DA:58,1
DA:59,1
DA:60,1
DA:61,1
DA:62,1
DA:64,1
DA:65,1
DA:66,1
DA:67,1
DA:69,1
DA:70,1
DA:71,1
DA:72,1
DA:73,1
DA:122,1
DA:123,1
DA:124,1
DA:125,1
DA:126,1
DA:127,1
DA:128,1
DA:133,1
DA:134,1
DA:141,1
DA:142,1
DA:143,1
DA:144,1
DA:145,1
DA:146,1
DA:147,1
DA:148,1
DA:149,23
DA:150,22
DA:151,1
DA:152,1
DA:153,1
DA:154,1
DA:155,1
DA:156,1
DA:158,22
DA:159,1
DA:160,1
DA:161,1
DA:162,1
DA:163,1
DA:164,1
DA:165,22
DA:167,23
DA:169,23
DA:171,3
DA:172,3
DA:174,23
DA:175,1
DA:176,1
DA:177,1
DA:178,1
DA:179,1
DA:180,1
DA:182,3
DA:183,3
DA:184,3
DA:185,3
DA:187,23
DA:188,1
DA:189,1
DA:190,1
DA:191,1
DA:192,1
DA:193,1
DA:194,3
LF:115
LH:115
BRDA:148,0,0,23
BRDA:149,1,0,22
BRDA:150,2,0,3
BRDA:150,3,0,2
BRDA:150,4,0,1
BRDA:158,5,0,19
BRDA:158,6,0,1
BRDA:167,7,0,1
BRDA:167,8,0,22
BRDA:167,9,0,1
BRDA:169,10,0,20
BRDA:169,11,0,3
BRDA:174,12,0,1
BRDA:180,13,0,3
BRDA:187,14,0,1
BRDA:193,15,0,3
BRDA:171,16,0,5
BRDA:172,17,0,5
BRDA:182,18,0,5
BRDA:184,19,0,5
BRF:20
BRH:20
end_of_record
TN:
SF:src/contract/form-section/FormSectionPresentationSchema.ts
FNF:0
FNH:0
DA:1,1
DA:2,1
DA:4,1
DA:6,1
DA:8,1
DA:10,1
DA:11,1
DA:12,1
DA:13,1
DA:14,1
DA:15,1
DA:16,1
DA:17,1
DA:18,1
DA:19,1
DA:20,1
DA:21,1
DA:22,1
DA:23,7
DA:24,1
DA:25,1
DA:26,1
DA:27,1
DA:28,1
DA:29,1
DA:31,7
DA:32,1
DA:33,1
DA:34,1
DA:35,1
DA:36,1
DA:37,1
DA:38,7
DA:40,1
DA:41,1
DA:42,1
DA:44,1
DA:45,1
DA:46,1
DA:48,1
DA:50,1
DA:52,1
DA:54,1
DA:55,1
DA:57,1
DA:58,1
DA:59,1
DA:61,1
DA:62,1
DA:63,1
DA:64,1
DA:65,1
DA:66,16
DA:67,16
DA:69,16
DA:70,1
DA:71,1
DA:72,1
DA:73,1
DA:74,1
DA:75,1
DA:77,16
DA:78,16
DA:80,16
DA:81,1
DA:82,1
DA:83,1
DA:84,1
DA:85,1
DA:86,1
DA:88,16
DA:89,1
DA:90,1
DA:91,1
DA:92,1
DA:93,1
DA:94,1
DA:96,16
DA:97,1
DA:98,1
DA:99,1
DA:100,1
DA:101,1
DA:102,1
DA:104,16
DA:105,2
DA:106,2
DA:107,2
DA:109,2
DA:110,2
DA:111,2
DA:112,2
DA:113,2
DA:114,2
DA:115,2
DA:116,2
DA:117,16
LF:97
LH:97
BRDA:22,0,0,7
BRDA:23,1,0,1
BRDA:23,2,0,1
BRDA:31,3,0,6
BRDA:31,4,0,1
BRDA:65,5,0,16
BRDA:69,6,0,1
BRDA:77,7,0,12
BRDA:80,8,0,1
BRDA:88,9,0,12
BRDA:88,10,0,1
BRDA:96,11,0,1
BRDA:96,12,0,1
BRDA:104,13,0,2
BRDA:66,14,0,17
BRDA:67,15,0,17
BRDA:77,16,0,7
BRDA:78,17,0,7
BRDA:106,18,0,2
BRDA:106,19,0,1
BRF:20
BRH:20
end_of_record
TN:
SF:src/contract/input/InputPresentationSchema.ts
FNF:0
FNH:0
DA:1,1
DA:3,1
DA:5,1
DA:7,1
DA:8,1
DA:9,1
DA:10,1
DA:11,1
DA:12,1
DA:13,1
DA:14,1
DA:15,1
DA:16,1
DA:17,1
DA:18,1
DA:19,1
DA:20,1
DA:21,1
DA:22,1
DA:23,1
DA:24,1
DA:25,1
DA:26,1
DA:27,3
DA:28,1
DA:29,1
DA:30,1
DA:31,1
DA:32,1
DA:33,1
DA:34,3
LF:31
LH:31
BRDA:26,0,0,3
BRDA:27,1,0,1
BRDA:27,2,0,1
BRF:3
BRH:3
end_of_record
TN:
SF:src/contract/input/validate-runtime-input-presentation.ts
FN:21,validateRuntimeInputPresentation
FN:38,parseRuntimeInputPresentation
FN:42,toRuntimeErrors
FNF:3
FNH:3
FNDA:3,validateRuntimeInputPresentation
FNDA:2,parseRuntimeInputPresentation
FNDA:2,toRuntimeErrors
DA:2,1
DA:21,1
DA:22,3
DA:24,3
DA:25,2
DA:26,2
DA:27,2
DA:28,2
DA:29,2
DA:31,1
DA:32,1
DA:33,1
DA:34,1
DA:35,1
DA:36,1
DA:38,1
DA:39,2
DA:40,2
DA:42,2
DA:43,2
DA:44,2
DA:45,2
DA:46,2
DA:47,2
DA:48,2
LF:25
LH:25
BRDA:21,0,0,3
BRDA:24,1,0,2
BRDA:29,2,0,1
BRDA:38,3,0,2
BRDA:42,4,0,2
BRDA:43,5,0,2
BRF:6
BRH:6
end_of_record
TN:
SF:src/contract/list-page/ListPagePresentationSchema.ts
FNF:0
FNH:0
DA:1,1
DA:2,1
DA:3,1
DA:4,1
DA:5,1
DA:6,1
DA:8,1
DA:9,1
DA:10,1
DA:11,1
DA:12,1
DA:13,1
DA:15,1
DA:16,1
DA:17,1
DA:18,1
DA:19,1
DA:20,1
DA:22,1
DA:23,1
DA:24,1
DA:25,1
DA:26,1
DA:27,1
DA:29,1
DA:30,1
DA:31,1
DA:32,1
DA:33,1
DA:34,1
DA:35,1
DA:37,1
DA:38,1
DA:39,1
DA:40,1
DA:41,1
DA:42,1
DA:44,1
DA:45,1
DA:46,1
DA:47,1
DA:48,1
DA:50,1
DA:51,1
DA:52,1
DA:53,1
DA:54,1
DA:55,1
DA:56,1
DA:57,1
DA:59,1
DA:60,1
DA:61,1
DA:62,1
DA:63,1
DA:64,1
DA:65,1
DA:66,1
DA:67,1
DA:68,1
DA:69,1
DA:70,1
DA:71,1
DA:72,1
DA:74,1
DA:75,1
DA:76,1
DA:78,1
DA:79,1
DA:80,1
DA:82,1
DA:84,1
DA:85,1
DA:87,1
DA:88,1
DA:89,1
DA:90,1
DA:91,6
DA:92,6
DA:94,6
DA:95,1
DA:96,1
DA:97,1
DA:98,1
DA:99,1
DA:100,1
DA:146,6
LF:87
LH:87
BRDA:90,0,0,6
BRDA:91,1,0,1
BRDA:91,2,0,5
BRDA:94,3,0,1
BRDA:103,4,0,1
BRDA:103,5,0,1
BRDA:112,6,0,1
BRDA:112,7,0,1
BRDA:121,8,0,1
BRDA:121,9,0,1
BRDA:130,10,0,1
BRDA:130,11,0,1
BRDA:139,12,0,1
BRDA:139,13,0,1
BRDA:91,14,0,2
BRDA:92,15,0,2
BRF:16
BRH:16
end_of_record
TN:
SF:src/contract/loading-state/LoadingStatePresentationSchema.ts
FNF:0
FNH:0
DA:1,1
DA:3,1
DA:5,1
DA:7,1
DA:9,1
DA:10,1
DA:11,1
DA:12,1
DA:13,1
DA:14,1
DA:15,1
DA:17,1
DA:18,1
DA:19,1
DA:20,1
DA:21,1
DA:22,1
DA:23,1
DA:24,1
DA:25,1
DA:26,1
DA:27,1
DA:28,4
DA:29,1
DA:30,1
DA:31,1
DA:32,1
DA:33,1
DA:34,1
DA:36,4
DA:37,1
DA:38,1
DA:39,1
DA:40,1
DA:41,1
DA:42,1
DA:43,4
LF:37
LH:37
BRDA:27,0,0,4
BRDA:28,1,0,1
BRDA:28,2,0,1
BRDA:36,3,0,1
BRDA:36,4,0,1
BRF:5
BRH:5
end_of_record
TN:
SF:src/contract/loading-state/validate-runtime-loading-state-presentation.ts
FN:21,validateRuntimeLoadingStatePresentation
FN:38,parseRuntimeLoadingStatePresentation
FN:42,toRuntimeErrors
FNF:3
FNH:3
FNDA:4,validateRuntimeLoadingStatePresentation
FNDA:2,parseRuntimeLoadingStatePresentation
FNDA:3,toRuntimeErrors
DA:2,1
DA:21,1
DA:22,4
DA:24,4
DA:25,3
DA:26,3
DA:27,3
DA:28,3
DA:29,3
DA:31,1
DA:32,1
DA:33,1
DA:34,1
DA:35,1
DA:36,1
DA:38,1
DA:39,2
DA:40,2
DA:42,3
DA:43,3
DA:44,3
DA:45,3
DA:46,3
DA:47,3
DA:48,3
LF:25
LH:25
BRDA:21,0,0,4
BRDA:24,1,0,3
BRDA:29,2,0,1
BRDA:38,3,0,2
BRDA:42,4,0,3
BRDA:43,5,0,3
BRF:6
BRH:6
end_of_record
TN:
SF:src/contract/metric-card/MetricCardPresentationSchema.ts
FNF:0
FNH:0
DA:1,1
DA:3,1
DA:5,1
DA:7,1
DA:9,1
DA:11,1
DA:12,1
DA:13,1
DA:14,1
DA:15,1
DA:16,1
DA:17,1
DA:18,1
DA:19,2
DA:20,1
DA:21,1
DA:22,1
DA:23,1
DA:24,1
DA:25,1
DA:26,2
DA:28,1
DA:29,1
DA:30,1
DA:31,1
DA:32,1
DA:33,1
DA:34,1
DA:35,1
DA:36,1
DA:37,1
DA:38,1
DA:39,1
DA:40,1
DA:41,1
DA:42,1
DA:43,1
DA:44,1
DA:45,1
DA:46,1
DA:47,1
DA:49,1
DA:50,1
DA:51,1
DA:52,1
DA:53,1
DA:54,1
DA:55,1
DA:56,1
DA:57,1
DA:58,1
DA:59,1
DA:60,1
DA:61,1
DA:62,1
DA:63,1
DA:64,1
DA:65,6
DA:66,1
DA:67,1
DA:68,1
DA:69,1
DA:70,1
DA:71,1
DA:73,6
DA:74,1
DA:75,1
DA:76,1
DA:77,1
DA:78,1
DA:79,1
DA:81,6
DA:82,1
DA:83,1
DA:84,1
DA:85,1
DA:86,1
DA:87,1
DA:88,6
LF:79
LH:79
BRDA:18,0,0,2
BRDA:19,1,0,1
BRDA:19,2,0,1
BRDA:64,3,0,6
BRDA:65,4,0,1
BRDA:73,5,0,1
BRDA:81,6,0,2
BRDA:81,7,0,1
BRF:8
BRH:8
end_of_record
TN:
SF:src/contract/metric-card/validate-runtime-metric-card-presentation.ts
FN:21,validateRuntimeMetricCardPresentation
FN:38,parseRuntimeMetricCardPresentation
FN:42,toRuntimeErrors
FNF:3
FNH:3
FNDA:6,validateRuntimeMetricCardPresentation
FNDA:2,parseRuntimeMetricCardPresentation
FNDA:5,toRuntimeErrors
DA:2,1
DA:21,1
DA:22,6
DA:24,6
DA:25,5
DA:26,5
DA:27,5
DA:28,5
DA:29,5
DA:31,1
DA:32,1
DA:33,1
DA:34,1
DA:35,1
DA:36,1
DA:38,1
DA:39,2
DA:40,2
DA:42,5
DA:43,5
DA:44,6
DA:45,6
DA:46,6
DA:47,5
DA:48,5
LF:25
LH:25
BRDA:21,0,0,6
BRDA:24,1,0,5
BRDA:29,2,0,1
BRDA:38,3,0,2
BRDA:42,4,0,5
BRDA:43,5,0,6
BRF:6
BRH:6
end_of_record
TN:
SF:src/contract/page-header/PageHeaderPresentationSchema.ts
FNF:0
FNH:0
DA:1,1
DA:3,1
DA:5,1
DA:7,1
DA:9,1
DA:10,1
DA:11,1
DA:12,1
DA:13,1
DA:14,1
DA:15,1
DA:17,1
DA:18,1
DA:19,1
DA:20,1
DA:21,1
DA:22,1
DA:23,1
DA:24,1
DA:25,1
DA:26,1
DA:27,1
DA:28,1
DA:29,1
DA:30,1
DA:31,1
DA:32,1
DA:33,1
DA:35,1
DA:36,1
DA:37,1
DA:38,1
DA:44,1
DA:50,1
DA:52,1
DA:53,1
DA:54,1
DA:55,1
DA:56,1
DA:57,1
DA:58,1
DA:59,10
DA:60,1
DA:61,1
DA:62,1
DA:63,1
DA:64,1
DA:65,1
DA:67,10
DA:68,1
DA:69,1
DA:70,1
DA:71,1
DA:72,1
DA:73,1
DA:74,10
DA:76,1
DA:77,1
DA:78,1
DA:79,1
DA:80,1
DA:82,1
DA:83,1
DA:84,1
DA:86,1
DA:87,1
DA:88,1
DA:90,1
DA:91,1
DA:93,1
DA:94,1
DA:96,1
DA:98,1
DA:99,1
DA:100,1
DA:101,1
DA:102,10
DA:103,10
DA:105,10
DA:106,1
DA:107,1
DA:108,1
DA:109,1
DA:110,1
DA:111,1
DA:113,10
DA:114,10
DA:116,10
DA:117,1
DA:118,1
DA:119,1
DA:120,1
DA:121,1
DA:122,1
DA:124,10
DA:125,10
DA:126,10
DA:127,10
DA:129,10
DA:130,1
DA:131,1
DA:132,1
DA:133,1
DA:134,1
DA:135,1
DA:137,10
DA:138,3
DA:139,3
DA:140,1
DA:141,1
DA:142,1
DA:143,1
DA:144,1
DA:145,1
DA:146,3
DA:148,10
DA:149,1
DA:150,1
DA:151,1
DA:152,1
DA:153,1
DA:154,1
DA:155,10
LF:123
LH:123
BRDA:58,0,0,10
BRDA:59,1,0,2
BRDA:59,2,0,1
BRDA:67,3,0,8
BRDA:67,4,0,1
BRDA:101,5,0,10
BRDA:102,6,0,9
BRDA:105,7,0,1
BRDA:113,8,0,9
BRDA:116,9,0,1
BRDA:124,10,0,7
BRDA:129,11,0,1
BRDA:137,12,0,3
BRDA:139,13,0,2
BRDA:139,14,0,1
BRDA:148,15,0,7
BRDA:148,16,0,1
BRDA:102,17,0,2
BRDA:103,18,0,2
BRDA:113,19,0,2
BRDA:114,20,0,2
BRDA:124,21,0,7
BRDA:126,22,0,7
BRDA:139,23,0,1
BRF:24
BRH:24
end_of_record
TN:
SF:src/contract/pagination/PaginationPresentationSchema.ts
FNF:0
FNH:0
DA:1,1
DA:3,1
DA:5,1
DA:7,1
DA:8,1
DA:9,1
DA:10,1
DA:11,1
DA:13,1
DA:14,1
DA:15,1
DA:16,1
DA:17,1
DA:18,1
DA:20,1
DA:21,1
DA:22,1
DA:23,1
DA:24,1
DA:25,1
DA:26,1
DA:28,1
DA:29,1
DA:30,1
DA:31,1
DA:32,1
DA:33,1
DA:34,1
DA:35,1
DA:36,1
DA:37,1
DA:38,1
DA:40,1
DA:41,1
DA:42,1
DA:43,1
DA:44,1
DA:45,1
DA:47,1
DA:48,1
DA:49,1
DA:50,1
DA:51,1
DA:52,1
DA:54,1
DA:55,1
DA:56,1
DA:58,1
DA:59,1
DA:60,1
DA:61,1
DA:62,1
DA:63,1
DA:65,1
DA:66,1
DA:67,1
DA:68,1
DA:69,6
DA:70,6
DA:71,1
DA:73,1
DA:74,1
DA:75,1
DA:76,1
DA:77,1
DA:78,1
DA:79,1
DA:80,1
DA:82,6
DA:83,6
DA:85,6
DA:86,1
DA:87,1
DA:88,1
DA:89,1
DA:90,1
DA:91,1
DA:93,6
DA:94,1
DA:95,1
DA:96,1
DA:97,1
DA:98,1
DA:99,1
DA:100,6
LF:85
LH:85
BRDA:68,0,0,6
BRDA:69,1,0,1
BRDA:70,2,0,1
BRDA:82,3,0,2
BRDA:83,4,0,2
BRDA:85,5,0,1
BRDA:85,6,0,1
BRDA:93,7,0,2
BRDA:93,8,0,1
BRDA:71,9,0,3
BRF:10
BRH:10
end_of_record
TN:
SF:src/contract/radio-group/RadioGroupPresentationSchema.ts
FNF:0
FNH:0
DA:1,1
DA:3,1
DA:5,1
DA:6,1
DA:7,1
DA:8,1
DA:9,1
DA:10,1
DA:11,1
DA:12,1
DA:14,1
DA:15,1
DA:16,1
DA:17,1
DA:18,1
DA:19,1
DA:20,1
DA:21,1
DA:22,1
DA:23,1
DA:24,1
DA:25,1
DA:26,1
DA:27,1
DA:28,1
DA:29,4
DA:30,1
DA:31,1
DA:32,1
DA:33,1
DA:34,1
DA:35,1
DA:37,4
DA:38,4
DA:39,4
DA:40,4
DA:42,4
DA:43,1
DA:44,1
DA:45,1
DA:46,1
DA:47,1
DA:48,1
DA:49,4
LF:44
LH:44
BRDA:28,0,0,4
BRDA:29,1,0,1
BRDA:29,2,0,1
BRDA:42,3,0,1
BRDA:37,4,0,5
BRDA:39,5,0,5
BRF:6
BRH:6
end_of_record
TN:
SF:src/contract/radio-group/validate-runtime-radio-group-presentation.ts
FN:21,validateRuntimeRadioGroupPresentation
FN:38,parseRuntimeRadioGroupPresentation
FN:42,toRuntimeErrors
FNF:3
FNH:3
FNDA:4,validateRuntimeRadioGroupPresentation
FNDA:2,parseRuntimeRadioGroupPresentation
FNDA:3,toRuntimeErrors
DA:2,1
DA:21,1
DA:22,4
DA:24,4
DA:25,3
DA:26,3
DA:27,3
DA:28,3
DA:29,3
DA:31,1
DA:32,1
DA:33,1
DA:34,1
DA:35,1
DA:36,1
DA:38,1
DA:39,2
DA:40,2
DA:42,3
DA:43,3
DA:44,3
DA:45,3
DA:46,3
DA:47,3
DA:48,3
LF:25
LH:25
BRDA:21,0,0,4
BRDA:24,1,0,3
BRDA:29,2,0,1
BRDA:38,3,0,2
BRDA:42,4,0,3
BRDA:43,5,0,3
BRF:6
BRH:6
end_of_record
TN:
SF:src/contract/select/SelectPresentationSchema.ts
FNF:0
FNH:0
DA:1,1
DA:3,1
DA:4,1
DA:5,1
DA:6,1
DA:7,1
DA:8,1
DA:9,1
DA:10,1
DA:11,1
DA:13,1
DA:14,1
DA:15,1
DA:16,1
DA:17,1
DA:18,1
DA:19,1
DA:20,1
DA:21,1
DA:22,1
DA:23,1
DA:24,1
DA:25,1
DA:26,1
DA:27,1
DA:28,1
DA:29,1
DA:30,4
DA:31,1
DA:32,1
DA:33,1
DA:34,1
DA:35,1
DA:36,1
DA:38,4
DA:39,4
DA:40,4
DA:41,4
DA:43,4
DA:44,1
DA:45,1
DA:46,1
DA:47,1
DA:48,1
DA:49,1
DA:50,4
LF:46
LH:46
BRDA:29,0,0,4
BRDA:30,1,0,1
BRDA:30,2,0,1
BRDA:43,3,0,1
BRDA:38,4,0,2
BRDA:40,5,0,2
BRF:6
BRH:6
end_of_record
TN:
SF:src/contract/select/validate-runtime-select-presentation.ts
FN:21,validateRuntimeSelectPresentation
FN:38,parseRuntimeSelectPresentation
FN:42,toRuntimeErrors
FNF:3
FNH:3
FNDA:4,validateRuntimeSelectPresentation
FNDA:2,parseRuntimeSelectPresentation
FNDA:3,toRuntimeErrors
DA:2,1
DA:21,1
DA:22,4
DA:24,4
DA:25,3
DA:26,3
DA:27,3
DA:28,3
DA:29,3
DA:31,1
DA:32,1
DA:33,1
DA:34,1
DA:35,1
DA:36,1
DA:38,1
DA:39,2
DA:40,2
DA:42,3
DA:43,3
DA:44,3
DA:45,3
DA:46,3
DA:47,3
DA:48,3
LF:25
LH:25
BRDA:21,0,0,4
BRDA:24,1,0,3
BRDA:29,2,0,1
BRDA:38,3,0,2
BRDA:42,4,0,3
BRDA:43,5,0,3
BRF:6
BRH:6
end_of_record
TN:
SF:src/contract/tabs/TabsPresentationSchema.ts
FNF:0
FNH:0
DA:1,1
DA:3,1
DA:5,1
DA:7,1
DA:8,1
DA:9,1
DA:10,1
DA:16,1
DA:22,1
DA:27,1
DA:29,1
DA:30,1
DA:31,1
DA:32,1
DA:33,1
DA:34,9
DA:35,1
DA:36,1
DA:37,1
DA:38,1
DA:39,1
DA:40,1
DA:42,9
DA:43,1
DA:44,1
DA:45,1
DA:46,1
DA:47,1
DA:48,1
DA:49,9
DA:51,1
DA:52,1
DA:53,1
DA:54,1
DA:55,1
DA:56,1
DA:58,1
DA:59,1
DA:60,1
DA:62,1
DA:68,1
DA:70,1
DA:72,1
DA:73,1
DA:74,1
DA:75,1
DA:76,9
DA:77,9
DA:79,9
DA:80,1
DA:81,1
DA:82,1
DA:83,1
DA:84,1
DA:85,1
DA:87,9
DA:88,1
DA:89,1
DA:90,1
DA:91,1
DA:92,1
DA:93,1
DA:94,9
LF:63
LH:63
BRDA:33,0,0,9
BRDA:34,1,0,2
BRDA:34,2,0,1
BRDA:42,3,0,7
BRDA:42,4,0,1
BRDA:75,5,0,9
BRDA:79,6,0,1
BRDA:87,7,0,2
BRDA:87,8,0,1
BRDA:76,9,0,9
BRDA:77,10,0,9
BRDA:87,11,0,2
BRF:12
BRH:12
end_of_record
TN:
SF:src/contract/textarea/TextareaPresentationSchema.ts
FNF:0
FNH:0
DA:1,1
DA:3,1
DA:4,1
DA:5,1
DA:6,1
DA:7,1
DA:8,1
DA:9,1
DA:10,1
DA:11,1
DA:12,1
DA:13,1
DA:14,1
DA:15,1
DA:16,1
DA:17,1
DA:18,1
DA:19,3
DA:20,1
DA:21,1
DA:22,1
DA:23,1
DA:24,1
DA:25,1
DA:26,3
LF:25
LH:25
BRDA:18,0,0,3
BRDA:19,1,0,1
BRDA:19,2,0,1
BRF:3
BRH:3
end_of_record
TN:
SF:src/contract/textarea/validate-runtime-textarea-presentation.ts
FN:21,validateRuntimeTextareaPresentation
FN:38,parseRuntimeTextareaPresentation
FN:42,toRuntimeErrors
FNF:3
FNH:3
FNDA:3,validateRuntimeTextareaPresentation
FNDA:2,parseRuntimeTextareaPresentation
FNDA:2,toRuntimeErrors
DA:2,1
DA:21,1
DA:22,3
DA:24,3
DA:25,2
DA:26,2
DA:27,2
DA:28,2
DA:29,2
DA:31,1
DA:32,1
DA:33,1
DA:34,1
DA:35,1
DA:36,1
DA:38,1
DA:39,2
DA:40,2
DA:42,2
DA:43,2
DA:44,2
DA:45,2
DA:46,2
DA:47,2
DA:48,2
LF:25
LH:25
BRDA:21,0,0,3
BRDA:24,1,0,2
BRDA:29,2,0,1
BRDA:38,3,0,2
BRDA:42,4,0,2
BRDA:43,5,0,2
BRF:6
BRH:6
end_of_record
TN:
SF:src/contract/toggle/TogglePresentationSchema.ts
FNF:0
FNH:0
DA:1,1
DA:3,1
DA:4,1
DA:5,1
DA:6,1
DA:7,1
DA:8,1
DA:9,1
DA:10,1
DA:11,1
DA:12,1
DA:13,1
DA:14,1
DA:15,1
DA:16,1
DA:17,3
DA:18,1
DA:19,1
DA:20,1
DA:21,1
DA:22,1
DA:23,1
DA:24,3
LF:23
LH:23
BRDA:16,0,0,3
BRDA:17,1,0,1
BRDA:17,2,0,1
BRF:3
BRH:3
end_of_record
TN:
SF:src/contract/toggle/validate-runtime-toggle-presentation.ts
FN:21,validateRuntimeTogglePresentation
FN:38,parseRuntimeTogglePresentation
FN:42,toRuntimeErrors
FNF:3
FNH:3
FNDA:3,validateRuntimeTogglePresentation
FNDA:2,parseRuntimeTogglePresentation
FNDA:2,toRuntimeErrors
DA:2,1
DA:21,1
DA:22,3
DA:24,3
DA:25,2
DA:26,2
DA:27,2
DA:28,2
DA:29,2
DA:31,1
DA:32,1
DA:33,1
DA:34,1
DA:35,1
DA:36,1
DA:38,1
DA:39,2
DA:40,2
DA:42,2
DA:43,2
DA:44,2
DA:45,2
DA:46,2
DA:47,2
DA:48,2
LF:25
LH:25
BRDA:21,0,0,3
BRDA:24,1,0,2
BRDA:29,2,0,1
BRDA:38,3,0,2
BRDA:42,4,0,2
BRDA:43,5,0,2
BRF:6
BRH:6
end_of_record
TN:
SF:src/validation/validate-presentation.ts
FN:28,validatePresentation
FN:233,isRecord
FN:237,toStructuralErrors
FNF:3
FNH:3
FNDA:64,validatePresentation
FNDA:64,isRecord
FNDA:48,toStructuralErrors
DA:2,1
DA:3,1
DA:4,1
DA:5,1
DA:6,1
DA:7,1
DA:8,1
DA:9,1
DA:10,1
DA:11,1
DA:12,1
DA:13,1
DA:14,1
DA:15,1
DA:28,1
DA:29,64
DA:30,2
DA:31,2
DA:32,2
DA:33,2
DA:34,2
DA:35,2
DA:36,2
DA:37,2
DA:38,2
DA:39,2
DA:40,2
DA:42,62
DA:43,64
DA:44,12
DA:46,12
DA:47,11
DA:48,11
DA:49,11
DA:50,11
DA:51,11
DA:53,1
DA:62,1
DA:63,1
DA:64,1
DA:65,1
DA:66,1
DA:67,1
DA:69,64
DA:70,5
DA:72,5
DA:73,3
DA:74,3
DA:75,3
DA:76,3
DA:77,3
DA:79,2
DA:80,5
DA:81,1
DA:82,1
DA:83,1
DA:84,1
DA:85,1
DA:87,1
DA:88,1
DA:89,1
DA:90,1
DA:91,1
DA:92,1
DA:94,64
DA:95,10
DA:97,10
DA:98,8
DA:99,8
DA:100,8
DA:101,8
DA:102,8
DA:104,2
DA:105,10
DA:106,1
DA:107,1
DA:108,1
DA:109,1
DA:110,1
DA:112,1
DA:113,1
DA:114,1
DA:115,1
DA:116,1
DA:117,1
DA:119,64
DA:120,10
DA:122,10
DA:123,8
DA:124,8
DA:125,8
DA:126,8
DA:127,8
DA:129,2
DA:130,10
DA:131,1
DA:132,1
DA:133,1
DA:134,1
DA:135,1
DA:137,1
DA:138,1
DA:139,1
DA:140,1
DA:141,1
DA:142,1
DA:144,64
DA:145,7
DA:147,7
DA:148,5
DA:149,5
DA:150,5
DA:151,5
DA:152,5
DA:154,2
DA:155,7
DA:156,1
DA:157,1
DA:158,1
DA:159,1
DA:160,1
DA:162,1
DA:163,1
DA:164,1
DA:165,1
DA:166,1
DA:167,1
DA:169,64
DA:170,11
DA:172,11
DA:173,9
DA:174,9
DA:175,9
DA:176,9
DA:177,9
DA:179,2
DA:180,11
DA:181,1
DA:182,1
DA:183,1
DA:184,1
DA:185,1
DA:187,1
DA:188,1
DA:189,1
DA:190,1
DA:191,1
DA:192,1
DA:194,64
DA:195,6
DA:197,6
DA:198,4
DA:199,4
DA:200,4
DA:201,4
DA:202,4
DA:204,2
DA:205,6
DA:206,1
DA:207,1
DA:208,1
DA:209,1
DA:210,1
DA:212,1
DA:213,1
DA:214,1
DA:215,1
DA:216,1
DA:217,1
DA:219,64
DA:220,1
DA:221,1
DA:222,1
DA:223,1
DA:224,1
DA:225,1
DA:226,1
DA:227,1
DA:228,1
DA:229,1
DA:230,64
DA:231,64
DA:233,64
DA:234,64
DA:235,64
DA:237,48
DA:238,48
DA:239,48
DA:240,48
DA:241,56
DA:242,56
DA:243,56
DA:244,48
DA:245,48
LF:194
LH:194
BRDA:28,0,0,64
BRDA:29,1,0,63
BRDA:29,2,0,2
BRDA:40,3,0,62
BRDA:43,4,0,12
BRDA:46,5,0,11
BRDA:51,6,0,1
BRDA:55,7,0,1
BRDA:60,8,0,1
BRDA:69,9,0,5
BRDA:72,10,0,3
BRDA:77,11,0,2
BRDA:80,12,0,1
BRDA:94,13,0,10
BRDA:97,14,0,8
BRDA:102,15,0,2
BRDA:105,16,0,1
BRDA:119,17,0,10
BRDA:122,18,0,8
BRDA:127,19,0,2
BRDA:130,20,0,1
BRDA:144,21,0,7
BRDA:147,22,0,5
BRDA:152,23,0,2
BRDA:155,24,0,1
BRDA:169,25,0,11
BRDA:172,26,0,9
BRDA:177,27,0,2
BRDA:180,28,0,1
BRDA:194,29,0,6
BRDA:197,30,0,4
BRDA:202,31,0,2
BRDA:205,32,0,1
BRDA:219,33,0,1
BRDA:233,34,0,64
BRDA:237,35,0,48
BRDA:240,36,0,56
BRF:37
BRH:37
end_of_record
TN:
SF:src/validation/semantic/validate-card-list-presentation.ts
FN:4,validateCardListPresentation
FNF:1
FNH:1
FNDA:15,validateCardListPresentation
DA:4,1
DA:5,15
DA:8,15
DA:9,1
DA:10,1
DA:11,1
DA:12,1
DA:13,1
DA:14,1
DA:17,15
DA:18,15
DA:19,3
DA:20,2
DA:21,15
DA:22,1
DA:23,1
DA:24,1
DA:25,1
DA:26,1
DA:27,1
DA:30,15
DA:31,15
DA:33,15
DA:34,1
DA:35,1
DA:36,1
DA:37,1
DA:38,1
DA:39,1
DA:42,15
DA:43,15
DA:45,15
DA:46,1
DA:47,1
DA:48,1
DA:49,1
DA:50,1
DA:51,1
DA:54,15
DA:55,15
DA:57,15
DA:58,1
DA:59,1
DA:60,1
DA:61,1
DA:62,1
DA:63,1
DA:66,15
DA:67,1
DA:68,1
DA:69,1
DA:70,1
DA:71,1
DA:72,1
DA:75,15
DA:76,7
DA:77,1
DA:78,1
DA:79,1
DA:80,1
DA:81,1
DA:82,1
DA:84,7
DA:85,1
DA:86,1
DA:87,1
DA:88,1
DA:89,1
DA:90,1
DA:91,7
DA:94,15
DA:95,5
DA:96,1
DA:97,1
DA:98,1
DA:99,1
DA:100,1
DA:101,1
DA:103,5
DA:104,1
DA:105,1
DA:106,1
DA:107,1
DA:108,1
DA:109,1
DA:110,5
DA:113,15
DA:114,5
DA:115,1
DA:116,1
DA:117,1
DA:118,1
DA:119,1
DA:120,1
DA:122,5
DA:123,1
DA:124,1
DA:125,1
DA:126,1
DA:127,1
DA:128,1
DA:129,5
DA:131,15
DA:132,15
LF:104
LH:104
BRDA:4,0,0,15
BRDA:8,1,0,14
BRDA:8,2,0,1
BRDA:18,3,0,3
BRDA:19,4,0,1
BRDA:19,5,0,2
BRDA:20,6,0,1
BRDA:21,7,0,1
BRDA:30,8,0,11
BRDA:33,9,0,1
BRDA:42,10,0,11
BRDA:45,11,0,1
BRDA:54,12,0,11
BRDA:57,13,0,1
BRDA:66,14,0,11
BRDA:66,15,0,1
BRDA:75,16,0,11
BRDA:75,17,0,7
BRDA:76,18,0,1
BRDA:76,19,0,1
BRDA:84,20,0,6
BRDA:84,21,0,1
BRDA:94,22,0,11
BRDA:94,23,0,5
BRDA:95,24,0,1
BRDA:103,25,0,1
BRDA:113,26,0,11
BRDA:113,27,0,5
BRDA:114,28,0,1
BRDA:122,29,0,1
BRDA:30,30,0,5
BRDA:31,31,0,5
BRDA:42,32,0,5
BRDA:43,33,0,5
BRDA:54,34,0,7
BRDA:55,35,0,7
BRF:36
BRH:36
end_of_record
TN:
SF:src/validation/semantic/validate-data-grid-presentation.ts
FN:4,validateDataGridPresentation
FNF:1
FNH:1
FNDA:11,validateDataGridPresentation
DA:4,1
DA:5,11
DA:8,11
DA:9,11
DA:11,11
DA:12,1
DA:13,1
DA:14,1
DA:15,1
DA:16,1
DA:17,1
DA:20,11
DA:21,11
DA:22,1
DA:23,1
DA:24,1
DA:25,1
DA:26,1
DA:27,1
DA:31,11
DA:32,11
DA:33,2
DA:34,2
DA:35,2
DA:36,2
DA:37,2
DA:38,2
DA:41,11
DA:42,11
DA:43,1
DA:44,1
DA:45,1
DA:46,1
DA:47,1
DA:48,1
DA:51,11
DA:52,2
DA:53,2
DA:54,2
DA:55,2
DA:56,2
DA:57,2
DA:60,11
DA:61,11
DA:63,11
DA:64,1
DA:65,1
DA:66,1
DA:67,1
DA:68,1
DA:69,1
DA:72,11
DA:73,1
DA:74,1
DA:75,1
DA:76,1
DA:77,1
DA:78,1
DA:81,11
DA:82,1
DA:83,1
DA:84,1
DA:85,1
DA:86,1
DA:87,1
DA:89,11
DA:90,11
LF:67
LH:67
BRDA:4,0,0,11
BRDA:11,1,0,1
BRDA:21,2,0,1
BRDA:32,3,0,2
BRDA:42,4,0,1
BRDA:51,5,0,2
BRDA:51,6,0,1
BRDA:51,7,0,2
BRDA:60,8,0,8
BRDA:63,9,0,1
BRDA:72,10,0,1
BRDA:72,11,0,1
BRDA:72,12,0,1
BRDA:81,13,0,1
BRDA:81,14,0,1
BRDA:81,15,0,1
BRDA:8,16,0,16
BRDA:9,17,0,16
BRDA:20,18,0,16
BRDA:31,19,0,15
BRDA:41,20,0,15
BRDA:60,21,0,3
BRDA:61,22,0,3
BRF:23
BRH:23
end_of_record
TN:
SF:src/validation/semantic/validate-detail-section-presentation.ts
FN:4,validateDetailSectionPresentation
FNF:1
FNH:1
FNDA:19,validateDetailSectionPresentation
DA:4,1
DA:5,19
DA:6,19
DA:7,19
DA:10,19
DA:11,2
DA:12,2
DA:13,2
DA:14,2
DA:15,2
DA:16,2
DA:19,19
DA:20,1
DA:21,1
DA:22,1
DA:23,1
DA:24,1
DA:25,1
DA:28,19
DA:29,19
DA:31,19
DA:32,1
DA:33,1
DA:34,1
DA:35,1
DA:36,1
DA:37,1
DA:40,19
DA:41,7
DA:42,1
DA:43,1
DA:44,1
DA:45,1
DA:46,1
DA:47,1
DA:49,7
DA:50,1
DA:51,1
DA:52,1
DA:53,1
DA:54,1
DA:55,1
DA:56,7
DA:59,19
DA:60,19
DA:61,19
DA:62,12
DA:63,12
DA:65,12
DA:66,1
DA:67,1
DA:68,1
DA:69,1
DA:70,1
DA:71,1
DA:73,12
DA:74,1
DA:75,1
DA:76,1
DA:77,1
DA:78,1
DA:79,1
DA:81,12
DA:82,12
DA:83,2
DA:84,1
DA:85,1
DA:86,12
DA:87,1
DA:88,1
DA:89,1
DA:90,1
DA:91,1
DA:92,1
DA:94,12
DA:95,12
DA:97,19
DA:98,2
DA:99,2
DA:101,2
DA:102,1
DA:103,1
DA:104,1
DA:105,1
DA:106,1
DA:107,1
DA:109,2
DA:110,1
DA:111,1
DA:112,1
DA:113,1
DA:114,1
DA:115,1
DA:117,2
DA:118,2
DA:120,19
DA:121,2
DA:122,1
DA:123,1
DA:124,1
DA:125,1
DA:126,1
DA:127,1
DA:129,2
DA:130,2
DA:132,19
DA:133,2
DA:134,1
DA:135,1
DA:136,1
DA:137,1
DA:138,1
DA:139,1
DA:141,2
DA:142,2
DA:144,19
DA:145,1
DA:146,19
DA:148,19
DA:149,19
LF:120
LH:120
BRDA:4,0,0,19
BRDA:10,1,0,2
BRDA:19,2,0,15
BRDA:19,3,0,1
BRDA:28,4,0,15
BRDA:31,5,0,1
BRDA:40,6,0,15
BRDA:40,7,0,7
BRDA:41,8,0,1
BRDA:41,9,0,1
BRDA:49,10,0,6
BRDA:49,11,0,1
BRDA:60,12,0,10
BRDA:61,13,0,12
BRDA:65,14,0,1
BRDA:73,15,0,1
BRDA:82,16,0,2
BRDA:83,17,0,1
BRDA:84,18,0,1
BRDA:86,19,0,1
BRDA:97,20,0,2
BRDA:101,21,0,1
BRDA:109,22,0,1
BRDA:120,23,0,2
BRDA:121,24,0,1
BRDA:132,25,0,2
BRDA:133,26,0,1
BRDA:144,27,0,1
BRDA:28,28,0,7
BRDA:29,29,0,7
BRDA:62,30,0,12
BRDA:63,31,0,12
BRDA:98,32,0,2
BRDA:99,33,0,2
BRF:34
BRH:34
end_of_record
TN:
SF:src/validation/semantic/validate-field-value-presentation.ts
FN:4,validateFieldValuePresentation
FNF:1
FNH:1
FNDA:12,validateFieldValuePresentation
DA:4,1
DA:5,12
DA:7,12
DA:8,12
DA:9,12
DA:10,12
DA:11,12
DA:14,12
DA:15,1
DA:16,1
DA:17,1
DA:18,1
DA:19,1
DA:20,1
DA:23,12
DA:24,1
DA:25,1
DA:26,1
DA:27,1
DA:28,1
DA:29,1
DA:31,12
DA:32,1
DA:33,1
DA:34,1
DA:35,1
DA:36,1
DA:37,1
DA:40,12
DA:41,1
DA:42,1
DA:43,1
DA:44,1
DA:45,1
DA:46,1
DA:48,12
DA:49,1
DA:50,1
DA:51,1
DA:52,1
DA:53,1
DA:54,1
DA:56,12
DA:57,1
DA:58,1
DA:59,1
DA:60,1
DA:61,1
DA:62,1
DA:66,12
DA:67,1
DA:68,1
DA:69,1
DA:70,1
DA:71,1
DA:72,1
DA:75,12
DA:76,1
DA:77,1
DA:78,1
DA:79,1
DA:80,1
DA:81,1
DA:83,12
DA:84,12
LF:65
LH:65
BRDA:4,0,0,12
BRDA:14,1,0,2
BRDA:14,2,0,1
BRDA:23,3,0,2
BRDA:23,4,0,1
BRDA:31,5,0,2
BRDA:31,6,0,1
BRDA:40,7,0,3
BRDA:40,8,0,1
BRDA:40,9,0,1
BRDA:48,10,0,3
BRDA:48,11,0,1
BRDA:48,12,0,1
BRDA:56,13,0,3
BRDA:56,14,0,1
BRDA:56,15,0,1
BRDA:66,16,0,2
BRDA:66,17,0,1
BRDA:75,18,0,1
BRDA:75,19,0,1
BRF:20
BRH:20
end_of_record
TN:
SF:src/validation/semantic/validate-form-field-presentation.ts
FN:4,validateFormFieldPresentation
FNF:1
FNH:1
FNDA:18,validateFormFieldPresentation
DA:4,1
DA:5,18
DA:8,18
DA:9,2
DA:10,2
DA:11,2
DA:12,2
DA:13,2
DA:14,2
DA:17,18
DA:18,1
DA:19,1
DA:20,1
DA:21,1
DA:22,1
DA:23,1
DA:25,18
DA:26,1
DA:27,1
DA:28,1
DA:29,1
DA:30,1
DA:31,1
DA:33,18
DA:34,1
DA:35,1
DA:36,1
DA:37,1
DA:38,1
DA:39,1
DA:41,18
DA:42,11
DA:43,1
DA:44,1
DA:45,1
DA:46,1
DA:47,1
DA:48,1
DA:50,11
DA:51,2
DA:52,2
DA:53,2
DA:54,2
DA:55,2
DA:56,2
DA:58,11
DA:59,1
DA:60,1
DA:61,1
DA:62,1
DA:63,1
DA:64,1
DA:65,11
DA:67,18
DA:68,1
DA:69,1
DA:70,1
DA:71,1
DA:72,1
DA:73,1
DA:75,18
DA:76,6
DA:77,1
DA:78,1
DA:79,1
DA:80,1
DA:81,1
DA:82,1
DA:84,6
DA:85,1
DA:86,1
DA:87,1
DA:88,1
DA:89,1
DA:90,1
DA:91,6
DA:93,18
DA:94,18
DA:96,18
DA:97,8
DA:98,8
DA:100,8
DA:101,1
DA:102,1
DA:103,1
DA:104,1
DA:105,1
DA:106,1
DA:108,8
DA:109,8
DA:110,8
DA:111,8
DA:113,8
DA:114,1
DA:115,1
DA:116,1
DA:117,1
DA:118,1
DA:119,1
DA:121,8
DA:122,8
DA:123,1
DA:124,1
DA:125,1
DA:126,1
DA:127,1
DA:128,1
DA:130,8
DA:131,1
DA:132,1
DA:133,1
DA:134,1
DA:135,1
DA:136,1
DA:137,8
DA:138,8
DA:140,18
DA:141,18
LF:118
LH:118
BRDA:4,0,0,18
BRDA:8,1,0,2
BRDA:17,2,0,1
BRDA:17,3,0,1
BRDA:25,4,0,1
BRDA:25,5,0,1
BRDA:33,6,0,1
BRDA:33,7,0,1
BRDA:41,8,0,11
BRDA:42,9,0,1
BRDA:50,10,0,2
BRDA:50,11,0,1
BRDA:50,12,0,2
BRDA:58,13,0,9
BRDA:58,14,0,1
BRDA:67,15,0,1
BRDA:67,16,0,1
BRDA:75,17,0,6
BRDA:76,18,0,1
BRDA:84,19,0,1
BRDA:94,20,0,7
BRDA:94,21,0,17
BRDA:94,22,0,1
BRDA:96,23,0,8
BRDA:100,24,0,1
BRDA:113,25,0,1
BRDA:122,26,0,1
BRDA:130,27,0,1
BRDA:97,28,0,8
BRDA:98,29,0,8
BRDA:108,30,0,8
BRDA:110,31,0,8
BRF:32
BRH:32
end_of_record
TN:
SF:src/validation/semantic/validate-form-section-presentation.ts
FN:4,validateFormSectionPresentation
FNF:1
FNH:1
FNDA:17,validateFormSectionPresentation
DA:4,1
DA:5,17
DA:7,17
DA:8,2
DA:9,2
DA:10,2
DA:11,2
DA:12,2
DA:13,2
DA:15,17
DA:16,1
DA:17,1
DA:18,1
DA:19,1
DA:20,1
DA:21,1
DA:23,17
DA:24,1
DA:25,1
DA:26,1
DA:27,1
DA:28,1
DA:29,1
DA:31,17
DA:32,1
DA:33,1
DA:34,1
DA:35,1
DA:36,1
DA:37,1
DA:39,17
DA:40,17
DA:42,17
DA:43,1
DA:44,1
DA:45,1
DA:46,1
DA:47,1
DA:48,1
DA:50,17
DA:51,2
DA:52,2
DA:53,2
DA:55,2
DA:56,1
DA:57,1
DA:58,1
DA:59,1
DA:60,1
DA:61,1
DA:62,2
DA:64,17
DA:65,1
DA:66,1
DA:67,1
DA:68,1
DA:69,1
DA:70,1
DA:72,17
DA:73,17
DA:75,17
DA:76,1
DA:77,1
DA:78,1
DA:79,1
DA:80,1
DA:81,1
DA:83,17
DA:84,8
DA:85,1
DA:86,1
DA:87,1
DA:88,1
DA:89,1
DA:90,1
DA:92,8
DA:93,1
DA:94,1
DA:95,1
DA:96,1
DA:97,1
DA:98,1
DA:100,8
DA:101,1
DA:102,1
DA:103,1
DA:104,1
DA:105,1
DA:106,1
DA:107,8
DA:109,17
DA:110,1
DA:111,1
DA:112,1
DA:113,1
DA:114,1
DA:115,1
DA:117,17
DA:118,17
LF:99
LH:99
BRDA:4,0,0,17
BRDA:7,1,0,2
BRDA:15,2,0,1
BRDA:23,3,0,1
BRDA:23,4,0,1
BRDA:31,5,0,2
BRDA:31,6,0,1
BRDA:42,7,0,1
BRDA:50,8,0,2
BRDA:55,9,0,1
BRDA:64,10,0,12
BRDA:64,11,0,1
BRDA:72,12,0,12
BRDA:75,13,0,1
BRDA:83,14,0,12
BRDA:83,15,0,8
BRDA:84,16,0,1
BRDA:92,17,0,1
BRDA:92,18,0,1
BRDA:100,19,0,7
BRDA:100,20,0,1
BRDA:109,21,0,1
BRDA:109,22,0,1
BRDA:39,23,0,18
BRDA:40,24,0,18
BRDA:52,25,0,2
BRDA:72,26,0,8
BRDA:73,27,0,8
BRF:28
BRH:28
end_of_record
TN:
SF:src/validation/semantic/validate-ikary-form-presentation.ts
FN:4,validateIkaryFormPresentation
FNF:1
FNH:1
FNDA:15,validateIkaryFormPresentation
DA:4,1
DA:5,15
DA:7,15
DA:8,2
DA:9,2
DA:10,2
DA:11,2
DA:12,2
DA:13,2
DA:15,15
DA:16,1
DA:17,1
DA:18,1
DA:19,1
DA:20,1
DA:21,1
DA:23,15
DA:24,1
DA:25,1
DA:26,1
DA:27,1
DA:28,1
DA:29,1
DA:31,15
DA:32,15
DA:34,15
DA:35,1
DA:36,1
DA:37,1
DA:38,1
DA:39,1
DA:40,1
DA:42,15
DA:43,15
DA:44,1
DA:45,1
DA:46,1
DA:47,1
DA:48,1
DA:49,1
DA:51,15
DA:52,1
DA:53,1
DA:54,1
DA:55,1
DA:56,1
DA:57,1
DA:59,15
DA:60,1
DA:61,1
DA:62,1
DA:63,1
DA:64,1
DA:65,1
DA:67,15
DA:68,1
DA:69,1
DA:70,1
DA:71,1
DA:72,1
DA:73,1
DA:75,15
DA:76,15
DA:79,1
LF:64
LH:64
BRDA:4,0,0,15
BRDA:7,1,0,2
BRDA:15,2,0,1
BRDA:23,3,0,2
BRDA:23,4,0,1
BRDA:34,5,0,1
BRDA:42,6,0,14
BRDA:43,7,0,1
BRDA:43,8,0,1
BRDA:51,9,0,3
BRDA:51,10,0,2
BRDA:51,11,0,1
BRDA:59,12,0,2
BRDA:59,13,0,1
BRDA:67,14,0,1
BRDA:31,15,0,15
BRDA:32,16,0,15
BRF:17
BRH:17
end_of_record
TN:
SF:src/validation/semantic/validate-list-page-presentation.ts
FN:4,validateListPagePresentation
FNF:1
FNH:1
FNDA:12,validateListPagePresentation
DA:4,1
DA:5,12
DA:8,12
DA:9,1
DA:10,1
DA:11,1
DA:12,1
DA:13,1
DA:14,1
DA:16,12
DA:17,1
DA:18,1
DA:19,1
DA:20,1
DA:21,1
DA:22,1
DA:24,12
DA:25,1
DA:26,1
DA:27,1
DA:28,1
DA:29,1
DA:30,1
DA:33,12
DA:34,1
DA:35,1
DA:36,1
DA:37,1
DA:38,1
DA:39,1
DA:41,12
DA:42,1
DA:43,1
DA:44,1
DA:45,1
DA:46,1
DA:47,1
DA:50,12
DA:51,12
DA:53,12
DA:54,1
DA:55,1
DA:56,1
DA:57,1
DA:58,1
DA:59,1
DA:62,12
DA:63,1
DA:64,1
DA:65,1
DA:66,1
DA:67,1
DA:68,1
DA:71,12
DA:72,1
DA:73,1
DA:74,1
DA:75,1
DA:76,1
DA:77,1
DA:80,12
DA:81,1
DA:82,1
DA:83,1
DA:84,1
DA:85,1
DA:86,1
DA:89,12
DA:90,1
DA:91,1
DA:92,1
DA:93,1
DA:94,1
DA:95,1
DA:98,12
DA:99,12
DA:100,1
DA:101,12
DA:102,1
DA:103,1
DA:104,1
DA:105,1
DA:106,1
DA:107,1
DA:109,12
DA:110,12
LF:86
LH:86
BRDA:4,0,0,12
BRDA:8,1,0,1
BRDA:8,2,0,1
BRDA:16,3,0,1
BRDA:16,4,0,1
BRDA:24,5,0,1
BRDA:24,6,0,1
BRDA:33,7,0,11
BRDA:33,8,0,1
BRDA:41,9,0,1
BRDA:41,10,0,1
BRDA:50,11,0,5
BRDA:50,12,0,2
BRDA:50,13,0,11
BRDA:53,14,0,1
BRDA:62,15,0,5
BRDA:62,16,0,1
BRDA:62,17,0,1
BRDA:62,18,0,1
BRDA:71,19,0,5
BRDA:71,20,0,2
BRDA:71,21,0,1
BRDA:71,22,0,1
BRDA:80,23,0,5
BRDA:80,24,0,1
BRDA:80,25,0,1
BRDA:80,26,0,1
BRDA:89,27,0,5
BRDA:89,28,0,1
BRDA:89,29,0,1
BRDA:99,30,0,1
BRDA:101,31,0,1
BRDA:50,32,0,2
BRDA:51,33,0,2
BRF:34
BRH:34
end_of_record
TN:
SF:src/validation/semantic/validate-page-header-presentation.ts
FN:4,validatePageHeaderPresentation
FN:120,validateAction
FNF:2
FNH:2
FNDA:18,validatePageHeaderPresentation
FNDA:15,validateAction
DA:4,1
DA:5,18
DA:8,18
DA:9,2
DA:10,2
DA:11,2
DA:12,2
DA:13,2
DA:14,2
DA:17,18
DA:18,18
DA:20,18
DA:21,1
DA:22,1
DA:23,1
DA:24,1
DA:25,1
DA:26,1
DA:29,18
DA:30,18
DA:32,18
DA:33,1
DA:34,1
DA:35,1
DA:36,1
DA:37,1
DA:38,1
DA:41,18
DA:42,18
DA:43,18
DA:44,18
DA:46,18
DA:47,1
DA:48,1
DA:49,1
DA:50,1
DA:51,1
DA:52,1
DA:55,18
DA:56,5
DA:58,5
DA:59,1
DA:60,1
DA:61,1
DA:62,1
DA:63,1
DA:64,1
DA:65,5
DA:68,18
DA:69,1
DA:70,1
DA:71,1
DA:72,1
DA:73,1
DA:74,1
DA:78,18
DA:79,1
DA:80,1
DA:81,1
DA:82,1
DA:83,1
DA:84,1
DA:87,18
DA:88,3
DA:89,1
DA:90,1
DA:91,1
DA:92,1
DA:93,1
DA:94,1
DA:95,3
DA:98,18
DA:99,3
DA:100,1
DA:101,1
DA:102,1
DA:103,1
DA:104,1
DA:105,1
DA:106,3
DA:109,18
DA:110,5
DA:111,5
DA:113,18
DA:114,10
DA:115,10
DA:117,18
DA:118,18
DA:120,15
DA:121,15
DA:128,15
DA:129,15
DA:130,15
DA:131,15
DA:132,2
DA:133,2
DA:134,2
DA:135,2
DA:136,2
DA:137,2
DA:139,15
DA:140,2
DA:141,2
DA:142,2
DA:143,2
DA:144,2
DA:145,2
DA:147,15
DA:148,2
DA:149,2
DA:150,2
DA:151,2
DA:152,2
DA:153,2
DA:154,15
LF:115
LH:115
BRDA:4,0,0,18
BRDA:8,1,0,2
BRDA:17,2,0,16
BRDA:20,3,0,1
BRDA:29,4,0,16
BRDA:32,5,0,1
BRDA:41,6,0,12
BRDA:46,7,0,1
BRDA:55,8,0,5
BRDA:58,9,0,4
BRDA:58,10,0,1
BRDA:68,11,0,12
BRDA:68,12,0,1
BRDA:78,13,0,5
BRDA:78,14,0,1
BRDA:87,15,0,16
BRDA:87,16,0,3
BRDA:88,17,0,1
BRDA:88,18,0,1
BRDA:98,19,0,16
BRDA:98,20,0,3
BRDA:99,21,0,1
BRDA:109,22,0,5
BRDA:113,23,0,12
BRDA:113,24,0,10
BRDA:17,25,0,3
BRDA:18,26,0,3
BRDA:29,27,0,3
BRDA:30,28,0,3
BRDA:41,29,0,10
BRDA:43,30,0,10
BRDA:58,31,0,1
BRDA:120,32,0,15
BRDA:131,33,0,2
BRDA:139,34,0,2
BRDA:139,35,0,2
BRDA:147,36,0,13
BRDA:147,37,0,2
BRF:38
BRH:38
end_of_record
TN:
SF:src/validation/semantic/validate-pagination-presentation.ts
FN:4,validatePaginationPresentation
FNF:1
FNH:1
FNDA:10,validatePaginationPresentation
DA:4,1
DA:5,10
DA:9,10
DA:10,2
DA:11,2
DA:12,2
DA:13,2
DA:14,2
DA:15,2
DA:18,10
DA:19,1
DA:20,1
DA:21,1
DA:22,1
DA:23,1
DA:24,1
DA:26,10
DA:27,1
DA:28,1
DA:29,1
DA:30,1
DA:31,1
DA:32,1
DA:36,10
DA:37,10
DA:39,10
DA:40,1
DA:41,1
DA:42,1
DA:43,1
DA:44,1
DA:45,1
DA:48,10
DA:49,3
DA:50,5
DA:51,2
DA:52,3
DA:54,3
DA:55,1
DA:56,1
DA:57,1
DA:58,1
DA:59,1
DA:60,1
DA:61,3
DA:64,10
DA:65,10
DA:66,10
DA:67,1
DA:68,10
DA:69,1
DA:70,1
DA:71,1
DA:72,1
DA:73,1
DA:74,1
DA:76,10
DA:77,10
LF:58
LH:58
BRDA:4,0,0,10
BRDA:9,1,0,2
BRDA:9,2,0,2
BRDA:18,3,0,3
BRDA:18,4,0,1
BRDA:26,5,0,3
BRDA:26,6,0,1
BRDA:36,7,0,3
BRDA:36,8,0,9
BRDA:37,9,0,3
BRDA:39,10,0,3
BRDA:39,11,0,1
BRDA:48,12,0,3
BRDA:54,13,0,1
BRDA:65,14,0,3
BRDA:66,15,0,3
BRDA:66,16,0,1
BRDA:68,17,0,1
BRDA:49,18,0,5
BRDA:50,19,0,3
BRDA:50,20,0,2
BRF:21
BRH:21
end_of_record
TN:
SF:src/validation/semantic/validate-tabs-presentation.ts
FN:4,validateTabsPresentation
FNF:1
FNH:1
FNDA:9,validateTabsPresentation
DA:4,1
DA:5,9
DA:8,9
DA:9,1
DA:10,1
DA:11,1
DA:12,1
DA:13,1
DA:14,1
DA:17,9
DA:18,9
DA:20,9
DA:21,1
DA:22,1
DA:23,1
DA:24,1
DA:25,1
DA:26,1
DA:29,9
DA:30,1
DA:31,1
DA:32,1
DA:33,1
DA:34,1
DA:35,1
DA:38,9
DA:39,9
DA:40,1
DA:41,1
DA:42,1
DA:43,1
DA:44,1
DA:45,1
DA:47,9
DA:48,1
DA:49,1
DA:50,1
DA:51,1
DA:52,1
DA:53,1
DA:55,9
DA:56,1
DA:57,1
DA:58,1
DA:59,1
DA:60,1
DA:61,1
DA:63,9
DA:64,1
DA:65,1
DA:66,1
DA:67,1
DA:68,1
DA:69,1
DA:70,9
DA:73,9
DA:74,1
DA:75,1
DA:76,1
DA:77,1
DA:78,1
DA:79,1
DA:81,9
DA:82,9
LF:64
LH:64
BRDA:4,0,0,9
BRDA:8,1,0,1
BRDA:20,2,0,1
BRDA:29,3,0,1
BRDA:29,4,0,1
BRDA:39,5,0,1
BRDA:39,6,0,1
BRDA:47,7,0,8
BRDA:47,8,0,1
BRDA:55,9,0,1
BRDA:63,10,0,1
BRDA:63,11,0,1
BRDA:73,12,0,1
BRDA:73,13,0,1
BRDA:73,14,0,1
BRDA:73,15,0,1
BRDA:17,16,0,9
BRDA:18,17,0,9
BRDA:29,18,0,1
BRF:19
BRH:19
end_of_record
