TN:
SF:src/load-file.ts
FN:11,loadManifestFromFile
FNF:1
FNH:1
FNDA:4,loadManifestFromFile
DA:1,1
DA:2,1
DA:3,1
DA:4,1
DA:11,4
DA:12,4
DA:13,4
DA:14,4
DA:15,4
DA:17,4
DA:18,1
DA:19,1
DA:20,1
DA:21,1
DA:22,1
DA:24,3
DA:26,3
DA:27,4
DA:28,4
DA:29,2
DA:30,4
DA:31,1
DA:38,4
DA:39,4
LF:24
LH:24
BRDA:11,0,0,4
BRDA:17,1,0,2
BRDA:17,2,0,2
BRDA:17,3,0,1
BRDA:22,4,0,3
BRDA:27,5,0,2
BRDA:28,6,0,2
BRDA:30,7,0,1
BRDA:33,8,0,1
BRF:9
BRH:9
end_of_record
TN:
SF:src/load-json.ts
FN:8,loadManifestFromJson
FNF:1
FNH:1
FNDA:7,loadManifestFromJson
DA:1,1
DA:2,1
DA:8,1
DA:9,7
DA:10,7
DA:11,7
DA:12,7
DA:13,7
DA:14,7
DA:15,7
DA:16,1
DA:17,1
DA:18,1
DA:19,1
DA:20,1
DA:22,1
DA:23,1
DA:24,1
DA:25,1
DA:26,1
DA:28,6
DA:29,7
DA:31,7
DA:32,7
LF:24
LH:24
BRDA:8,0,0,7
BRDA:15,1,0,1
BRDA:21,2,0,1
BRDA:26,3,0,6
BRDA:29,4,0,1
BRDA:29,5,0,1
BRDA:29,6,0,5
BRF:7
BRH:7
end_of_record
TN:
SF:src/load-yaml.ts
FN:15,loadManifestFromYaml
FNF:1
FNH:1
FNDA:12,loadManifestFromYaml
DA:1,1
DA:2,1
DA:3,1
DA:15,1
DA:16,12
DA:17,12
DA:18,12
DA:19,12
DA:20,12
DA:21,12
DA:22,12
DA:23,1
DA:24,1
DA:25,1
DA:26,1
DA:27,1
DA:29,1
DA:30,1
DA:31,1
DA:32,1
DA:33,1
DA:35,11
DA:36,12
DA:38,12
DA:39,12
LF:25
LH:25
BRDA:15,0,0,12
BRDA:22,1,0,1
BRDA:28,2,0,1
BRDA:33,3,0,11
BRDA:36,4,0,3
BRDA:36,5,0,3
BRDA:36,6,0,8
BRF:7
BRH:7
end_of_record
TN:
SF:src/strip-meta.ts
FN:11,stripMeta
FN:32,isPlainObject
FNF:2
FNH:2
FNDA:374,stripMeta
FNDA:45,isPlainObject
DA:11,1
DA:12,374
DA:14,374
DA:16,33
DA:17,33
DA:18,33
DA:19,33
DA:21,104
DA:22,104
DA:24,374
DA:25,320
DA:26,308
DA:27,308
DA:29,104
DA:30,104
DA:32,45
DA:33,45
DA:34,45
LF:18
LH:18
BRDA:11,0,0,374
BRDA:12,1,0,373
BRDA:12,2,0,361
BRDA:12,3,0,237
BRDA:12,4,0,137
BRDA:14,5,0,33
BRDA:19,6,0,104
BRDA:24,7,0,320
BRDA:25,8,0,12
BRDA:25,9,0,308
BRDA:27,10,0,104
BRDA:17,11,0,45
BRDA:17,12,0,41
BRDA:17,13,0,7
BRDA:32,14,0,45
BRDA:33,15,0,41
BRDA:33,16,0,41
BRF:17
BRH:17
end_of_record
