TN:
SF:src/primitives/entity-header/resolver.ts
FN:4,entityHeaderResolver
FNF:1
FNH:1
FNDA:3,entityHeaderResolver
DA:1,1
DA:4,1
DA:5,3
DA:6,3
DA:7,3
DA:8,3
DA:9,3
DA:10,3
DA:11,3
LF:9
LH:9
BRDA:4,0,0,3
BRDA:5,1,0,1
BRDA:7,2,0,2
BRDA:8,3,0,2
BRDA:9,4,0,2
BRF:5
BRH:5
end_of_record
TN:
SF:src/query/utils/applyFilters.ts
FN:4,matchRule
FN:36,applyFilters
FNF:2
FNH:2
FNDA:81,matchRule
FNDA:32,applyFilters
DA:2,1
DA:4,81
DA:5,81
DA:6,81
DA:7,81
DA:8,18
DA:9,81
DA:10,3
DA:11,81
DA:12,6
DA:13,81
DA:14,9
DA:15,81
DA:16,6
DA:17,81
DA:18,3
DA:19,81
DA:20,6
DA:21,81
DA:22,6
DA:23,81
DA:24,6
DA:25,81
DA:26,6
DA:27,81
DA:28,6
DA:29,81
DA:30,3
DA:31,81
DA:32,3
DA:33,81
DA:34,81
DA:36,1
DA:37,32
DA:38,30
DA:39,78
DA:40,87
DA:41,78
DA:42,78
DA:43,30
DA:44,30
LF:41
LH:41
BRDA:4,0,0,81
BRDA:7,1,0,18
BRDA:9,2,0,3
BRDA:11,3,0,6
BRDA:13,4,0,9
BRDA:15,5,0,6
BRDA:17,6,0,3
BRDA:19,7,0,6
BRDA:20,8,0,3
BRDA:21,9,0,6
BRDA:22,10,0,3
BRDA:23,11,0,6
BRDA:24,12,0,3
BRDA:25,13,0,6
BRDA:26,14,0,3
BRDA:27,15,0,6
BRDA:28,16,0,4
BRDA:29,17,0,3
BRDA:30,18,0,2
BRDA:31,19,0,3
BRDA:36,20,0,32
BRDA:37,21,0,31
BRDA:37,22,0,2
BRDA:37,23,0,30
BRDA:38,24,0,78
BRDA:42,25,0,75
BRDA:42,26,0,3
BRDA:39,27,0,87
BRDA:40,28,0,6
BRDA:40,29,0,81
BRF:30
BRH:30
end_of_record
TN:
SF:src/query/utils/applySort.ts
FN:3,applySort
FNF:1
FNH:1
FNDA:10,applySort
DA:3,1
DA:4,10
DA:5,8
DA:6,22
DA:7,23
DA:8,23
DA:9,23
DA:10,23
DA:11,23
DA:12,23
DA:13,1
DA:14,8
DA:15,8
LF:13
LH:13
BRDA:3,0,0,10
BRDA:4,1,0,9
BRDA:4,2,0,2
BRDA:4,3,0,8
BRDA:5,4,0,22
BRDA:6,5,0,23
BRDA:10,6,0,5
BRDA:10,7,0,5
BRDA:10,8,0,18
BRDA:10,9,0,1
BRDA:10,10,0,2
BRDA:11,11,0,21
BRDA:11,12,0,15
BRDA:11,13,0,6
BRDA:12,14,0,1
BRF:15
BRH:15
end_of_record
TN:
SF:src/query/utils/delay.ts
FN:1,delay
FNF:1
FNH:1
FNDA:2,delay
DA:1,1
DA:2,2
DA:3,2
LF:3
LH:3
BRDA:1,0,0,2
BRDA:2,1,0,2
BRDA:2,2,0,1
BRF:3
BRH:3
end_of_record
TN:
SF:src/query/utils/paginate.ts
FN:3,paginate
FNF:1
FNH:1
FNDA:4,paginate
DA:3,1
DA:4,4
DA:5,4
DA:6,4
DA:7,4
DA:8,4
DA:9,4
DA:10,4
DA:11,4
DA:12,4
LF:10
LH:10
BRDA:3,0,0,4
BRF:1
BRH:1
end_of_record
TN:
SF:src/query/utils/projectFields.ts
FN:1,projectFields
FNF:1
FNH:1
FNDA:3,projectFields
DA:1,1
DA:2,3
DA:3,1
DA:4,1
LF:4
LH:4
BRDA:1,0,0,3
BRDA:2,1,0,2
BRDA:2,2,0,2
BRDA:2,3,0,1
BRDA:3,4,0,3
BRF:5
BRH:5
end_of_record
TN:
SF:src/resolver/resolveValue.ts
FN:3,resolveValue
FN:12,resolveBinding
FNF:2
FNH:2
FNDA:14,resolveValue
FNDA:16,resolveBinding
DA:3,1
DA:4,14
DA:5,19
DA:6,17
DA:7,17
DA:8,2
DA:9,14
DA:10,14
DA:12,1
DA:13,16
DA:14,14
DA:15,9
DA:16,8
DA:17,8
DA:18,1
DA:19,1
DA:20,1
DA:21,9
DA:22,3
DA:23,3
LF:20
LH:20
BRDA:3,0,0,14
BRDA:4,1,0,19
BRDA:5,2,0,18
BRDA:5,3,0,17
BRDA:7,4,0,2
BRDA:12,5,0,16
BRDA:13,6,0,4
BRDA:13,7,0,14
BRDA:13,8,0,12
BRDA:14,9,0,9
BRDA:15,10,0,8
BRDA:17,11,0,1
BRDA:21,12,0,3
BRF:13
BRH:13
end_of_record
